Log file open, 04/07/15 16:29:45
LogInit:Display: Running engine for game: IngenuityBasic
LogInit: Version: 4.7.4-0+++depot+UE4-Releases+4.7
LogInit: API Version: 0
LogInit: Compiled (64-bit): Mar 25 2015 02:32:27
LogInit: Compiled with Visual C++: 18.00.31101.00
LogInit: Build Configuration: Development
LogInit: Branch Name: ++depot+UE4-Releases+4.7
LogInit: Command line: 
LogInit: Base directory: D:/UE4/source code/UnrealEngine-4.7/UnrealEngine-4.7/Engine/Binaries/Win64/
LogInit: Rocket: 0
[2015.04.07-14.29.46:070][  0]LogTaskGraph: Started task graph with 3 named threads and 6 total threads.
[2015.04.07-14.29.46:135][  0]LogOnline:Warning: No default platform service specified for OnlineSubsystem
[2015.04.07-14.29.46:165][  0]LogInit: Presizing for 0 objects not considered by GC, pre-allocating 0 bytes.
[2015.04.07-14.29.46:190][  0]LogInit: Object subsystem initialized
[2015.04.07-14.29.46:194][  0]LogConsoleResponse:Warning: Skipping Unknown console variable: 'TranslucentSortAxis = (X=0.000000,Y=-1.000000,Z=0.000000)'
[2015.04.07-14.29.46:194][  0]LogConsoleResponse:Warning:   Found in ini file 'D:/Github/Ingenuity/IngenuityBasic/Saved/Config/Windows/Engine.ini', in section '[/Script/Engine.RendererSettings]'
[2015.04.07-14.29.46:194][  0]LogConsoleResponse:Warning: Skipping Unknown console variable: 'UIScaleRule = ShortestSide'
[2015.04.07-14.29.46:194][  0]LogConsoleResponse:Warning:   Found in ini file 'D:/Github/Ingenuity/IngenuityBasic/Saved/Config/Windows/Engine.ini', in section '[/Script/Engine.RendererSettings]'
[2015.04.07-14.29.46:194][  0]LogConsoleResponse:Warning: Skipping Unknown console variable: 'UIScaleCurve = (EditorCurveData=(Keys=),ExternalCurve=None)'
[2015.04.07-14.29.46:194][  0]LogConsoleResponse:Warning:   Found in ini file 'D:/Github/Ingenuity/IngenuityBasic/Saved/Config/Windows/Engine.ini', in section '[/Script/Engine.RendererSettings]'
[2015.04.07-14.29.46:195][  0]LogInit: Selected Device Profile: [Windows]
[2015.04.07-14.29.46:195][  0]LogInit: Applying CVar settings loaded from the selected device profile: [Windows]
[2015.04.07-14.29.46:276][  0]LogInit: Computer: TAZDINGO
[2015.04.07-14.29.46:276][  0]LogInit: User: VolJin
[2015.04.07-14.29.46:276][  0]LogInit: CPU Page size=4096, Cores=4
[2015.04.07-14.29.46:276][  0]LogInit: High frequency timer resolution =2.143486 MHz
[2015.04.07-14.29.46:276][  0]LogMemory: Memory total: Physical=7.9GB (8GB approx) Virtual=131072.0GB
[2015.04.07-14.29.46:277][  0]LogMemory: Platform Memory Stats for Windows
[2015.04.07-14.29.46:277][  0]LogMemory: Process Physical Memory: 45.63 MB used, 45.63 MB peak
[2015.04.07-14.29.46:277][  0]LogMemory: Process Virtual Memory: 22.44 MB used, 22.45 MB peak
[2015.04.07-14.29.46:277][  0]LogMemory: Physical Memory: 2593.66 MB used, 8108.79 MB total
[2015.04.07-14.29.46:277][  0]LogMemory: Virtual Memory: 288.31 MB used, 134217728.00 MB total
[2015.04.07-14.29.46:424][  0]LogD3D11RHI: Found D3D11 adapter 0: Intel(R) HD Graphics 4600 (Feature Level 11_0)
[2015.04.07-14.29.46:424][  0]LogD3D11RHI: Adapter has 0MB of dedicated video memory, 0MB of dedicated system memory, and 1792MB of shared system memory, 1 output[s]
[2015.04.07-14.29.46:451][  0]LogD3D11RHI: Found D3D11 adapter 1: NVIDIA GeForce GTX 760M (Feature Level 11_0)
[2015.04.07-14.29.46:451][  0]LogD3D11RHI: Adapter has 1988MB of dedicated video memory, 0MB of dedicated system memory, and 2048MB of shared system memory, 0 output[s]
[2015.04.07-14.29.46:454][  0]LogD3D11RHI: Found D3D11 adapter 2: Microsoft Basic Render Driver (Feature Level 11_0)
[2015.04.07-14.29.46:454][  0]LogD3D11RHI: Adapter has 0MB of dedicated video memory, 0MB of dedicated system memory, and 256MB of shared system memory, 0 output[s]
[2015.04.07-14.29.46:454][  0]LogD3D11RHI: Chosen D3D11 Adapter Id = 0
[2015.04.07-14.29.46:464][  0]LogRHI: Texture pool is 1361 MB (70% of 1945 MB)
[2015.04.07-14.29.46:490][  0]LogD3D11RHI: Async texture creation enabled
[2015.04.07-14.29.46:591][  0]LogTextLocalizationManager: The requested culture ('de_DE') has no localization data; falling back to 'en' for localization and internationalization data.
[2015.04.07-14.29.46:809][  0]LogTextLocalizationManager:Warning: Loading localization resources contain conflicting entries for (Namespace:UICommands, Key:Save_ToolTip):
Resource: (D:/UE4/source code/UnrealEngine-4.7/UnrealEngine-4.7/Engine/Content/Localization/Editor/en/Editor.locres) Hash: (-29098895) String: (Saves the current level to disk)
Resource: (D:/UE4/source code/UnrealEngine-4.7/UnrealEngine-4.7/Engine/Content/Localization/Engine/en/Engine.locres) Hash: (-1280300587) String: (Save selected data to vlog file)
[2015.04.07-14.29.46:809][  0]LogTextLocalizationManager:Warning: Loading localization resources contain conflicting entries for (Namespace:ContentBrowser, Key:ImportAssetToolTip):
Resource: (D:/UE4/source code/UnrealEngine-4.7/UnrealEngine-4.7/Engine/Content/Localization/Editor/en/Editor.locres) Hash: (-630476809) String: (Import to {0}...)
Resource: (D:/UE4/source code/UnrealEngine-4.7/UnrealEngine-4.7/Engine/Content/Localization/Editor/en/Editor.locres) Hash: (1271782899) String: (Imports an asset from file to this folder.)
[2015.04.07-14.29.47:017][  0]LogContentStreaming: Texture pool size is 0.000000MB
[2015.04.07-14.29.52:549][  0]LogTargetPlatformManager:Display: Building Assets For Windows
[2015.04.07-14.29.53:626][  0]LogTargetPlatformManager:Display: Building Assets For Windows
[2015.04.07-14.29.53:750][  0]LogDerivedDataCache:Display: Max Cache Size: 512 MB
[2015.04.07-14.29.54:346][  0]LogDerivedDataCache: Loaded boot cache 0.53s 40MB ../../../../../../../Github/Ingenuity/IngenuityBasic/DerivedDataCache/Boot.ddc.
[2015.04.07-14.29.54:346][  0]LogDerivedDataCache:Display: Loaded Boot cache: ../../../../../../../Github/Ingenuity/IngenuityBasic/DerivedDataCache/Boot.ddc
[2015.04.07-14.29.54:346][  0]LogDerivedDataCache: FDerivedDataBackendGraph:  Pak pak cache file ../../../../../../../Github/Ingenuity/IngenuityBasic/DerivedDataCache/DDC.ddp not found, will not use a pak cache.
[2015.04.07-14.29.54:346][  0]LogDerivedDataCache: Unable to find inner node Pak for hierarchical cache Hierarchy.
[2015.04.07-14.29.54:346][  0]LogDerivedDataCache: FDerivedDataBackendGraph:  EnginePak pak cache file ../../../Engine/DerivedDataCache/DDC.ddp not found, will not use a pak cache.
[2015.04.07-14.29.54:346][  0]LogDerivedDataCache: Unable to find inner node EnginePak for hierarchical cache Hierarchy.
[2015.04.07-14.29.54:375][  0]LogDerivedDataCache: Using Local data cache path ../../../Engine/DerivedDataCache: Writable
[2015.04.07-14.29.54:375][  0]LogDerivedDataCache: Shared data cache path not found in *engine.ini, will not use an Shared cache.
[2015.04.07-14.29.54:375][  0]LogDerivedDataCache: Unable to find inner node Shared for hierarchical cache Hierarchy.
[2015.04.07-14.29.55:217][  0]LogMeshUtilities: No automatic mesh reduction module available
[2015.04.07-14.29.55:217][  0]LogMeshUtilities: No automatic mesh merging module available
[2015.04.07-14.29.56:490][  0]LogInit: WinSock: version 1.1 (2.2), MaxSocks=32767, MaxUdp=65467
[2015.04.07-14.29.56:647][  0]LogSlate:Warning: Failed to load font data from '../../../Engine/Content/Slate/Fonts/Roboto-Italic.ttf'
[2015.04.07-14.29.58:560][  0]UdpMessaging: Initializing bridge on interface 0.0.0.0:0 to multicast group 230.0.0.1:6666.
[2015.04.07-14.29.58:946][  0]SourceControl: Info Source control is disabled
[2015.04.07-14.29.58:946][  0]SourceControl: Info Source control is disabled
[2015.04.07-14.29.58:946][  0]SourceControl: Info Source control is disabled
[2015.04.07-14.29.58:946][  0]LogSourceControl: RunCommandInternalRaw: 'git version'
[2015.04.07-14.29.58:946][  0]LogSourceControl: RunCommandInternalRaw: ExecProcess ReturnCode=2 OutResults=''
[2015.04.07-14.29.58:962][  0]SourceControl: Info Source control is disabled
[2015.04.07-14.29.59:666][  0]LogObj: 24371 objects as part of root set at end of initial load.
[2015.04.07-14.29.59:666][  0]LogUObjectAllocator: 5175440 out of 0 bytes used by permanent object pool.
[2015.04.07-14.29.59:836][  0]LogEngine: Initializing Engine...
[2015.04.07-14.30.02:237][  0]LogInit: XAudio2 using 'Speakers (Realtek High Definition Audio)' : 2 channels at 48 kHz using 32 bits per sample (channel mask 0x3)
[2015.04.07-14.30.02:288][  0]LogInit: FAudioDevice initialized.
[2015.04.07-14.30.02:360][  0]LogAIModule: Creating AISystem for world NewWorld
[2015.04.07-14.30.02:402][  0]LogDerivedDataCache: Saved boot cache 0.04s 40MB ../../../../../../../Github/Ingenuity/IngenuityBasic/DerivedDataCache/Boot.ddc.
[2015.04.07-14.30.02:408][  0]LogInit: Texture streaming: Enabled
[2015.04.07-14.30.02:603][  0]LogAnalytics: Creating configured Analytics provider AnalyticsET
[2015.04.07-14.30.02:603][  0]LogAnalytics: ET APIKey = UnrealEngine.Release. APIServer = http://etsource.epicgames.com/ET2/. AppVersion = 4.7.4-0+++depot+UE4-Releases+4.7
[2015.04.07-14.30.02:604][  0]LogAnalytics: SetUserId c98b79d14844094ad4256e87f54b579a|b11a4e7304504cc2a52d02214ea30f55|55325a2e-fcbf-49b6-ade6-f98150735238
[2015.04.07-14.30.02:604][  0]LogAnalytics: AnalyticsET::StartSession [UnrealEngine.Release]
[2015.04.07-14.30.02:644][  0]LogInit: Transaction tracking system initialized
[2015.04.07-14.30.02:939][  0]BlueprintLog: New page: Editor Load
[2015.04.07-14.30.02:990][  0]LogAssetRegistry: FAssetRegistry took 0.0110 seconds to start up
[2015.04.07-14.30.02:991][  0]LogDirectoryWatcher:Warning: Failed to begin reading directory changes for ../../../Engine/Plugins/Experimental/CharacterAI/Content/. Error: 0
[2015.04.07-14.30.04:085][  0]LogTargetPlatformManager:Display: Building Assets For Windows
[2015.04.07-14.30.04:926][  0]LogTargetPlatformManager:Display: Building Assets For Windows
[2015.04.07-14.30.05:455][  0]LogSlate:Warning: Failed to load font data from '../../../Engine/Content/Editor/Slate/Fonts/Roboto-Regular.ttf'
[2015.04.07-14.30.05:456][  0]LogSlate:Warning: Failed to load font data from '../../../Engine/Content/Editor/Slate/Fonts/Roboto-Bold.ttf'
[2015.04.07-14.30.05:467][  0]LogConsoleResponse:Display: 
[2015.04.07-14.30.05:920][  0]LogCook:Display: Done creating registry. It took  0.00s.
[2015.04.07-14.30.06:182][  0]SourceControl: Info Source control is disabled
[2015.04.07-14.30.06:183][  0]Cmd: MAP LOAD FILE="../../../../../../../Github/Ingenuity/IngenuityBasic/Content/FirstPersonBP/Maps/FirstPersonExampleMap.umap" TEMPLATE=0 SHOWPROGRESS=1 FEATURELEVEL=3
[2015.04.07-14.30.06:241][  0]LightingResults: New page: Lighting Build
[2015.04.07-14.30.06:271][  0]MapCheck: New page: Map Check
[2015.04.07-14.30.06:271][  0]LightingResults: New page: Lighting Build
[2015.04.07-14.30.06:286][  0]LogParticles: Destroying 0 GPU particle simulations for FXSystem 0x000000D6511CF4C0
[2015.04.07-14.30.12:274][  0]LogEditorServer: Finished looking for orphan Actors (0.000 secs)
[2015.04.07-14.30.15:118][  0]LogAIModule: Creating AISystem for world FirstPersonExampleMap
[2015.04.07-14.30.15:132][  0]Cmd: MAP CHECKDEP
[2015.04.07-14.30.15:133][  0]MapCheck: New page: FirstPersonExampleMap - Apr 7, 2015, 6:30:15 PM
[2015.04.07-14.30.15:354][  0]MapCheck: Info Map check complete: 0 Error(s), 0 Warning(s), took 220.054ms to complete.
[2015.04.07-14.30.15:354][  0]LogFileHelpers: Loading map 'FirstPersonExampleMap' took 9.171
[2015.04.07-14.30.16:379][  0]LogCollectionManager: Loaded 0 collections in 0.003024 seconds
[2015.04.07-14.30.16:413][  0]LogContentBrowser: Native class hierarchy populated in 0.0326 seconds. Added 1701 classes and 262 folders.
[2015.04.07-14.30.16:588][  0]LogContentBrowser:Verbose: The content browser source was changed by the sources view to '/Game'
[2015.04.07-14.30.16:673][  0]LogContentBrowser: Native class hierarchy updated for 'SceneOutliner' in 0.0043 seconds. Added 1 classes and 2 folders.
[2015.04.07-14.30.17:124][  0]LogCrashTracker: Crashtracker disabled due to settings.
[2015.04.07-14.30.17:150][  0]LogSlate:Warning: Failed to load font data from 'Veranda'
[2015.04.07-14.30.17:290][  0]LogUObjectGlobals:Warning: Failed to find object 'Class None.'
[2015.04.07-14.30.17:347][  0]LogLoad: Full Startup: 35.06 seconds (BP compile: 1.49 seconds)
[2015.04.07-14.30.18:382][  0]LogRenderer:Warning: Reallocating scene render targets to support 768x456 (Frame:2).
[2015.04.07-14.30.24:307][ 14]LogAssetRegistry: Asset discovery search completed in 21.3284 seconds
[2015.04.07-14.32.10:340][ 68]LogPlayLevel: PIE:  No blueprints needed recompiling
[2015.04.07-14.32.10:927][ 68]PIE: New page: PIE session: FirstPersonExampleMap (Apr 7, 2015, 6:32:10 PM)
[2015.04.07-14.32.10:980][ 68]LogPlayLevel: PIE: StaticDuplicateObject took: (0.051705s)
[2015.04.07-14.32.10:982][ 68]LogPlayLevel: PIE: World Init took: (0.001258s)
[2015.04.07-14.32.10:982][ 68]LogPlayLevel: PIE: Created PIE world by copying editor world from /Game/FirstPersonBP/Maps/FirstPersonExampleMap.FirstPersonExampleMap to /Game/FirstPersonBP/Maps/UEDPIE_0_FirstPersonExampleMap.FirstPersonExampleMap (0.053413s)
[2015.04.07-14.32.11:450][ 68]LogWorld: Game class is 'FirstPersonGameMode_C'
[2015.04.07-14.32.11:563][ 68]LogAIModule: Creating AISystem for world FirstPersonExampleMap
[2015.04.07-14.32.11:593][ 68]LogWorld: Bringing World /Game/FirstPersonBP/Maps/UEDPIE_0_FirstPersonExampleMap.FirstPersonExampleMap up for play (max tick rate 0) at 2015.04.07-16.32.11
[2015.04.07-14.32.11:595][ 68]LogWorld: Bringing up level for play took: 0.030268
[2015.04.07-14.32.11:681][ 68]PIE: Info Play in editor start time for /Game/FirstPersonBP/Maps/UEDPIE_0_FirstPersonExampleMap 0.699
[2015.04.07-14.32.14:353][130]LogBlueprintUserMessages: Spawning Actor
[2015.04.07-14.32.17:371][213]LogBlueprintUserMessages: Reloaded
[2015.04.07-14.32.18:155][235]LogBlueprintUserMessages: Spawning Actor
[2015.04.07-14.32.21:176][323]LogBlueprintUserMessages: Reloaded
[2015.04.07-14.32.22:387][359]LogBlueprintUserMessages: Projectile Stopped
[2015.04.07-14.32.23:237][382]LogBlueprintUserMessages: Spawning Actor
[2015.04.07-14.32.25:285][439]LogBlueprintUserMessages: Projectile Stopped
[2015.04.07-14.32.26:242][467]LogBlueprintUserMessages: Reloaded
[2015.04.07-14.32.30:963][614]LogBlueprintUserMessages: Projectile Stopped
[2015.04.07-14.32.40:431][896]LogBlueprintUserMessages: Spawning Actor
[2015.04.07-14.32.40:948][910]LogBlueprintUserMessages: Projectile Stopped
[2015.04.07-14.32.43:450][985]LogBlueprintUserMessages: Reloaded
[2015.04.07-14.33.10:289][820]LogBlueprintUserMessages: Spawning Actor
[2015.04.07-14.33.11:132][840]LogBlueprintUserMessages: Projectile Stopped
[2015.04.07-14.33.11:576][851]LogActorComponent: UnregisterComponent: (/Engine/Transient.ProjectileMovementComponent_2) Not registered. Aborting.
[2015.04.07-14.33.13:303][888]LogBlueprintUserMessages: Reloaded
[2015.04.07-14.37.39:896][336]LogBlueprintUserMessages: Spawning Actor
[2015.04.07-14.37.40:965][374]LogBlueprintUserMessages: Projectile Stopped
[2015.04.07-14.37.42:918][449]LogBlueprintUserMessages: Reloaded
[2015.04.07-14.37.44:476][509]LogBlueprintUserMessages: Spawning Actor
[2015.04.07-14.37.46:153][571]LogBlueprintUserMessages: Projectile Stopped
[2015.04.07-14.37.47:479][622]LogBlueprintUserMessages: Reloaded
[2015.04.07-14.37.50:160][726]LogBlueprintUserMessages: Spawning Actor
[2015.04.07-14.37.50:825][750]LogBlueprintUserMessages: Projectile Stopped
[2015.04.07-14.37.53:186][841]LogBlueprintUserMessages: Reloaded
[2015.04.07-14.37.53:878][868]LogBlueprintUserMessages: Spawning Actor
[2015.04.07-14.37.54:945][907]LogBlueprintUserMessages: Projectile Stopped
[2015.04.07-14.37.56:892][982]LogBlueprintUserMessages: Reloaded
[2015.04.07-14.37.57:125][991]LogBlueprintUserMessages: Spawning Actor
[2015.04.07-14.38.00:042][101]LogBlueprintUserMessages: Projectile Stopped
[2015.04.07-14.38.00:149][105]LogBlueprintUserMessages: Reloaded
[2015.04.07-14.38.00:816][131]LogBlueprintUserMessages: Spawning Actor
[2015.04.07-14.38.03:842][246]LogBlueprintUserMessages: Reloaded
[2015.04.07-14.38.06:753][336]LogBlueprintUserMessages: Spawning Actor
[2015.04.07-14.38.06:914][336]LogParticles: Destroying 0 GPU particle simulations for FXSystem 0x000000D608F8F740
[2015.04.07-14.38.11:021][487]LogEditorViewport: Clicking Background
[2015.04.07-14.38.12:823][555]LogEditorViewport: Clicking on Actor (LMB): BP_Sky_Sphere_C (SkySphereBlueprint)
[2015.04.07-14.38.12:958][555]LogEditorViewport: Clicking on Component (LMB): StaticMeshComponent (Sky Sphere mesh)
[2015.04.07-14.38.22:959][807]LogActorComponent: UnregisterComponent: (/Engine/Transient.ProjectileMovementComponent_2) Not registered. Aborting.
[2015.04.07-14.38.29:214][807]LogSavePackage: Save=5741.678223ms
[2015.04.07-14.38.29:214][807]LogSavePackage: Moving '../../../../../../../Github/Ingenuity/IngenuityBasic/Saved/UEDPCFirstPersonExampleMap458912A0486F8BD55A270E8585814C44.tmp' to '../../../../../../../Github/Ingenuity/IngenuityBasic/Saved/Autosaves/Game/FirstPersonBP/Maps/UEDPCFirstPersonExampleMap.umap'
[2015.04.07-14.54.30:406][914]LogActorComponent: UnregisterComponent: (/Engine/Transient.ProjectileMovementComponent_2) Not registered. Aborting.
[2015.04.07-14.54.32:071][915]Cmd: QUIT_EDITOR
[2015.04.07-14.54.32:669][915]LogExit: Preparing to exit.
[2015.04.07-14.54.33:532][915]LogExit: Editor shut down
[2015.04.07-14.54.33:532][915]LogExit: Transaction tracking system shut down
[2015.04.07-14.54.33:534][915]LogParticles: Destroying 0 GPU particle simulations for FXSystem 0x000000D645B16480
[2015.04.07-14.54.33:535][915]LogParticles: Destroying 0 GPU particle simulations for FXSystem 0x000000D677527100
[2015.04.07-14.54.33:535][915]LogParticles: Destroying 0 GPU particle simulations for FXSystem 0x000000D642B6AAC0
[2015.04.07-14.54.33:536][915]LogParticles: Destroying 0 GPU particle simulations for FXSystem 0x000000D6796CB380
[2015.04.07-14.54.33:539][915]LogParticles: Destroying 0 GPU particle simulations for FXSystem 0x000000D67C0FE660
[2015.04.07-14.54.33:539][915]LogParticles: Destroying 0 GPU particle simulations for FXSystem 0x000000D6431A6B60
[2015.04.07-14.54.33:907][915]LogParticles: Destroying 0 GPU particle simulations for FXSystem 0x000000D6431A72E0
[2015.04.07-14.54.33:907][915]LogExit: Object subsystem successfully closed.
[2015.04.07-14.54.34:000][915]LogModuleManager: Shutting down and abandoning module CrashTracker (173)
[2015.04.07-14.54.34:000][915]LogModuleManager: Shutting down and abandoning module SuperSearch (172)
[2015.04.07-14.54.34:000][915]LogModuleManager: Shutting down and abandoning module SceneOutliner (171)
[2015.04.07-14.54.34:000][915]LogModuleManager: Shutting down and abandoning module EditorWidgets (170)
[2015.04.07-14.54.34:000][915]LogModuleManager: Shutting down and abandoning module CollectionManager (169)
[2015.04.07-14.54.34:051][915]LogModuleManager: Shutting down and abandoning module StatsViewer (168)
[2015.04.07-14.54.34:051][915]LogModuleManager: Shutting down and abandoning module FoliageEdit (167)
[2015.04.07-14.54.34:051][915]LogModuleManager: Shutting down and abandoning module LandscapeEditor (166)
[2015.04.07-14.54.34:051][915]LogModuleManager: Shutting down and abandoning module MeshPaint (165)
[2015.04.07-14.54.34:051][915]LogModuleManager: Shutting down and abandoning module ActorPickerMode (164)
[2015.04.07-14.54.34:051][915]LogModuleManager: Shutting down and abandoning module GeometryMode (163)
[2015.04.07-14.54.34:051][915]LogModuleManager: Shutting down and abandoning module TextureAlignMode (162)
[2015.04.07-14.54.34:051][915]LogModuleManager: Shutting down and abandoning module BspMode (161)
[2015.04.07-14.54.34:052][915]LogModuleManager: Shutting down and abandoning module PlacementMode (160)
[2015.04.07-14.54.34:052][915]LogModuleManager: Shutting down and abandoning module AutomationWorker (159)
[2015.04.07-14.54.34:052][915]LogModuleManager: Shutting down and abandoning module CharacterAI (158)
[2015.04.07-14.54.34:052][915]LogModuleManager: Shutting down and abandoning module SmartSnapping (157)
[2015.04.07-14.54.34:052][915]LogModuleManager: Shutting down and abandoning module ViewportSnapping (156)
[2015.04.07-14.54.34:052][915]LogModuleManager: Shutting down and abandoning module LogVisualizer (155)
[2015.04.07-14.54.34:063][915]LogModuleManager: Shutting down and abandoning module GameProjectGeneration (154)
[2015.04.07-14.54.34:063][915]LogModuleManager: Shutting down and abandoning module IntroTutorials (153)
[2015.04.07-14.54.34:063][915]LogModuleManager: Shutting down and abandoning module EditorLiveStreaming (152)
[2015.04.07-14.54.34:063][915]LogModuleManager: Shutting down and abandoning module HardwareTargeting (151)
[2015.04.07-14.54.34:063][915]LogModuleManager: Shutting down and abandoning module DeviceProfileEditor (150)
[2015.04.07-14.54.34:063][915]LogModuleManager: Shutting down and abandoning module UndoHistory (149)
[2015.04.07-14.54.34:063][915]LogModuleManager: Shutting down and abandoning module GameplayTagsEditor (148)
[2015.04.07-14.54.34:063][915]LogModuleManager: Shutting down and abandoning module UserFeedback (147)
[2015.04.07-14.54.34:063][915]LogModuleManager: Shutting down and abandoning module XmlParser (146)
[2015.04.07-14.54.34:063][915]LogModuleManager: Shutting down and abandoning module Blutility (145)
[2015.04.07-14.54.34:063][915]LogModuleManager: Shutting down and abandoning module IOSPlatformEditor (144)
[2015.04.07-14.54.34:063][915]LogModuleManager: Shutting down and abandoning module IOSRuntimeSettings (143)
[2015.04.07-14.54.34:063][915]LogModuleManager: Shutting down and abandoning module AndroidDeviceDetection (142)
[2015.04.07-14.54.34:946][915]LogModuleManager: Shutting down and abandoning module AndroidPlatformEditor (141)
[2015.04.07-14.54.34:946][915]LogModuleManager: Shutting down and abandoning module AndroidRuntimeSettings (140)
[2015.04.07-14.54.34:946][915]LogModuleManager: Shutting down and abandoning module ProjectTargetPlatformEditor (139)
[2015.04.07-14.54.34:946][915]LogModuleManager: Shutting down and abandoning module ProjectSettingsViewer (138)
[2015.04.07-14.54.34:946][915]LogModuleManager: Shutting down and abandoning module InputBindingEditor (137)
[2015.04.07-14.54.34:947][915]LogModuleManager: Shutting down and abandoning module EditorSettingsViewer (136)
[2015.04.07-14.54.34:947][915]LogModuleManager: Shutting down and abandoning module SettingsEditor (135)
[2015.04.07-14.54.34:947][915]LogModuleManager: Shutting down and abandoning module ProjectLauncher (134)
[2015.04.07-14.54.34:947][915]LogModuleManager: Shutting down and abandoning module SessionFrontend (133)
[2015.04.07-14.54.34:947][915]LogModuleManager: Shutting down and abandoning module ProfilerClient (132)
[2015.04.07-14.54.34:947][915]LogModuleManager: Shutting down and abandoning module TargetDeviceServices (131)
[2015.04.07-14.54.34:947][915]LogModuleManager: Shutting down and abandoning module DeviceManager (130)
[2015.04.07-14.54.34:948][915]LogModuleManager: Shutting down and abandoning module AutomationController (129)
[2015.04.07-14.54.34:948][915]LogModuleManager: Shutting down and abandoning module AutomationWindow (128)
[2015.04.07-14.54.34:948][915]LogModuleManager: Shutting down and abandoning module Layers (127)
[2015.04.07-14.54.34:948][915]LogModuleManager: Shutting down and abandoning module ComponentVisualizers (126)
[2015.04.07-14.54.34:948][915]LogModuleManager: Shutting down and abandoning module DetailCustomizations (125)
[2015.04.07-14.54.34:948][915]LogModuleManager: Shutting down and abandoning module PackagesDialog (124)
[2015.04.07-14.54.34:948][915]LogModuleManager: Shutting down and abandoning module AssetRegistry (123)
[2015.04.07-14.54.35:004][915]LogModuleManager: Shutting down and abandoning module Persona (122)
[2015.04.07-14.54.35:005][915]LogModuleManager: Shutting down and abandoning module SlateReflector (121)
[2015.04.07-14.54.35:005][915]LogModuleManager: Shutting down and abandoning module LevelEditor (120)
[2015.04.07-14.54.35:007][915]LogModuleManager: Shutting down and abandoning module Kismet (119)
[2015.04.07-14.54.35:008][915]LogModuleManager: Shutting down and abandoning module GraphEditor (118)
[2015.04.07-14.54.35:008][915]LogModuleManager: Shutting down and abandoning module ClassViewer (117)
[2015.04.07-14.54.35:008][915]LogModuleManager: Shutting down and abandoning module Toolbox (116)
[2015.04.07-14.54.35:008][915]LogModuleManager: Shutting down and abandoning module ModuleUI (115)
[2015.04.07-14.54.35:008][915]LogModuleManager: Shutting down and abandoning module MovieSceneTools (114)
[2015.04.07-14.54.35:008][915]LogModuleManager: Shutting down and abandoning module OutputLog (113)
[2015.04.07-14.54.35:008][915]LogModuleManager: Shutting down and abandoning module GammaUI (112)
[2015.04.07-14.54.35:008][915]LogModuleManager: Shutting down and abandoning module Documentation (111)
[2015.04.07-14.54.35:008][915]LogModuleManager: Shutting down and abandoning module GameLiveStreaming (110)
[2015.04.07-14.54.35:008][915]LogModuleManager: Shutting down and abandoning module StreamingPauseRendering (109)
[2015.04.07-14.54.35:008][915]LogModuleManager: Shutting down and abandoning module HTTP (108)
[2015.04.07-14.54.35:009][915]LogModuleManager: Shutting down and abandoning module AnalyticsET (107)
[2015.04.07-14.54.35:009][915]LogModuleManager: Shutting down and abandoning module Analytics (106)
[2015.04.07-14.54.35:009][915]LogModuleManager: Shutting down and abandoning module AITestSuite (105)
[2015.04.07-14.54.35:009][915]LogModuleManager: Shutting down and abandoning module GameplayDebugger (104)
[2015.04.07-14.54.35:009][915]LogModuleManager: Shutting down and abandoning module AIModule (103)
[2015.04.07-14.54.35:009][915]LogModuleManager: Shutting down and abandoning module ProfilerService (102)
[2015.04.07-14.54.35:138][915]LogModuleManager: Shutting down and abandoning module TaskGraph (101)
[2015.04.07-14.54.35:138][915]LogModuleManager: Shutting down and abandoning module SlateRemote (100)
[2015.04.07-14.54.35:138][915]LogModuleManager: Shutting down and abandoning module ScriptEditorPlugin (99)
[2015.04.07-14.54.35:138][915]LogModuleManager: Shutting down and abandoning module LeapMotionController (98)
[2015.04.07-14.54.35:210][915]LogModuleManager: Shutting down and abandoning module CustomMeshComponent (97)
[2015.04.07-14.54.35:210][915]LogModuleManager: Shutting down and abandoning module CableComponent (96)
[2015.04.07-14.54.35:210][915]LogModuleManager: Shutting down and abandoning module MessagingDebugger (95)
[2015.04.07-14.54.35:210][915]LogModuleManager: Shutting down and abandoning module MediaPlayerEditor (94)
[2015.04.07-14.54.35:210][915]LogModuleManager: Shutting down and abandoning module SpeedTreeImporter (93)
[2015.04.07-14.54.35:210][915]LogModuleManager: Shutting down and abandoning module PluginsEditor (92)
[2015.04.07-14.54.35:210][915]LogModuleManager: Shutting down and abandoning module MainFrame (91)
[2015.04.07-14.54.35:210][915]LogModuleManager: Shutting down and abandoning module EpicSurvey (90)
[2015.04.07-14.54.35:255][915]LogModuleManager: Shutting down and abandoning module DesktopPlatform (89)
[2015.04.07-14.54.35:255][915]LogModuleManager: Shutting down and abandoning module DirectoryWatcher (88)
[2015.04.07-14.54.35:255][915]LogModuleManager: Shutting down and abandoning module HotReload (87)
[2015.04.07-14.54.35:256][915]LogModuleManager: Shutting down and abandoning module VisualStudioSourceCodeAccess (86)
[2015.04.07-14.54.35:256][915]LogModuleManager: Shutting down and abandoning module UObjectPlugin (85)
[2015.04.07-14.54.35:256][915]LogModuleManager: Shutting down and abandoning module SubversionSourceControl (84)
[2015.04.07-14.54.35:256][915]LogModuleManager: Shutting down and abandoning module PerforceSourceControl (83)
[2015.04.07-14.54.35:256][915]LogModuleManager: Shutting down and abandoning module SourceControl (82)
[2015.04.07-14.54.35:256][915]LogModuleManager: Shutting down and abandoning module GitSourceControl (81)
[2015.04.07-14.54.35:256][915]LogModuleManager: Shutting down and abandoning module BlankPlugin (80)
[2015.04.07-14.54.35:256][915]LogModuleManager: Shutting down and abandoning module PaperTiledImporter (79)
[2015.04.07-14.54.35:256][915]LogModuleManager: Shutting down and abandoning module PaperJsonImporter (78)
[2015.04.07-14.54.35:256][915]LogModuleManager: Shutting down and abandoning module ContentBrowser (77)
[2015.04.07-14.54.35:257][915]LogModuleManager: Shutting down and abandoning module Paper2DEditor (76)
[2015.04.07-14.54.35:258][915]LogModuleManager: Shutting down and abandoning module ScriptPlugin (75)
[2015.04.07-14.54.35:258][915]LogModuleManager: Shutting down and abandoning module UdpMessaging (74)
[2015.04.07-14.54.35:358][915]LogModuleManager: Shutting down and abandoning module Paper2D (73)
[2015.04.07-14.54.35:358][915]LogModuleManager: Shutting down and abandoning module WindowsMoviePlayer (72)
[2015.04.07-14.54.35:365][915]LogModuleManager: Shutting down and abandoning module Media (71)
[2015.04.07-14.54.35:365][915]LogModuleManager: Shutting down and abandoning module WmfMedia (70)
[2015.04.07-14.54.35:365][915]LogModuleManager: Shutting down and abandoning module OnlineBlueprintSupport (69)
[2015.04.07-14.54.35:365][915]LogModuleManager: Shutting down and abandoning module PropertyEditor (68)
[2015.04.07-14.54.35:365][915]LogModuleManager: Shutting down and abandoning module BehaviorTreeEditor (67)
[2015.04.07-14.54.35:365][915]LogModuleManager: Shutting down and abandoning module FunctionalTesting (66)
[2015.04.07-14.54.35:365][915]LogModuleManager: Shutting down and abandoning module CollisionAnalyzer (65)
[2015.04.07-14.54.35:365][915]LogModuleManager: Shutting down and abandoning module WorkspaceMenuStructure (64)
[2015.04.07-14.54.35:365][915]LogModuleManager: Shutting down and abandoning module MessageLog (63)
[2015.04.07-14.54.35:366][915]LogModuleManager: Shutting down and abandoning module Sequencer (62)
[2015.04.07-14.54.35:366][915]LogModuleManager: Shutting down and abandoning module AssetTools (61)
[2015.04.07-14.54.35:366][915]LogModuleManager: Shutting down and abandoning module UMGEditor (60)
[2015.04.07-14.54.35:366][915]LogModuleManager: Shutting down and abandoning module UMG (59)
[2015.04.07-14.54.35:366][915]LogModuleManager: Shutting down and abandoning module Slate (58)
[2015.04.07-14.54.35:366][915]LogModuleManager: Shutting down and abandoning module EditorStyle (57)
[2015.04.07-14.54.35:375][915]LogModuleManager: Shutting down and abandoning module SessionServices (56)
[2015.04.07-14.54.35:375][915]LogModuleManager: Shutting down and abandoning module SourceCodeAccess (55)
[2015.04.07-14.54.35:375][915]LogModuleManager: Shutting down and abandoning module HeadMountedDisplay (54)
[2015.04.07-14.54.35:375][915]LogModuleManager: Shutting down and abandoning module XAudio2 (53)
[2015.04.07-14.54.35:375][915]LogModuleManager: Shutting down and abandoning module Networking (51)
[2015.04.07-14.54.35:375][915]LogModuleManager: Shutting down and abandoning module Core (50)
[2015.04.07-14.54.35:375][915]LogModuleManager: Shutting down and abandoning module KismetCompiler (49)
[2015.04.07-14.54.35:375][915]LogModuleManager: Shutting down and abandoning module PhysXFormats (48)
[2015.04.07-14.54.35:375][915]LogModuleManager: Shutting down and abandoning module MeshUtilities (47)
[2015.04.07-14.54.35:375][915]LogModuleManager: Shutting down and abandoning module DerivedDataCache (46)
[2015.04.07-14.54.35:447][915]LogDerivedDataCache: Shutdown
[2015.04.07-14.54.35:447][915]LogModuleManager: Shutting down and abandoning module ShaderFormatOpenGL (45)
[2015.04.07-14.54.35:447][915]LogModuleManager: Shutting down and abandoning module ShaderFormatD3D (44)
[2015.04.07-14.54.35:447][915]LogModuleManager: Shutting down and abandoning module MetalShaderFormat (43)
[2015.04.07-14.54.35:447][915]LogModuleManager: Shutting down and abandoning module TextureFormatUncompressed (42)
[2015.04.07-14.54.35:447][915]LogModuleManager: Shutting down and abandoning module TextureFormatPVR (41)
[2015.04.07-14.54.35:447][915]LogModuleManager: Shutting down and abandoning module TextureFormatIntelISPCTexComp (40)
[2015.04.07-14.54.35:447][915]LogModuleManager: Shutting down and abandoning module TextureFormatDXT (39)
[2015.04.07-14.54.35:447][915]LogModuleManager: Shutting down and abandoning module ImageWrapper (38)
[2015.04.07-14.54.35:447][915]LogModuleManager: Shutting down and abandoning module TextureFormatASTC (37)
[2015.04.07-14.54.35:447][915]LogModuleManager: Shutting down and abandoning module AudioFormatOpus (36)
[2015.04.07-14.54.35:447][915]LogModuleManager: Shutting down and abandoning module AudioFormatOgg (35)
[2015.04.07-14.54.35:448][915]LogModuleManager: Shutting down and abandoning module AudioFormatADPCM (34)
[2015.04.07-14.54.35:448][915]LogModuleManager: Shutting down and abandoning module Messaging (33)
[2015.04.07-14.54.35:448][915]LogModuleManager: Shutting down and abandoning module IOSTargetPlatform (32)
[2015.04.07-14.54.35:448][915]LogModuleManager: Shutting down and abandoning module HTML5TargetPlatform (31)
[2015.04.07-14.54.35:448][915]LogModuleManager: Shutting down and abandoning module Android_PVRTCTargetPlatform (30)
[2015.04.07-14.54.35:448][915]LogModuleManager: Shutting down and abandoning module Android_ETC2TargetPlatform (29)
[2015.04.07-14.54.35:448][915]LogModuleManager: Shutting down and abandoning module Android_ETC1TargetPlatform (28)
[2015.04.07-14.54.35:448][915]LogModuleManager: Shutting down and abandoning module Android_DXTTargetPlatform (27)
[2015.04.07-14.54.35:448][915]LogModuleManager: Shutting down and abandoning module Android_ATCTargetPlatform (26)
[2015.04.07-14.54.35:448][915]LogModuleManager: Shutting down and abandoning module AndroidTargetPlatform (25)
[2015.04.07-14.54.35:448][915]LogModuleManager: Shutting down and abandoning module WindowsTargetPlatform (24)
[2015.04.07-14.54.35:448][915]LogModuleManager: Shutting down and abandoning module WindowsServerTargetPlatform (23)
[2015.04.07-14.54.35:448][915]LogModuleManager: Shutting down and abandoning module WindowsNoEditorTargetPlatform (22)
[2015.04.07-14.54.35:448][915]LogModuleManager: Shutting down and abandoning module WindowsClientTargetPlatform (21)
[2015.04.07-14.54.35:448][915]LogModuleManager: Shutting down and abandoning module TargetPlatform (20)
[2015.04.07-14.54.35:448][915]LogModuleManager: Shutting down and abandoning module InputCore (19)
[2015.04.07-14.54.35:448][915]LogModuleManager: Shutting down and abandoning module Settings (18)
[2015.04.07-14.54.35:448][915]LogModuleManager: Shutting down and abandoning module OnlineSubsystem (16)
[2015.04.07-14.54.35:448][915]LogModuleManager: Shutting down and abandoning module OculusRift (15)
[2015.04.07-14.54.35:448][915]LogModuleManager: Shutting down and abandoning module ExampleDeviceProfileSelector (14)
[2015.04.07-14.54.35:448][915]LogModuleManager: Shutting down and abandoning module TextureCompressor (13)
[2015.04.07-14.54.35:449][915]LogModuleManager: Shutting down and abandoning module ShaderCore (12)
[2015.04.07-14.54.35:449][915]LogModuleManager: Shutting down and abandoning module Landscape (11)
[2015.04.07-14.54.35:449][915]LogModuleManager: Shutting down and abandoning module SlateRHIRenderer (10)
[2015.04.07-14.54.35:453][915]LogModuleManager: Shutting down and abandoning module OpenGLDrv (9)
[2015.04.07-14.54.35:454][915]LogModuleManager: Shutting down and abandoning module D3D11RHI (8)
[2015.04.07-14.54.35:454][915]LogModuleManager: Shutting down and abandoning module Renderer (7)
[2015.04.07-14.54.35:454][915]LogModuleManager: Shutting down and abandoning module Engine (6)
[2015.04.07-14.54.35:454][915]LogModuleManager: Shutting down and abandoning module CoreUObject (5)
[2015.04.07-14.54.35:454][915]LogModuleManager: Shutting down and abandoning module NetworkFile (4)
[2015.04.07-14.54.35:454][915]LogModuleManager: Shutting down and abandoning module StreamingFile (3)
[2015.04.07-14.54.35:454][915]LogModuleManager: Shutting down and abandoning module SandboxFile (2)
[2015.04.07-14.54.35:454][915]LogModuleManager: Shutting down and abandoning module PakFile (1)
[2015.04.07-14.54.35:455][915]LogExit: Exiting.
[2015.04.07-14.54.35:469][915]Log file closed, 04/07/15 16:54:35
