Log file open, 04/06/15 00:18:00
LogInit:Display: Running engine for game: IngenuityBasic
LogInit: Version: 4.7.4-0+++depot+UE4-Releases+4.7
LogInit: API Version: 0
LogInit: Compiled (64-bit): Mar 25 2015 02:32:27
LogInit: Compiled with Visual C++: 18.00.31101.00
LogInit: Build Configuration: Development
LogInit: Branch Name: ++depot+UE4-Releases+4.7
LogInit: Command line: 
LogInit: Base directory: D:/UE4/source code/UnrealEngine-4.7/UnrealEngine-4.7/Engine/Binaries/Win64/
LogInit: Rocket: 0
[2015.04.05-22.18.00:856][  0]LogTaskGraph: Started task graph with 3 named threads and 6 total threads.
[2015.04.05-22.18.00:921][  0]LogOnline:Warning: No default platform service specified for OnlineSubsystem
[2015.04.05-22.18.00:944][  0]LogInit: Presizing for 0 objects not considered by GC, pre-allocating 0 bytes.
[2015.04.05-22.18.00:969][  0]LogInit: Object subsystem initialized
[2015.04.05-22.18.00:974][  0]LogConsoleResponse:Warning: Skipping Unknown console variable: 'TranslucentSortAxis = (X=0.000000,Y=-1.000000,Z=0.000000)'
[2015.04.05-22.18.00:974][  0]LogConsoleResponse:Warning:   Found in ini file 'D:/Github/Ingenuity/IngenuityBasic/Saved/Config/Windows/Engine.ini', in section '[/Script/Engine.RendererSettings]'
[2015.04.05-22.18.00:974][  0]LogConsoleResponse:Warning: Skipping Unknown console variable: 'UIScaleRule = ShortestSide'
[2015.04.05-22.18.00:974][  0]LogConsoleResponse:Warning:   Found in ini file 'D:/Github/Ingenuity/IngenuityBasic/Saved/Config/Windows/Engine.ini', in section '[/Script/Engine.RendererSettings]'
[2015.04.05-22.18.00:974][  0]LogConsoleResponse:Warning: Skipping Unknown console variable: 'UIScaleCurve = (EditorCurveData=(Keys=),ExternalCurve=None)'
[2015.04.05-22.18.00:974][  0]LogConsoleResponse:Warning:   Found in ini file 'D:/Github/Ingenuity/IngenuityBasic/Saved/Config/Windows/Engine.ini', in section '[/Script/Engine.RendererSettings]'
[2015.04.05-22.18.00:975][  0]LogInit: Selected Device Profile: [Windows]
[2015.04.05-22.18.00:975][  0]LogInit: Applying CVar settings loaded from the selected device profile: [Windows]
[2015.04.05-22.18.00:997][  0]LogInit: Computer: TAZDINGO
[2015.04.05-22.18.00:997][  0]LogInit: User: VolJin
[2015.04.05-22.18.00:997][  0]LogInit: CPU Page size=4096, Cores=4
[2015.04.05-22.18.00:997][  0]LogInit: High frequency timer resolution =2.143486 MHz
[2015.04.05-22.18.00:997][  0]LogMemory: Memory total: Physical=7.9GB (8GB approx) Virtual=131072.0GB
[2015.04.05-22.18.00:997][  0]LogMemory: Platform Memory Stats for Windows
[2015.04.05-22.18.00:997][  0]LogMemory: Process Physical Memory: 45.64 MB used, 45.64 MB peak
[2015.04.05-22.18.00:997][  0]LogMemory: Process Virtual Memory: 22.39 MB used, 22.39 MB peak
[2015.04.05-22.18.00:997][  0]LogMemory: Physical Memory: 3183.74 MB used, 8108.79 MB total
[2015.04.05-22.18.00:997][  0]LogMemory: Virtual Memory: 288.31 MB used, 134217728.00 MB total
[2015.04.05-22.18.01:075][  0]LogD3D11RHI: Found D3D11 adapter 0: Intel(R) HD Graphics 4600 (Feature Level 11_0)
[2015.04.05-22.18.01:075][  0]LogD3D11RHI: Adapter has 0MB of dedicated video memory, 0MB of dedicated system memory, and 1792MB of shared system memory, 2 output[s]
[2015.04.05-22.18.01:105][  0]LogD3D11RHI: Found D3D11 adapter 1: NVIDIA GeForce GTX 760M (Feature Level 11_0)
[2015.04.05-22.18.01:106][  0]LogD3D11RHI: Adapter has 1988MB of dedicated video memory, 0MB of dedicated system memory, and 2048MB of shared system memory, 0 output[s]
[2015.04.05-22.18.01:108][  0]LogD3D11RHI: Found D3D11 adapter 2: Microsoft Basic Render Driver (Feature Level 11_0)
[2015.04.05-22.18.01:108][  0]LogD3D11RHI: Adapter has 0MB of dedicated video memory, 0MB of dedicated system memory, and 256MB of shared system memory, 0 output[s]
[2015.04.05-22.18.01:108][  0]LogD3D11RHI: Chosen D3D11 Adapter Id = 0
[2015.04.05-22.18.01:121][  0]LogRHI: Texture pool is 1361 MB (70% of 1945 MB)
[2015.04.05-22.18.01:150][  0]LogD3D11RHI: Async texture creation enabled
[2015.04.05-22.18.01:264][  0]LogTextLocalizationManager: The requested culture ('de_DE') has no localization data; falling back to 'en' for localization and internationalization data.
[2015.04.05-22.18.01:492][  0]LogTextLocalizationManager:Warning: Loading localization resources contain conflicting entries for (Namespace:UICommands, Key:Save_ToolTip):
Resource: (D:/UE4/source code/UnrealEngine-4.7/UnrealEngine-4.7/Engine/Content/Localization/Editor/en/Editor.locres) Hash: (-29098895) String: (Saves the current level to disk)
Resource: (D:/UE4/source code/UnrealEngine-4.7/UnrealEngine-4.7/Engine/Content/Localization/Engine/en/Engine.locres) Hash: (-1280300587) String: (Save selected data to vlog file)
[2015.04.05-22.18.01:492][  0]LogTextLocalizationManager:Warning: Loading localization resources contain conflicting entries for (Namespace:ContentBrowser, Key:ImportAssetToolTip):
Resource: (D:/UE4/source code/UnrealEngine-4.7/UnrealEngine-4.7/Engine/Content/Localization/Editor/en/Editor.locres) Hash: (-630476809) String: (Import to {0}...)
Resource: (D:/UE4/source code/UnrealEngine-4.7/UnrealEngine-4.7/Engine/Content/Localization/Editor/en/Editor.locres) Hash: (1271782899) String: (Imports an asset from file to this folder.)
[2015.04.05-22.18.01:710][  0]LogContentStreaming: Texture pool size is 0.000000MB
[2015.04.05-22.18.07:491][  0]LogTargetPlatformManager:Display: Building Assets For Windows
[2015.04.05-22.18.08:664][  0]LogTargetPlatformManager:Display: Building Assets For Windows
[2015.04.05-22.18.08:804][  0]LogDerivedDataCache:Display: Max Cache Size: 512 MB
[2015.04.05-22.18.08:947][  0]LogDerivedDataCache: Loaded boot cache 0.14s 40MB ../../../../../../../Github/Ingenuity/IngenuityBasic/DerivedDataCache/Boot.ddc.
[2015.04.05-22.18.08:947][  0]LogDerivedDataCache:Display: Loaded Boot cache: ../../../../../../../Github/Ingenuity/IngenuityBasic/DerivedDataCache/Boot.ddc
[2015.04.05-22.18.08:947][  0]LogDerivedDataCache: FDerivedDataBackendGraph:  Pak pak cache file ../../../../../../../Github/Ingenuity/IngenuityBasic/DerivedDataCache/DDC.ddp not found, will not use a pak cache.
[2015.04.05-22.18.08:947][  0]LogDerivedDataCache: Unable to find inner node Pak for hierarchical cache Hierarchy.
[2015.04.05-22.18.08:947][  0]LogDerivedDataCache: FDerivedDataBackendGraph:  EnginePak pak cache file ../../../Engine/DerivedDataCache/DDC.ddp not found, will not use a pak cache.
[2015.04.05-22.18.08:947][  0]LogDerivedDataCache: Unable to find inner node EnginePak for hierarchical cache Hierarchy.
[2015.04.05-22.18.08:990][  0]LogDerivedDataCache: Using Local data cache path ../../../Engine/DerivedDataCache: Writable
[2015.04.05-22.18.08:990][  0]LogDerivedDataCache: Shared data cache path not found in *engine.ini, will not use an Shared cache.
[2015.04.05-22.18.08:990][  0]LogDerivedDataCache: Unable to find inner node Shared for hierarchical cache Hierarchy.
[2015.04.05-22.18.09:788][  0]LogMeshUtilities: No automatic mesh reduction module available
[2015.04.05-22.18.09:788][  0]LogMeshUtilities: No automatic mesh merging module available
[2015.04.05-22.18.10:786][  0]LogInit: WinSock: version 1.1 (2.2), MaxSocks=32767, MaxUdp=65467
[2015.04.05-22.18.10:937][  0]LogSlate:Warning: Failed to load font data from '../../../Engine/Content/Slate/Fonts/Roboto-Italic.ttf'
[2015.04.05-22.18.12:774][  0]UdpMessaging: Initializing bridge on interface 0.0.0.0:0 to multicast group 230.0.0.1:6666.
[2015.04.05-22.18.13:112][  0]SourceControl: Info Source control is disabled
[2015.04.05-22.18.13:112][  0]SourceControl: Info Source control is disabled
[2015.04.05-22.18.13:112][  0]SourceControl: Info Source control is disabled
[2015.04.05-22.18.13:112][  0]LogSourceControl: RunCommandInternalRaw: 'git version'
[2015.04.05-22.18.13:113][  0]LogSourceControl: RunCommandInternalRaw: ExecProcess ReturnCode=2 OutResults=''
[2015.04.05-22.18.13:130][  0]SourceControl: Info Source control is disabled
[2015.04.05-22.18.13:539][  0]LogObj: 24371 objects as part of root set at end of initial load.
[2015.04.05-22.18.13:539][  0]LogUObjectAllocator: 5175440 out of 0 bytes used by permanent object pool.
[2015.04.05-22.18.13:728][  0]LogEngine: Initializing Engine...
[2015.04.05-22.18.16:134][  0]LogInit: XAudio2 using 'Lautsprecher (9- Logitech G430 Gaming Headset)' : 8 channels at 48 kHz using 16 bits per sample (channel mask 0x63f)
[2015.04.05-22.18.16:149][  0]LogInit: FAudioDevice initialized.
[2015.04.05-22.18.16:231][  0]LogAIModule: Creating AISystem for world NewWorld
[2015.04.05-22.18.16:303][  0]LogDerivedDataCache: Saved boot cache 0.07s 40MB ../../../../../../../Github/Ingenuity/IngenuityBasic/DerivedDataCache/Boot.ddc.
[2015.04.05-22.18.16:313][  0]LogInit: Texture streaming: Enabled
[2015.04.05-22.18.16:531][  0]LogAnalytics: Creating configured Analytics provider AnalyticsET
[2015.04.05-22.18.16:532][  0]LogAnalytics: ET APIKey = UnrealEngine.Release. APIServer = http://etsource.epicgames.com/ET2/. AppVersion = 4.7.4-0+++depot+UE4-Releases+4.7
[2015.04.05-22.18.16:532][  0]LogAnalytics: SetUserId c98b79d14844094ad4256e87f54b579a|b11a4e7304504cc2a52d02214ea30f55|55325a2e-fcbf-49b6-ade6-f98150735238
[2015.04.05-22.18.16:532][  0]LogAnalytics: AnalyticsET::StartSession [UnrealEngine.Release]
[2015.04.05-22.18.16:584][  0]LogInit: Transaction tracking system initialized
[2015.04.05-22.18.16:956][  0]BlueprintLog: New page: Editor Load
[2015.04.05-22.18.17:017][  0]LogAssetRegistry: FAssetRegistry took 0.0107 seconds to start up
[2015.04.05-22.18.17:018][  0]LogDirectoryWatcher:Warning: Failed to begin reading directory changes for ../../../Engine/Plugins/Experimental/CharacterAI/Content/. Error: 0
[2015.04.05-22.18.18:697][  0]LogTargetPlatformManager:Display: Building Assets For Windows
[2015.04.05-22.18.19:904][  0]LogTargetPlatformManager:Display: Building Assets For Windows
[2015.04.05-22.18.20:612][  0]LogSlate:Warning: Failed to load font data from '../../../Engine/Content/Editor/Slate/Fonts/Roboto-Regular.ttf'
[2015.04.05-22.18.20:613][  0]LogSlate:Warning: Failed to load font data from '../../../Engine/Content/Editor/Slate/Fonts/Roboto-Bold.ttf'
[2015.04.05-22.18.20:632][  0]LogConsoleResponse:Display: 
[2015.04.05-22.18.21:071][  0]LogCook:Display: Done creating registry. It took  0.00s.
[2015.04.05-22.18.21:433][  0]SourceControl: Info Source control is disabled
[2015.04.05-22.18.21:434][  0]Cmd: MAP LOAD FILE="../../../../../../../Github/Ingenuity/IngenuityBasic/Content/FirstPersonBP/Maps/FirstPersonExampleMap.umap" TEMPLATE=0 SHOWPROGRESS=1 FEATURELEVEL=3
[2015.04.05-22.18.21:435][  0]LightingResults: New page: Lighting Build
[2015.04.05-22.18.21:458][  0]MapCheck: New page: Map Check
[2015.04.05-22.18.21:458][  0]LightingResults: New page: Lighting Build
[2015.04.05-22.18.21:475][  0]LogParticles: Destroying 0 GPU particle simulations for FXSystem 0x000000C1681BB4C0
[2015.04.05-22.18.25:908][  0]LogEditorServer: Finished looking for orphan Actors (0.000 secs)
[2015.04.05-22.18.29:262][  0]LogAIModule: Creating AISystem for world FirstPersonExampleMap
[2015.04.05-22.18.29:267][  0]Cmd: MAP CHECKDEP
[2015.04.05-22.18.29:267][  0]MapCheck: New page: FirstPersonExampleMap - Apr 6, 2015, 2:18:29 AM
[2015.04.05-22.18.29:552][  0]MapCheck: Info Map check complete: 0 Error(s), 0 Warning(s), took 284.208ms to complete.
[2015.04.05-22.18.29:552][  0]LogFileHelpers: Loading map 'FirstPersonExampleMap' took 8.118
[2015.04.05-22.18.29:937][  0]LogCollectionManager: Loaded 0 collections in 0.003093 seconds
[2015.04.05-22.18.29:977][  0]LogContentBrowser: Native class hierarchy populated in 0.0394 seconds. Added 1701 classes and 262 folders.
[2015.04.05-22.18.30:070][  0]LogContentBrowser: Native class hierarchy updated for 'SceneOutliner' in 0.0056 seconds. Added 1 classes and 2 folders.
[2015.04.05-22.18.30:172][  0]LogCrashTracker: Crashtracker disabled due to settings.
[2015.04.05-22.18.30:182][  0]LogSlate:Warning: Failed to load font data from 'Veranda'
[2015.04.05-22.18.30:210][  0]LogUObjectGlobals:Warning: Failed to find object 'Class None.'
[2015.04.05-22.18.30:327][  0]LogLoad: Full Startup: 32.29 seconds (BP compile: 1.78 seconds)
[2015.04.05-22.18.30:959][  0]LogRenderer:Warning: Reallocating scene render targets to support 848x456 (Frame:2).
[2015.04.05-22.18.32:902][ 19]LogAssetRegistry: Asset discovery search completed in 15.8964 seconds
[2015.04.05-22.18.36:945][132]LogPlayLevel: PIE:  No blueprints needed recompiling
[2015.04.05-22.18.36:945][132]PIE: New page: PIE session: FirstPersonExampleMap (Apr 6, 2015, 2:18:36 AM)
[2015.04.05-22.18.36:993][132]LogPlayLevel: PIE: StaticDuplicateObject took: (0.046629s)
[2015.04.05-22.18.36:995][132]LogPlayLevel: PIE: World Init took: (0.001917s)
[2015.04.05-22.18.36:995][132]LogPlayLevel: PIE: Created PIE world by copying editor world from /Game/FirstPersonBP/Maps/FirstPersonExampleMap.FirstPersonExampleMap to /Game/FirstPersonBP/Maps/UEDPIE_0_FirstPersonExampleMap.FirstPersonExampleMap (0.049263s)
[2015.04.05-22.18.37:321][132]LogWorld: Game class is 'FirstPersonGameMode_C'
[2015.04.05-22.18.37:327][132]LogAIModule: Creating AISystem for world FirstPersonExampleMap
[2015.04.05-22.18.37:346][132]LogWorld: Bringing World /Game/FirstPersonBP/Maps/UEDPIE_0_FirstPersonExampleMap.FirstPersonExampleMap up for play (max tick rate 0) at 2015.04.06-00.18.37
[2015.04.05-22.18.37:348][132]LogWorld: Bringing up level for play took: 0.019635
[2015.04.05-22.18.37:352][132]PIE: Info Play in editor start time for /Game/FirstPersonBP/Maps/UEDPIE_0_FirstPersonExampleMap -0.138
[2015.04.05-22.18.38:197][151]LogParticles: Destroying 0 GPU particle simulations for FXSystem 0x000000C153BC0900
[2015.04.05-22.18.39:749][200]LogPlayLevel: PIE:  No blueprints needed recompiling
[2015.04.05-22.18.39:750][200]PIE: New page: PIE session: FirstPersonExampleMap (Apr 6, 2015, 2:18:39 AM)
[2015.04.05-22.18.39:793][200]LogPlayLevel: PIE: StaticDuplicateObject took: (0.042295s)
[2015.04.05-22.18.39:796][200]LogPlayLevel: PIE: World Init took: (0.002461s)
[2015.04.05-22.18.39:796][200]LogPlayLevel: PIE: Created PIE world by copying editor world from /Game/FirstPersonBP/Maps/FirstPersonExampleMap.FirstPersonExampleMap to /Game/FirstPersonBP/Maps/UEDPIE_0_FirstPersonExampleMap.FirstPersonExampleMap (0.045252s)
[2015.04.05-22.18.39:883][200]LogWorld: Game class is 'FirstPersonGameMode_C'
[2015.04.05-22.18.39:888][200]LogAIModule: Creating AISystem for world FirstPersonExampleMap
[2015.04.05-22.18.39:906][200]LogWorld: Bringing World /Game/FirstPersonBP/Maps/UEDPIE_0_FirstPersonExampleMap.FirstPersonExampleMap up for play (max tick rate 0) at 2015.04.06-00.18.39
[2015.04.05-22.18.39:908][200]LogWorld: Bringing up level for play took: 0.018917
[2015.04.05-22.18.39:911][200]PIE: Info Play in editor start time for /Game/FirstPersonBP/Maps/UEDPIE_0_FirstPersonExampleMap 0.421
[2015.04.05-22.18.43:591][307]LogParticles: Destroying 0 GPU particle simulations for FXSystem 0x000000C10ED5A020
[2015.04.05-22.19.49:057][738]LogPlayLevel: PIE:  No blueprints needed recompiling
[2015.04.05-22.19.49:058][738]PIE: New page: PIE session: FirstPersonExampleMap (Apr 6, 2015, 2:19:49 AM)
[2015.04.05-22.19.49:139][738]LogPlayLevel: PIE: StaticDuplicateObject took: (0.080401s)
[2015.04.05-22.19.49:143][738]LogPlayLevel: PIE: World Init took: (0.003618s)
[2015.04.05-22.19.49:144][738]LogPlayLevel: PIE: Created PIE world by copying editor world from /Game/FirstPersonBP/Maps/FirstPersonExampleMap.FirstPersonExampleMap to /Game/FirstPersonBP/Maps/UEDPIE_0_FirstPersonExampleMap.FirstPersonExampleMap (0.084632s)
[2015.04.05-22.19.49:245][738]LogWorld: Game class is 'FirstPersonGameMode_C'
[2015.04.05-22.19.49:252][738]LogAIModule: Creating AISystem for world FirstPersonExampleMap
[2015.04.05-22.19.49:272][738]LogWorld: Bringing World /Game/FirstPersonBP/Maps/UEDPIE_0_FirstPersonExampleMap.FirstPersonExampleMap up for play (max tick rate 0) at 2015.04.06-00.19.49
[2015.04.05-22.19.49:273][738]LogWorld: Bringing up level for play took: 0.020063
[2015.04.05-22.19.49:278][738]PIE: Info Play in editor start time for /Game/FirstPersonBP/Maps/UEDPIE_0_FirstPersonExampleMap -0.212
[2015.04.05-22.19.59:862][ 91]LogParticles: Destroying 0 GPU particle simulations for FXSystem 0x000000C159FECFE0
[2015.04.05-22.20.35:495][ 95]LogEditorTransaction: Undo Delete current selection
[2015.04.05-22.25.37:950][730]BlueprintLog: New page: Pre-PIE auto-recompile
[2015.04.05-22.25.37:962][730]LogPlayLevel: [PIE] Compiling GrabRecognition before PIE...
[2015.04.05-22.25.38:192][730]LogPlayLevel: PIE:  Blueprint regeneration took 242 ms (1 blueprints)
[2015.04.05-22.25.38:192][730]PIE: New page: PIE session: FirstPersonExampleMap (Apr 6, 2015, 2:25:38 AM)
[2015.04.05-22.25.38:250][730]LogPlayLevel: PIE: StaticDuplicateObject took: (0.056305s)
[2015.04.05-22.25.38:254][730]LogPlayLevel: PIE: World Init took: (0.003376s)
[2015.04.05-22.25.38:254][730]LogPlayLevel: PIE: Created PIE world by copying editor world from /Game/FirstPersonBP/Maps/FirstPersonExampleMap.FirstPersonExampleMap to /Game/FirstPersonBP/Maps/UEDPIE_0_FirstPersonExampleMap.FirstPersonExampleMap (0.060242s)
[2015.04.05-22.25.38:365][730]LogWorld: Game class is 'FirstPersonGameMode_C'
[2015.04.05-22.25.38:371][730]LogAIModule: Creating AISystem for world FirstPersonExampleMap
[2015.04.05-22.25.38:393][730]LogWorld: Bringing World /Game/FirstPersonBP/Maps/UEDPIE_0_FirstPersonExampleMap.FirstPersonExampleMap up for play (max tick rate 0) at 2015.04.06-00.25.38
[2015.04.05-22.25.38:395][730]LogWorld: Bringing up level for play took: 0.021947
[2015.04.05-22.25.38:419][730]PIE: Info Play in editor start time for /Game/FirstPersonBP/Maps/UEDPIE_0_FirstPersonExampleMap 0.929
[2015.04.05-22.25.38:470][730]LogRenderer:Warning: Reallocating scene render targets to support 1296x760 (Frame:999).
[2015.04.05-22.25.47:716][871]LogParticles: Destroying 0 GPU particle simulations for FXSystem 0x000000C15A0445E0
[2015.04.05-22.28.56:023][621]LogFileHelpers: Editor autosave (incl. sublevels) for '/Game/FirstPersonBP/Maps/FirstPersonExampleMap' took 0.058
[2015.04.05-22.28.56:126][621]OBJ SavePackage: Generating thumbnails for [0] asset(s) in package [/Game/GrabRecognition] ([1] browsable assets)...
[2015.04.05-22.28.56:188][621]OBJ SavePackage: Finished generating thumbnails for package [/Game/GrabRecognition]
[2015.04.05-22.28.56:199][621]Cmd: OBJ SAVEPACKAGE PACKAGE="/Game/GrabRecognition" FILE="../../../../../../../Github/Ingenuity/IngenuityBasic/Saved/Autosaves/Game/GrabRecognition_Auto1.uasset" SILENT=false AUTOSAVING=true
[2015.04.05-22.28.56:800][621]LogSavePackage: Save=491.360321ms
[2015.04.05-22.28.56:819][621]LogSavePackage: Moving '../../../../../../../Github/Ingenuity/IngenuityBasic/Saved/GrabRecognition_Auto123A8ABAD428C67B05F12798140FDAFB5.tmp' to '../../../../../../../Github/Ingenuity/IngenuityBasic/Saved/Autosaves/Game/GrabRecognition_Auto1.uasset'
[2015.04.05-22.28.56:997][621]LogFileHelpers: Auto-saving content packages took 0.973
[2015.04.05-22.38.58:707][244]LogEditorTransaction: Undo Move Node
[2015.04.05-22.39.01:210][304]LogEditorTransaction: Undo AddPin
[2015.04.05-22.39.03:505][355]LogFileHelpers: Editor autosave (incl. sublevels) for '/Game/FirstPersonBP/Maps/FirstPersonExampleMap' took 0.056
[2015.04.05-22.39.03:584][355]OBJ SavePackage: Generating thumbnails for [0] asset(s) in package [/Game/GrabRecognition] ([1] browsable assets)...
[2015.04.05-22.39.03:637][355]OBJ SavePackage: Finished generating thumbnails for package [/Game/GrabRecognition]
[2015.04.05-22.39.03:646][355]Cmd: OBJ SAVEPACKAGE PACKAGE="/Game/GrabRecognition" FILE="../../../../../../../Github/Ingenuity/IngenuityBasic/Saved/Autosaves/Game/GrabRecognition_Auto2.uasset" SILENT=false AUTOSAVING=true
[2015.04.05-22.39.04:291][355]LogSavePackage: Save=631.683594ms
[2015.04.05-22.39.04:356][355]LogSavePackage: Moving '../../../../../../../Github/Ingenuity/IngenuityBasic/Saved/GrabRecognition_Auto2A99482D94F48D7BD901782B0FB4C0E41.tmp' to '../../../../../../../Github/Ingenuity/IngenuityBasic/Saved/Autosaves/Game/GrabRecognition_Auto2.uasset'
[2015.04.05-22.39.04:463][355]LogFileHelpers: Auto-saving content packages took 0.958
[2015.04.05-22.41.21:355][ 15]LogEditorTransaction: Undo Create Pin Link
[2015.04.05-22.41.22:104][ 26]LogEditorTransaction: Undo Create Pin Link
[2015.04.05-22.44.29:376][125]LogBlueprint:Error: [compiler] Error The current value of the ' Spawn Transform ' pin is invalid: 'Spawn Transform' must have an input wired into it ("by ref" params expect a valid input to operate on).
[2015.04.05-22.44.29:377][125]LogBlueprint:Error: [compiler] Error The current value of the ' Spawn Transform ' pin is invalid: 'Spawn Transform' must have an input wired into it ("by ref" params expect a valid input to operate on).
[2015.04.05-22.44.29:605][125]LogBlueprint:Warning: [compiler] Warning [1591.57] Compile of GrabRecognition failed. 2 Fatal Issue(s) 0 Warning(s) [in 299 ms]
[2015.04.05-22.44.29:606][125]LogBlueprint:Warning: [compiler] Warning [1591.57] Compile of GrabRecognition failed. 2 Fatal Issue(s) 1 Warning(s) [in 0 ms]
[2015.04.05-22.44.29:606][125]LogBlueprint:Warning: [compiler] Warning [1591.57] Compile of GrabRecognition failed. 2 Fatal Issue(s) 2 Warning(s) [in 0 ms]
[2015.04.05-22.44.29:618][125]LogBlueprint:Warning: [compiler] Warning [1591.58] Compile of GrabRecognition failed. 2 Fatal Issue(s) 3 Warning(s) [in 11 ms]
[2015.04.05-22.44.29:618][125]LogBlueprint:Warning: [compiler] Warning [1591.58] Compile of GrabRecognition failed. 2 Fatal Issue(s) 4 Warning(s) [in 0 ms]
[2015.04.05-22.44.29:618][125]LogBlueprint:Warning: [compiler] Warning [1591.58] Compile of GrabRecognition failed. 2 Fatal Issue(s) 5 Warning(s) [in 0 ms]
[2015.04.05-22.49.14:538][817]LogSavePackage: Save=6019.176758ms
[2015.04.05-22.49.14:539][817]LogSavePackage: Moving '../../../../../../../Github/Ingenuity/IngenuityBasic/Saved/FirstPersonExampleMap_Auto3A0B6BD5D495B4D39BA631E9DB1572054.tmp' to '../../../../../../../Github/Ingenuity/IngenuityBasic/Saved/Autosaves/Game/FirstPersonBP/Maps/FirstPersonExampleMap_Auto3.umap'
[2015.04.05-22.49.14:563][817]LogFileHelpers: Editor autosave (incl. sublevels) for '/Game/FirstPersonBP/Maps/FirstPersonExampleMap' took 6.747
[2015.04.05-22.49.14:563][817]LogFileHelpers: Editor autosave (incl. sublevels) for all levels took 6.747
[2015.04.05-22.49.14:617][817]OBJ SavePackage: Generating thumbnails for [0] asset(s) in package [/Game/GrabRecognition] ([1] browsable assets)...
[2015.04.05-22.49.14:617][817]OBJ SavePackage: Finished generating thumbnails for package [/Game/GrabRecognition]
[2015.04.05-22.49.14:671][817]Cmd: OBJ SAVEPACKAGE PACKAGE="/Game/GrabRecognition" FILE="../../../../../../../Github/Ingenuity/IngenuityBasic/Saved/Autosaves/Game/GrabRecognition_Auto3.uasset" SILENT=false AUTOSAVING=true
[2015.04.05-22.49.15:070][817]LogSavePackage: Save=384.929047ms
[2015.04.05-22.49.15:074][817]LogSavePackage: Moving '../../../../../../../Github/Ingenuity/IngenuityBasic/Saved/GrabRecognition_Auto3D789D0E34920CC32E79C92B5BF1D3771.tmp' to '../../../../../../../Github/Ingenuity/IngenuityBasic/Saved/Autosaves/Game/GrabRecognition_Auto3.uasset'
[2015.04.05-22.49.15:103][817]LogFileHelpers: Auto-saving content packages took 0.540
[2015.04.05-22.49.51:872][407]BlueprintLog: New page: Pre-PIE auto-recompile
[2015.04.05-22.49.51:890][407]LogPlayLevel: [PIE] Compiling GrabRecognition before PIE...
[2015.04.05-22.49.51:958][407]LogBlueprint:Error: [compiler] Error The current value of the ' Spawn Transform ' pin is invalid: 'Spawn Transform' must have an input wired into it ("by ref" params expect a valid input to operate on).
[2015.04.05-22.49.51:958][407]LogBlueprint:Error: [compiler] Error The current value of the ' Spawn Transform ' pin is invalid: 'Spawn Transform' must have an input wired into it ("by ref" params expect a valid input to operate on).
[2015.04.05-22.49.52:137][407]LogBlueprint:Warning: [compiler] Warning [1914.10] Compile of GrabRecognition failed. 2 Fatal Issue(s) 0 Warning(s) [in 233 ms]
[2015.04.05-22.49.52:137][407]LogBlueprint:Warning: [compiler] Warning [1914.10] Compile of GrabRecognition failed. 2 Fatal Issue(s) 1 Warning(s) [in 0 ms]
[2015.04.05-22.49.52:137][407]LogBlueprint:Warning: [compiler] Warning [1914.10] Compile of GrabRecognition failed. 2 Fatal Issue(s) 2 Warning(s) [in 0 ms]
[2015.04.05-22.49.52:150][407]LogBlueprint:Warning: [compiler] Warning [1914.11] Compile of GrabRecognition failed. 2 Fatal Issue(s) 3 Warning(s) [in 12 ms]
[2015.04.05-22.49.52:151][407]LogBlueprint:Warning: [compiler] Warning [1914.11] Compile of GrabRecognition failed. 2 Fatal Issue(s) 4 Warning(s) [in 0 ms]
[2015.04.05-22.49.52:151][407]LogBlueprint:Warning: [compiler] Warning [1914.11] Compile of GrabRecognition failed. 2 Fatal Issue(s) 5 Warning(s) [in 0 ms]
[2015.04.05-22.49.52:204][407]LogPlayLevel: PIE:  Blueprint regeneration took 332 ms (1 blueprints)
[2015.04.05-22.49.57:361][407]BlueprintLog: Info Blueprint GrabRecognition failed to compile
[2015.04.05-22.50.00:571][540]BlueprintLog: New page: Compile GrabRecognition
[2015.04.05-22.50.00:652][540]LogBlueprint:Error: [compiler] Error The current value of the ' Spawn Transform ' pin is invalid: 'Spawn Transform' must have an input wired into it ("by ref" params expect a valid input to operate on).
[2015.04.05-22.50.00:653][540]LogBlueprint:Error: [compiler] Error The current value of the ' Spawn Transform ' pin is invalid: 'Spawn Transform' must have an input wired into it ("by ref" params expect a valid input to operate on).
[2015.04.05-22.50.00:885][540]LogBlueprint:Warning: [compiler] Warning [1922.85] Compile of GrabRecognition failed. 2 Fatal Issue(s) 0 Warning(s) [in 313 ms]
[2015.04.05-22.50.00:885][540]BlueprintEditorCompileResults:Error: Error The current value of the ' Spawn Transform ' pin is invalid: 'Spawn Transform' must have an input wired into it ("by ref" params expect a valid input to operate on).
[2015.04.05-22.50.00:885][540]BlueprintEditorCompileResults:Error: Error The current value of the ' Spawn Transform ' pin is invalid: 'Spawn Transform' must have an input wired into it ("by ref" params expect a valid input to operate on).
[2015.04.05-22.50.00:885][540]BlueprintEditorCompileResults:Warning: Warning [1922.85] Compile of GrabRecognition failed. 2 Fatal Issue(s) 0 Warning(s) [in 313 ms]
[2015.04.05-22.50.56:823][902]BlueprintLog: New page: Compile GrabRecognition
[2015.04.05-22.50.57:044][902]BlueprintEditorCompileResults: Info [1979.00] Compile of GrabRecognition successful! [in 220 ms]
[2015.04.05-22.50.59:511][ 22]LogPlayLevel: PIE:  No blueprints needed recompiling
[2015.04.05-22.50.59:511][ 22]PIE: New page: PIE session: FirstPersonExampleMap (Apr 6, 2015, 2:50:59 AM)
[2015.04.05-22.50.59:570][ 22]LogPlayLevel: PIE: StaticDuplicateObject took: (0.057736s)
[2015.04.05-22.50.59:572][ 22]LogPlayLevel: PIE: World Init took: (0.001992s)
[2015.04.05-22.50.59:572][ 22]LogPlayLevel: PIE: Created PIE world by copying editor world from /Game/FirstPersonBP/Maps/FirstPersonExampleMap.FirstPersonExampleMap to /Game/FirstPersonBP/Maps/UEDPIE_0_FirstPersonExampleMap.FirstPersonExampleMap (0.060197s)
[2015.04.05-22.50.59:694][ 22]LogWorld: Game class is 'FirstPersonGameMode_C'
[2015.04.05-22.50.59:700][ 22]LogAIModule: Creating AISystem for world FirstPersonExampleMap
[2015.04.05-22.50.59:719][ 22]LogWorld: Bringing World /Game/FirstPersonBP/Maps/UEDPIE_0_FirstPersonExampleMap.FirstPersonExampleMap up for play (max tick rate 60) at 2015.04.06-00.50.59
[2015.04.05-22.50.59:721][ 22]LogWorld: Bringing up level for play took: 0.019224
[2015.04.05-22.50.59:767][ 22]PIE: Info Play in editor start time for /Game/FirstPersonBP/Maps/UEDPIE_0_FirstPersonExampleMap 0.277
[2015.04.05-22.51.05:821][118]LogParticles: Destroying 0 GPU particle simulations for FXSystem 0x000000C1137F8180
[2015.04.05-22.53.27:519][ 86]LogSavePackage: Save=6079.394043ms
[2015.04.05-22.53.27:519][ 86]LogSavePackage: Moving '../../../../../../../Github/Ingenuity/IngenuityBasic/Saved/FirstPersonExampleMapF2328E5C4B3E2A0774FF48AFD9272C93.tmp' to '../../../../../../../Github/Ingenuity/IngenuityBasic/Content/FirstPersonBP/Maps/FirstPersonExampleMap.umap'
[2015.04.05-22.53.27:588][ 86]LogFileHelpers: Saving map 'FirstPersonExampleMap' took 6.469
[2015.04.05-22.53.27:598][ 86]Cmd: OBJ SAVEPACKAGE PACKAGE="/Game/GrabRecognition" FILE="../../../../../../../Github/Ingenuity/IngenuityBasic/Content/GrabRecognition.uasset" SILENT=true
[2015.04.05-22.53.27:762][ 86]LogSavePackage: Save=153.946884ms
[2015.04.05-22.53.27:762][ 86]LogSavePackage: Moving '../../../../../../../Github/Ingenuity/IngenuityBasic/Saved/GrabRecognitionDA2139D84BFEC41A6D771CB35A914412.tmp' to '../../../../../../../Github/Ingenuity/IngenuityBasic/Content/GrabRecognition.uasset'
[2015.04.05-22.54.03:654][864]LogEditorTransaction: Undo Delete current selection
[2015.04.05-22.57.26:302][359]BlueprintLog: New page: Pre-PIE auto-recompile
[2015.04.05-22.57.26:323][359]LogPlayLevel: [PIE] Compiling GrabRecognition before PIE...
[2015.04.05-22.57.26:530][359]LogPlayLevel: PIE:  Blueprint regeneration took 228 ms (1 blueprints)
[2015.04.05-22.57.26:531][359]PIE: New page: PIE session: FirstPersonExampleMap (Apr 6, 2015, 2:57:26 AM)
[2015.04.05-22.57.26:583][359]LogPlayLevel: PIE: StaticDuplicateObject took: (0.051447s)
[2015.04.05-22.57.26:584][359]LogPlayLevel: PIE: World Init took: (0.001424s)
[2015.04.05-22.57.26:585][359]LogPlayLevel: PIE: Created PIE world by copying editor world from /Game/FirstPersonBP/Maps/FirstPersonExampleMap.FirstPersonExampleMap to /Game/FirstPersonBP/Maps/UEDPIE_0_FirstPersonExampleMap.FirstPersonExampleMap (0.053245s)
[2015.04.05-22.57.26:754][359]LogWorld: Game class is 'FirstPersonGameMode_C'
[2015.04.05-22.57.26:761][359]LogAIModule: Creating AISystem for world FirstPersonExampleMap
[2015.04.05-22.57.26:783][359]LogWorld: Bringing World /Game/FirstPersonBP/Maps/UEDPIE_0_FirstPersonExampleMap.FirstPersonExampleMap up for play (max tick rate 60) at 2015.04.06-00.57.26
[2015.04.05-22.57.26:785][359]LogWorld: Bringing up level for play took: 0.021537
[2015.04.05-22.57.26:814][359]PIE: Info Play in editor start time for /Game/FirstPersonBP/Maps/UEDPIE_0_FirstPersonExampleMap 1.324
[2015.04.05-22.57.35:747][474]LogParticles: Destroying 0 GPU particle simulations for FXSystem 0x000000C110527380
[2015.04.05-22.58.01:094][708]BlueprintLog: New page: Pre-PIE auto-recompile
[2015.04.05-22.58.01:116][708]LogPlayLevel: [PIE] Compiling GrabRecognition before PIE...
[2015.04.05-22.58.01:312][708]LogPlayLevel: PIE:  Blueprint regeneration took 218 ms (1 blueprints)
[2015.04.05-22.58.01:313][708]PIE: New page: PIE session: FirstPersonExampleMap (Apr 6, 2015, 2:58:01 AM)
[2015.04.05-22.58.01:364][708]LogPlayLevel: PIE: StaticDuplicateObject took: (0.050573s)
[2015.04.05-22.58.01:365][708]LogPlayLevel: PIE: World Init took: (0.001160s)
[2015.04.05-22.58.01:366][708]LogPlayLevel: PIE: Created PIE world by copying editor world from /Game/FirstPersonBP/Maps/FirstPersonExampleMap.FirstPersonExampleMap to /Game/FirstPersonBP/Maps/UEDPIE_0_FirstPersonExampleMap.FirstPersonExampleMap (0.052129s)
[2015.04.05-22.58.01:529][708]LogWorld: Game class is 'FirstPersonGameMode_C'
[2015.04.05-22.58.01:534][708]LogAIModule: Creating AISystem for world FirstPersonExampleMap
[2015.04.05-22.58.01:555][708]LogWorld: Bringing World /Game/FirstPersonBP/Maps/UEDPIE_0_FirstPersonExampleMap.FirstPersonExampleMap up for play (max tick rate 60) at 2015.04.06-00.58.01
[2015.04.05-22.58.01:557][708]LogWorld: Bringing up level for play took: 0.021232
[2015.04.05-22.58.01:585][708]PIE: Info Play in editor start time for /Game/FirstPersonBP/Maps/UEDPIE_0_FirstPersonExampleMap 0.095
[2015.04.05-22.58.09:249][810]LogParticles: Destroying 0 GPU particle simulations for FXSystem 0x000000C114E291C0
[2015.04.05-22.58.45:046][458]BlueprintLog: New page: Pre-PIE auto-recompile
[2015.04.05-22.58.45:068][458]LogPlayLevel: [PIE] Compiling GrabRecognition before PIE...
[2015.04.05-22.58.45:272][458]LogPlayLevel: PIE:  Blueprint regeneration took 226 ms (1 blueprints)
[2015.04.05-22.58.45:272][458]PIE: New page: PIE session: FirstPersonExampleMap (Apr 6, 2015, 2:58:45 AM)
[2015.04.05-22.58.45:324][458]LogPlayLevel: PIE: StaticDuplicateObject took: (0.050685s)
[2015.04.05-22.58.45:325][458]LogPlayLevel: PIE: World Init took: (0.001172s)
[2015.04.05-22.58.45:325][458]LogPlayLevel: PIE: Created PIE world by copying editor world from /Game/FirstPersonBP/Maps/FirstPersonExampleMap.FirstPersonExampleMap to /Game/FirstPersonBP/Maps/UEDPIE_0_FirstPersonExampleMap.FirstPersonExampleMap (0.052227s)
[2015.04.05-22.58.45:510][458]LogWorld: Game class is 'FirstPersonGameMode_C'
[2015.04.05-22.58.45:516][458]LogAIModule: Creating AISystem for world FirstPersonExampleMap
[2015.04.05-22.58.45:541][458]LogWorld: Bringing World /Game/FirstPersonBP/Maps/UEDPIE_0_FirstPersonExampleMap.FirstPersonExampleMap up for play (max tick rate 60) at 2015.04.06-00.58.45
[2015.04.05-22.58.45:544][458]LogWorld: Bringing up level for play took: 0.026299
[2015.04.05-22.58.45:569][458]PIE: Info Play in editor start time for /Game/FirstPersonBP/Maps/UEDPIE_0_FirstPersonExampleMap 0.079
[2015.04.05-22.58.50:980][528]LogParticles: Destroying 0 GPU particle simulations for FXSystem 0x000000C1178B1580
[2015.04.05-23.03.49:223][181]LogFileHelpers: Editor autosave (incl. sublevels) for '/Game/FirstPersonBP/Maps/FirstPersonExampleMap' took 0.047
[2015.04.05-23.03.49:349][181]OBJ SavePackage: Generating thumbnails for [0] asset(s) in package [/Game/GrabRecognition] ([1] browsable assets)...
[2015.04.05-23.03.49:399][181]OBJ SavePackage: Finished generating thumbnails for package [/Game/GrabRecognition]
[2015.04.05-23.03.49:409][181]Cmd: OBJ SAVEPACKAGE PACKAGE="/Game/GrabRecognition" FILE="../../../../../../../Github/Ingenuity/IngenuityBasic/Saved/Autosaves/Game/GrabRecognition_Auto4.uasset" SILENT=false AUTOSAVING=true
[2015.04.05-23.03.49:773][181]LogSavePackage: Save=345.049591ms
[2015.04.05-23.03.49:775][181]LogSavePackage: Moving '../../../../../../../Github/Ingenuity/IngenuityBasic/Saved/GrabRecognition_Auto4D58857D043DB572E8779AF9A9CB0F5D2.tmp' to '../../../../../../../Github/Ingenuity/IngenuityBasic/Saved/Autosaves/Game/GrabRecognition_Auto4.uasset'
[2015.04.05-23.03.49:806][181]LogFileHelpers: Auto-saving content packages took 0.582
[2015.04.05-23.04.54:236][236]BlueprintLog: New page: Pre-PIE auto-recompile
[2015.04.05-23.04.54:257][236]LogPlayLevel: [PIE] Compiling GrabRecognition before PIE...
[2015.04.05-23.04.54:462][236]LogPlayLevel: PIE:  Blueprint regeneration took 226 ms (1 blueprints)
[2015.04.05-23.04.54:462][236]PIE: New page: PIE session: FirstPersonExampleMap (Apr 6, 2015, 3:04:54 AM)
[2015.04.05-23.04.54:517][236]LogPlayLevel: PIE: StaticDuplicateObject took: (0.053719s)
[2015.04.05-23.04.54:518][236]LogPlayLevel: PIE: World Init took: (0.001377s)
[2015.04.05-23.04.54:519][236]LogPlayLevel: PIE: Created PIE world by copying editor world from /Game/FirstPersonBP/Maps/FirstPersonExampleMap.FirstPersonExampleMap to /Game/FirstPersonBP/Maps/UEDPIE_0_FirstPersonExampleMap.FirstPersonExampleMap (0.055475s)
[2015.04.05-23.04.54:685][236]LogWorld: Game class is 'FirstPersonGameMode_C'
[2015.04.05-23.04.54:692][236]LogAIModule: Creating AISystem for world FirstPersonExampleMap
[2015.04.05-23.04.54:710][236]LogWorld: Bringing World /Game/FirstPersonBP/Maps/UEDPIE_0_FirstPersonExampleMap.FirstPersonExampleMap up for play (max tick rate 60) at 2015.04.06-01.04.54
[2015.04.05-23.04.54:712][236]LogWorld: Bringing up level for play took: 0.019518
[2015.04.05-23.04.54:737][236]PIE: Info Play in editor start time for /Game/FirstPersonBP/Maps/UEDPIE_0_FirstPersonExampleMap 1.247
[2015.04.05-23.05.03:784][359]LogParticles: Destroying 0 GPU particle simulations for FXSystem 0x000000C11337A340
[2015.04.05-23.06.51:031][941]BlueprintLog: New page: Pre-PIE auto-recompile
[2015.04.05-23.06.51:052][941]LogPlayLevel: [PIE] Compiling GrabRecognition before PIE...
[2015.04.05-23.06.51:251][941]LogPlayLevel: PIE:  Blueprint regeneration took 220 ms (1 blueprints)
[2015.04.05-23.06.51:252][941]PIE: New page: PIE session: FirstPersonExampleMap (Apr 6, 2015, 3:06:51 AM)
[2015.04.05-23.06.51:307][941]LogPlayLevel: PIE: StaticDuplicateObject took: (0.054198s)
[2015.04.05-23.06.51:308][941]LogPlayLevel: PIE: World Init took: (0.001298s)
[2015.04.05-23.06.51:308][941]LogPlayLevel: PIE: Created PIE world by copying editor world from /Game/FirstPersonBP/Maps/FirstPersonExampleMap.FirstPersonExampleMap to /Game/FirstPersonBP/Maps/UEDPIE_0_FirstPersonExampleMap.FirstPersonExampleMap (0.055881s)
[2015.04.05-23.06.51:477][941]LogWorld: Game class is 'FirstPersonGameMode_C'
[2015.04.05-23.06.51:483][941]LogAIModule: Creating AISystem for world FirstPersonExampleMap
[2015.04.05-23.06.51:501][941]LogWorld: Bringing World /Game/FirstPersonBP/Maps/UEDPIE_0_FirstPersonExampleMap.FirstPersonExampleMap up for play (max tick rate 60) at 2015.04.06-01.06.51
[2015.04.05-23.06.51:503][941]LogWorld: Bringing up level for play took: 0.019099
[2015.04.05-23.06.51:527][941]PIE: Info Play in editor start time for /Game/FirstPersonBP/Maps/UEDPIE_0_FirstPersonExampleMap 0.037
[2015.04.05-23.07.10:328][195]LogParticles: Destroying 0 GPU particle simulations for FXSystem 0x000000C11F4C1260
[2015.04.05-23.08.05:377][ 89]LogUObjectGlobals:Warning: Failed to find object 'Object None.'
[2015.04.05-23.08.53:670][ 64]BlueprintLog: New page: Pre-PIE auto-recompile
[2015.04.05-23.08.53:680][ 64]LogPlayLevel: [PIE] Compiling GrabRecognition before PIE...
[2015.04.05-23.08.53:762][ 64]LogPlayLevel: PIE:  Blueprint regeneration took 92 ms (1 blueprints)
[2015.04.05-23.08.53:762][ 64]PIE: New page: PIE session: FirstPersonExampleMap (Apr 6, 2015, 3:08:53 AM)
[2015.04.05-23.08.53:791][ 64]LogPlayLevel: PIE: StaticDuplicateObject took: (0.028697s)
[2015.04.05-23.08.53:793][ 64]LogPlayLevel: PIE: World Init took: (0.001411s)
[2015.04.05-23.08.53:793][ 64]LogPlayLevel: PIE: Created PIE world by copying editor world from /Game/FirstPersonBP/Maps/FirstPersonExampleMap.FirstPersonExampleMap to /Game/FirstPersonBP/Maps/UEDPIE_0_FirstPersonExampleMap.FirstPersonExampleMap (0.030376s)
[2015.04.05-23.08.53:851][ 64]LogWorld: Game class is 'FirstPersonGameMode_C'
[2015.04.05-23.08.53:853][ 64]LogAIModule: Creating AISystem for world FirstPersonExampleMap
[2015.04.05-23.08.53:860][ 64]LogWorld: Bringing World /Game/FirstPersonBP/Maps/UEDPIE_0_FirstPersonExampleMap.FirstPersonExampleMap up for play (max tick rate 0) at 2015.04.06-01.08.53
[2015.04.05-23.08.53:861][ 64]LogWorld: Bringing up level for play took: 0.007260
[2015.04.05-23.08.53:872][ 64]PIE: Info Play in editor start time for /Game/FirstPersonBP/Maps/UEDPIE_0_FirstPersonExampleMap 0.382
[2015.04.05-23.09.25:610][ 26]LogParticles: Destroying 0 GPU particle simulations for FXSystem 0x000000C1258B7A60
[2015.04.05-23.10.59:379][825]BlueprintLog: New page: Pre-PIE auto-recompile
[2015.04.05-23.10.59:387][825]LogPlayLevel: [PIE] Compiling GrabRecognition before PIE...
[2015.04.05-23.10.59:468][825]LogPlayLevel: PIE:  Blueprint regeneration took 89 ms (1 blueprints)
[2015.04.05-23.10.59:468][825]PIE: New page: PIE session: FirstPersonExampleMap (Apr 6, 2015, 3:10:59 AM)
[2015.04.05-23.10.59:497][825]LogPlayLevel: PIE: StaticDuplicateObject took: (0.027816s)
[2015.04.05-23.10.59:498][825]LogPlayLevel: PIE: World Init took: (0.001567s)
[2015.04.05-23.10.59:498][825]LogPlayLevel: PIE: Created PIE world by copying editor world from /Game/FirstPersonBP/Maps/FirstPersonExampleMap.FirstPersonExampleMap to /Game/FirstPersonBP/Maps/UEDPIE_0_FirstPersonExampleMap.FirstPersonExampleMap (0.029622s)
[2015.04.05-23.10.59:553][825]LogWorld: Game class is 'FirstPersonGameMode_C'
[2015.04.05-23.10.59:556][825]LogAIModule: Creating AISystem for world FirstPersonExampleMap
[2015.04.05-23.10.59:563][825]LogWorld: Bringing World /Game/FirstPersonBP/Maps/UEDPIE_0_FirstPersonExampleMap.FirstPersonExampleMap up for play (max tick rate 0) at 2015.04.06-01.10.59
[2015.04.05-23.10.59:564][825]LogWorld: Bringing up level for play took: 0.006882
[2015.04.05-23.10.59:574][825]PIE: Info Play in editor start time for /Game/FirstPersonBP/Maps/UEDPIE_0_FirstPersonExampleMap 0.084
[2015.04.05-23.11.36:962][942]LogParticles: Destroying 0 GPU particle simulations for FXSystem 0x000000C1266342C0
[2015.04.05-23.12.08:282][902]BlueprintLog: New page: Pre-PIE auto-recompile
[2015.04.05-23.12.08:291][902]LogPlayLevel: [PIE] Compiling GrabRecognition before PIE...
[2015.04.05-23.12.08:382][902]LogPlayLevel: PIE:  Blueprint regeneration took 100 ms (1 blueprints)
[2015.04.05-23.12.08:383][902]PIE: New page: PIE session: FirstPersonExampleMap (Apr 6, 2015, 3:12:08 AM)
[2015.04.05-23.12.08:414][902]LogPlayLevel: PIE: StaticDuplicateObject took: (0.030597s)
[2015.04.05-23.12.08:415][902]LogPlayLevel: PIE: World Init took: (0.000754s)
[2015.04.05-23.12.08:415][902]LogPlayLevel: PIE: Created PIE world by copying editor world from /Game/FirstPersonBP/Maps/FirstPersonExampleMap.FirstPersonExampleMap to /Game/FirstPersonBP/Maps/UEDPIE_0_FirstPersonExampleMap.FirstPersonExampleMap (0.031581s)
[2015.04.05-23.12.08:534][902]LogWorld: Game class is 'FirstPersonGameMode_C'
[2015.04.05-23.12.08:537][902]LogAIModule: Creating AISystem for world FirstPersonExampleMap
[2015.04.05-23.12.08:544][902]LogWorld: Bringing World /Game/FirstPersonBP/Maps/UEDPIE_0_FirstPersonExampleMap.FirstPersonExampleMap up for play (max tick rate 0) at 2015.04.06-01.12.08
[2015.04.05-23.12.08:547][902]LogWorld: Bringing up level for play took: 0.009995
[2015.04.05-23.12.08:559][902]PIE: Info Play in editor start time for /Game/FirstPersonBP/Maps/UEDPIE_0_FirstPersonExampleMap 1.069
[2015.04.05-23.12.22:029][311]LogParticles: Destroying 0 GPU particle simulations for FXSystem 0x000000C11C2C4FE0
[2015.04.05-23.12.48:264][807]LogSlate:Warning: Prevented a slow task dialog from being summoned while a context menu was open
[2015.04.05-23.13.54:002][388]LogSavePackage: Save=2137.259521ms
[2015.04.05-23.13.54:002][388]LogSavePackage: Moving '../../../../../../../Github/Ingenuity/IngenuityBasic/Saved/FirstPersonExampleMap9874CBC0448079B801DDE4A6DB79739C.tmp' to '../../../../../../../Github/Ingenuity/IngenuityBasic/Content/FirstPersonBP/Maps/FirstPersonExampleMap.umap'
[2015.04.05-23.13.54:032][388]LogFileHelpers: Saving map 'FirstPersonExampleMap' took 2.635
[2015.04.05-23.13.54:040][388]Cmd: OBJ SAVEPACKAGE PACKAGE="/Game/GrabRecognition" FILE="../../../../../../../Github/Ingenuity/IngenuityBasic/Content/GrabRecognition.uasset" SILENT=true
[2015.04.05-23.13.54:134][388]LogSavePackage: Save=57.297787ms
[2015.04.05-23.13.54:134][388]LogSavePackage: Moving '../../../../../../../Github/Ingenuity/IngenuityBasic/Saved/GrabRecognitionE591FBFB48D7FBF21AF798813662FD09.tmp' to '../../../../../../../Github/Ingenuity/IngenuityBasic/Content/GrabRecognition.uasset'
[2015.04.05-23.13.56:003][497]Cmd: QUIT_EDITOR
[2015.04.05-23.13.56:236][497]LogExit: Preparing to exit.
[2015.04.05-23.13.56:850][497]LogExit: Editor shut down
[2015.04.05-23.13.56:851][497]LogExit: Transaction tracking system shut down
[2015.04.05-23.13.56:852][497]LogParticles: Destroying 0 GPU particle simulations for FXSystem 0x000000C1604D54E0
[2015.04.05-23.13.56:853][497]LogParticles: Destroying 0 GPU particle simulations for FXSystem 0x000000C10ED58B80
[2015.04.05-23.13.56:853][497]LogParticles: Destroying 0 GPU particle simulations for FXSystem 0x000000C10F55C2C0
[2015.04.05-23.13.56:854][497]LogParticles: Destroying 0 GPU particle simulations for FXSystem 0x000000C15E637240
[2015.04.05-23.13.57:070][497]LogExit: Object subsystem successfully closed.
[2015.04.05-23.13.57:114][497]LogModuleManager: Shutting down and abandoning module CrashTracker (173)
[2015.04.05-23.13.57:114][497]LogModuleManager: Shutting down and abandoning module SuperSearch (172)
[2015.04.05-23.13.57:114][497]LogModuleManager: Shutting down and abandoning module SceneOutliner (171)
[2015.04.05-23.13.57:114][497]LogModuleManager: Shutting down and abandoning module EditorWidgets (170)
[2015.04.05-23.13.57:114][497]LogModuleManager: Shutting down and abandoning module CollectionManager (169)
[2015.04.05-23.13.57:114][497]LogModuleManager: Shutting down and abandoning module StatsViewer (168)
[2015.04.05-23.13.57:114][497]LogModuleManager: Shutting down and abandoning module FoliageEdit (167)
[2015.04.05-23.13.57:114][497]LogModuleManager: Shutting down and abandoning module LandscapeEditor (166)
[2015.04.05-23.13.57:114][497]LogModuleManager: Shutting down and abandoning module MeshPaint (165)
[2015.04.05-23.13.57:114][497]LogModuleManager: Shutting down and abandoning module ActorPickerMode (164)
[2015.04.05-23.13.57:114][497]LogModuleManager: Shutting down and abandoning module GeometryMode (163)
[2015.04.05-23.13.57:114][497]LogModuleManager: Shutting down and abandoning module TextureAlignMode (162)
[2015.04.05-23.13.57:114][497]LogModuleManager: Shutting down and abandoning module BspMode (161)
[2015.04.05-23.13.57:114][497]LogModuleManager: Shutting down and abandoning module PlacementMode (160)
[2015.04.05-23.13.57:114][497]LogModuleManager: Shutting down and abandoning module AutomationWorker (159)
[2015.04.05-23.13.57:114][497]LogModuleManager: Shutting down and abandoning module CharacterAI (158)
[2015.04.05-23.13.57:114][497]LogModuleManager: Shutting down and abandoning module SmartSnapping (157)
[2015.04.05-23.13.57:114][497]LogModuleManager: Shutting down and abandoning module ViewportSnapping (156)
[2015.04.05-23.13.57:114][497]LogModuleManager: Shutting down and abandoning module LogVisualizer (155)
[2015.04.05-23.13.57:115][497]LogModuleManager: Shutting down and abandoning module GameProjectGeneration (154)
[2015.04.05-23.13.57:115][497]LogModuleManager: Shutting down and abandoning module IntroTutorials (153)
[2015.04.05-23.13.57:115][497]LogModuleManager: Shutting down and abandoning module EditorLiveStreaming (152)
[2015.04.05-23.13.57:115][497]LogModuleManager: Shutting down and abandoning module HardwareTargeting (151)
[2015.04.05-23.13.57:115][497]LogModuleManager: Shutting down and abandoning module DeviceProfileEditor (150)
[2015.04.05-23.13.57:115][497]LogModuleManager: Shutting down and abandoning module UndoHistory (149)
[2015.04.05-23.13.57:115][497]LogModuleManager: Shutting down and abandoning module GameplayTagsEditor (148)
[2015.04.05-23.13.57:115][497]LogModuleManager: Shutting down and abandoning module UserFeedback (147)
[2015.04.05-23.13.57:115][497]LogModuleManager: Shutting down and abandoning module XmlParser (146)
[2015.04.05-23.13.57:115][497]LogModuleManager: Shutting down and abandoning module Blutility (145)
[2015.04.05-23.13.57:115][497]LogModuleManager: Shutting down and abandoning module IOSPlatformEditor (144)
[2015.04.05-23.13.57:115][497]LogModuleManager: Shutting down and abandoning module IOSRuntimeSettings (143)
[2015.04.05-23.13.57:115][497]LogModuleManager: Shutting down and abandoning module AndroidDeviceDetection (142)
[2015.04.05-23.13.58:110][497]LogModuleManager: Shutting down and abandoning module AndroidPlatformEditor (141)
[2015.04.05-23.13.58:110][497]LogModuleManager: Shutting down and abandoning module AndroidRuntimeSettings (140)
[2015.04.05-23.13.58:110][497]LogModuleManager: Shutting down and abandoning module ProjectTargetPlatformEditor (139)
[2015.04.05-23.13.58:110][497]LogModuleManager: Shutting down and abandoning module ProjectSettingsViewer (138)
[2015.04.05-23.13.58:112][497]LogModuleManager: Shutting down and abandoning module InputBindingEditor (137)
[2015.04.05-23.13.58:112][497]LogModuleManager: Shutting down and abandoning module EditorSettingsViewer (136)
[2015.04.05-23.13.58:112][497]LogModuleManager: Shutting down and abandoning module SettingsEditor (135)
[2015.04.05-23.13.58:112][497]LogModuleManager: Shutting down and abandoning module ProjectLauncher (134)
[2015.04.05-23.13.58:112][497]LogModuleManager: Shutting down and abandoning module SessionFrontend (133)
[2015.04.05-23.13.58:112][497]LogModuleManager: Shutting down and abandoning module ProfilerClient (132)
[2015.04.05-23.13.58:112][497]LogModuleManager: Shutting down and abandoning module TargetDeviceServices (131)
[2015.04.05-23.13.58:112][497]LogModuleManager: Shutting down and abandoning module DeviceManager (130)
[2015.04.05-23.13.58:113][497]LogModuleManager: Shutting down and abandoning module AutomationController (129)
[2015.04.05-23.13.58:113][497]LogModuleManager: Shutting down and abandoning module AutomationWindow (128)
[2015.04.05-23.13.58:113][497]LogModuleManager: Shutting down and abandoning module Layers (127)
[2015.04.05-23.13.58:113][497]LogModuleManager: Shutting down and abandoning module ComponentVisualizers (126)
[2015.04.05-23.13.58:113][497]LogModuleManager: Shutting down and abandoning module DetailCustomizations (125)
[2015.04.05-23.13.58:113][497]LogModuleManager: Shutting down and abandoning module PackagesDialog (124)
[2015.04.05-23.13.58:114][497]LogModuleManager: Shutting down and abandoning module AssetRegistry (123)
[2015.04.05-23.13.58:185][497]LogModuleManager: Shutting down and abandoning module Persona (122)
[2015.04.05-23.13.58:185][497]LogModuleManager: Shutting down and abandoning module SlateReflector (121)
[2015.04.05-23.13.58:185][497]LogModuleManager: Shutting down and abandoning module LevelEditor (120)
[2015.04.05-23.13.58:186][497]LogModuleManager: Shutting down and abandoning module Kismet (119)
[2015.04.05-23.13.58:186][497]LogModuleManager: Shutting down and abandoning module GraphEditor (118)
[2015.04.05-23.13.58:187][497]LogModuleManager: Shutting down and abandoning module ClassViewer (117)
[2015.04.05-23.13.58:187][497]LogModuleManager: Shutting down and abandoning module Toolbox (116)
[2015.04.05-23.13.58:187][497]LogModuleManager: Shutting down and abandoning module ModuleUI (115)
[2015.04.05-23.13.58:187][497]LogModuleManager: Shutting down and abandoning module MovieSceneTools (114)
[2015.04.05-23.13.58:187][497]LogModuleManager: Shutting down and abandoning module OutputLog (113)
[2015.04.05-23.13.58:187][497]LogModuleManager: Shutting down and abandoning module GammaUI (112)
[2015.04.05-23.13.58:187][497]LogModuleManager: Shutting down and abandoning module Documentation (111)
[2015.04.05-23.13.58:187][497]LogModuleManager: Shutting down and abandoning module GameLiveStreaming (110)
[2015.04.05-23.13.58:187][497]LogModuleManager: Shutting down and abandoning module StreamingPauseRendering (109)
[2015.04.05-23.13.58:187][497]LogModuleManager: Shutting down and abandoning module HTTP (108)
[2015.04.05-23.13.58:187][497]LogModuleManager: Shutting down and abandoning module AnalyticsET (107)
[2015.04.05-23.13.58:187][497]LogModuleManager: Shutting down and abandoning module Analytics (106)
[2015.04.05-23.13.58:187][497]LogModuleManager: Shutting down and abandoning module AITestSuite (105)
[2015.04.05-23.13.58:187][497]LogModuleManager: Shutting down and abandoning module GameplayDebugger (104)
[2015.04.05-23.13.58:187][497]LogModuleManager: Shutting down and abandoning module AIModule (103)
[2015.04.05-23.13.58:187][497]LogModuleManager: Shutting down and abandoning module ProfilerService (102)
[2015.04.05-23.13.58:324][497]LogModuleManager: Shutting down and abandoning module TaskGraph (101)
[2015.04.05-23.13.58:324][497]LogModuleManager: Shutting down and abandoning module SlateRemote (100)
[2015.04.05-23.13.58:324][497]LogModuleManager: Shutting down and abandoning module ScriptEditorPlugin (99)
[2015.04.05-23.13.58:324][497]LogModuleManager: Shutting down and abandoning module LeapMotionController (98)
[2015.04.05-23.13.58:405][497]LogModuleManager: Shutting down and abandoning module CustomMeshComponent (97)
[2015.04.05-23.13.58:405][497]LogModuleManager: Shutting down and abandoning module CableComponent (96)
[2015.04.05-23.13.58:405][497]LogModuleManager: Shutting down and abandoning module MessagingDebugger (95)
[2015.04.05-23.13.58:405][497]LogModuleManager: Shutting down and abandoning module MediaPlayerEditor (94)
[2015.04.05-23.13.58:405][497]LogModuleManager: Shutting down and abandoning module SpeedTreeImporter (93)
[2015.04.05-23.13.58:405][497]LogModuleManager: Shutting down and abandoning module PluginsEditor (92)
[2015.04.05-23.13.58:405][497]LogModuleManager: Shutting down and abandoning module MainFrame (91)
[2015.04.05-23.13.58:405][497]LogModuleManager: Shutting down and abandoning module EpicSurvey (90)
[2015.04.05-23.13.58:405][497]LogModuleManager: Shutting down and abandoning module DesktopPlatform (89)
[2015.04.05-23.13.58:405][497]LogModuleManager: Shutting down and abandoning module DirectoryWatcher (88)
[2015.04.05-23.13.58:406][497]LogModuleManager: Shutting down and abandoning module HotReload (87)
[2015.04.05-23.13.58:406][497]LogModuleManager: Shutting down and abandoning module VisualStudioSourceCodeAccess (86)
[2015.04.05-23.13.58:406][497]LogModuleManager: Shutting down and abandoning module UObjectPlugin (85)
[2015.04.05-23.13.58:406][497]LogModuleManager: Shutting down and abandoning module SubversionSourceControl (84)
[2015.04.05-23.13.58:406][497]LogModuleManager: Shutting down and abandoning module PerforceSourceControl (83)
[2015.04.05-23.13.58:406][497]LogModuleManager: Shutting down and abandoning module SourceControl (82)
[2015.04.05-23.13.58:406][497]LogModuleManager: Shutting down and abandoning module GitSourceControl (81)
[2015.04.05-23.13.58:406][497]LogModuleManager: Shutting down and abandoning module BlankPlugin (80)
[2015.04.05-23.13.58:406][497]LogModuleManager: Shutting down and abandoning module PaperTiledImporter (79)
[2015.04.05-23.13.58:406][497]LogModuleManager: Shutting down and abandoning module PaperJsonImporter (78)
[2015.04.05-23.13.58:406][497]LogModuleManager: Shutting down and abandoning module ContentBrowser (77)
[2015.04.05-23.13.58:407][497]LogModuleManager: Shutting down and abandoning module Paper2DEditor (76)
[2015.04.05-23.13.58:407][497]LogModuleManager: Shutting down and abandoning module ScriptPlugin (75)
[2015.04.05-23.13.58:407][497]LogModuleManager: Shutting down and abandoning module UdpMessaging (74)
[2015.04.05-23.13.58:508][497]LogModuleManager: Shutting down and abandoning module Paper2D (73)
[2015.04.05-23.13.58:508][497]LogModuleManager: Shutting down and abandoning module WindowsMoviePlayer (72)
[2015.04.05-23.13.58:511][497]LogModuleManager: Shutting down and abandoning module Media (71)
[2015.04.05-23.13.58:512][497]LogModuleManager: Shutting down and abandoning module WmfMedia (70)
[2015.04.05-23.13.58:512][497]LogModuleManager: Shutting down and abandoning module OnlineBlueprintSupport (69)
[2015.04.05-23.13.58:512][497]LogModuleManager: Shutting down and abandoning module PropertyEditor (68)
[2015.04.05-23.13.58:512][497]LogModuleManager: Shutting down and abandoning module BehaviorTreeEditor (67)
[2015.04.05-23.13.58:512][497]LogModuleManager: Shutting down and abandoning module FunctionalTesting (66)
[2015.04.05-23.13.58:512][497]LogModuleManager: Shutting down and abandoning module CollisionAnalyzer (65)
[2015.04.05-23.13.58:512][497]LogModuleManager: Shutting down and abandoning module WorkspaceMenuStructure (64)
[2015.04.05-23.13.58:512][497]LogModuleManager: Shutting down and abandoning module MessageLog (63)
[2015.04.05-23.13.58:512][497]LogModuleManager: Shutting down and abandoning module Sequencer (62)
[2015.04.05-23.13.58:512][497]LogModuleManager: Shutting down and abandoning module AssetTools (61)
[2015.04.05-23.13.58:512][497]LogModuleManager: Shutting down and abandoning module UMGEditor (60)
[2015.04.05-23.13.58:512][497]LogModuleManager: Shutting down and abandoning module UMG (59)
[2015.04.05-23.13.58:512][497]LogModuleManager: Shutting down and abandoning module Slate (58)
[2015.04.05-23.13.58:512][497]LogModuleManager: Shutting down and abandoning module EditorStyle (57)
[2015.04.05-23.13.58:517][497]LogModuleManager: Shutting down and abandoning module SessionServices (56)
[2015.04.05-23.13.58:517][497]LogModuleManager: Shutting down and abandoning module SourceCodeAccess (55)
[2015.04.05-23.13.58:517][497]LogModuleManager: Shutting down and abandoning module HeadMountedDisplay (54)
[2015.04.05-23.13.58:517][497]LogModuleManager: Shutting down and abandoning module XAudio2 (53)
[2015.04.05-23.13.58:517][497]LogModuleManager: Shutting down and abandoning module Networking (51)
[2015.04.05-23.13.58:517][497]LogModuleManager: Shutting down and abandoning module Core (50)
[2015.04.05-23.13.58:517][497]LogModuleManager: Shutting down and abandoning module KismetCompiler (49)
[2015.04.05-23.13.58:517][497]LogModuleManager: Shutting down and abandoning module PhysXFormats (48)
[2015.04.05-23.13.58:517][497]LogModuleManager: Shutting down and abandoning module MeshUtilities (47)
[2015.04.05-23.13.58:517][497]LogModuleManager: Shutting down and abandoning module DerivedDataCache (46)
[2015.04.05-23.13.58:615][497]LogDerivedDataCache: Shutdown
[2015.04.05-23.13.58:615][497]LogModuleManager: Shutting down and abandoning module ShaderFormatOpenGL (45)
[2015.04.05-23.13.58:615][497]LogModuleManager: Shutting down and abandoning module ShaderFormatD3D (44)
[2015.04.05-23.13.58:615][497]LogModuleManager: Shutting down and abandoning module MetalShaderFormat (43)
[2015.04.05-23.13.58:615][497]LogModuleManager: Shutting down and abandoning module TextureFormatUncompressed (42)
[2015.04.05-23.13.58:615][497]LogModuleManager: Shutting down and abandoning module TextureFormatPVR (41)
[2015.04.05-23.13.58:615][497]LogModuleManager: Shutting down and abandoning module TextureFormatIntelISPCTexComp (40)
[2015.04.05-23.13.58:615][497]LogModuleManager: Shutting down and abandoning module TextureFormatDXT (39)
[2015.04.05-23.13.58:615][497]LogModuleManager: Shutting down and abandoning module ImageWrapper (38)
[2015.04.05-23.13.58:615][497]LogModuleManager: Shutting down and abandoning module TextureFormatASTC (37)
[2015.04.05-23.13.58:615][497]LogModuleManager: Shutting down and abandoning module AudioFormatOpus (36)
[2015.04.05-23.13.58:615][497]LogModuleManager: Shutting down and abandoning module AudioFormatOgg (35)
[2015.04.05-23.13.58:615][497]LogModuleManager: Shutting down and abandoning module AudioFormatADPCM (34)
[2015.04.05-23.13.58:615][497]LogModuleManager: Shutting down and abandoning module Messaging (33)
[2015.04.05-23.13.58:615][497]LogModuleManager: Shutting down and abandoning module IOSTargetPlatform (32)
[2015.04.05-23.13.58:615][497]LogModuleManager: Shutting down and abandoning module HTML5TargetPlatform (31)
[2015.04.05-23.13.58:615][497]LogModuleManager: Shutting down and abandoning module Android_PVRTCTargetPlatform (30)
[2015.04.05-23.13.58:615][497]LogModuleManager: Shutting down and abandoning module Android_ETC2TargetPlatform (29)
[2015.04.05-23.13.58:615][497]LogModuleManager: Shutting down and abandoning module Android_ETC1TargetPlatform (28)
[2015.04.05-23.13.58:615][497]LogModuleManager: Shutting down and abandoning module Android_DXTTargetPlatform (27)
[2015.04.05-23.13.58:615][497]LogModuleManager: Shutting down and abandoning module Android_ATCTargetPlatform (26)
[2015.04.05-23.13.58:615][497]LogModuleManager: Shutting down and abandoning module AndroidTargetPlatform (25)
[2015.04.05-23.13.58:615][497]LogModuleManager: Shutting down and abandoning module WindowsTargetPlatform (24)
[2015.04.05-23.13.58:615][497]LogModuleManager: Shutting down and abandoning module WindowsServerTargetPlatform (23)
[2015.04.05-23.13.58:615][497]LogModuleManager: Shutting down and abandoning module WindowsNoEditorTargetPlatform (22)
[2015.04.05-23.13.58:615][497]LogModuleManager: Shutting down and abandoning module WindowsClientTargetPlatform (21)
[2015.04.05-23.13.58:615][497]LogModuleManager: Shutting down and abandoning module TargetPlatform (20)
[2015.04.05-23.13.58:615][497]LogModuleManager: Shutting down and abandoning module InputCore (19)
[2015.04.05-23.13.58:615][497]LogModuleManager: Shutting down and abandoning module Settings (18)
[2015.04.05-23.13.58:615][497]LogModuleManager: Shutting down and abandoning module OnlineSubsystem (16)
[2015.04.05-23.13.58:615][497]LogModuleManager: Shutting down and abandoning module OculusRift (15)
[2015.04.05-23.13.58:615][497]LogModuleManager: Shutting down and abandoning module ExampleDeviceProfileSelector (14)
[2015.04.05-23.13.58:615][497]LogModuleManager: Shutting down and abandoning module TextureCompressor (13)
[2015.04.05-23.13.58:615][497]LogModuleManager: Shutting down and abandoning module ShaderCore (12)
[2015.04.05-23.13.58:615][497]LogModuleManager: Shutting down and abandoning module Landscape (11)
[2015.04.05-23.13.58:615][497]LogModuleManager: Shutting down and abandoning module SlateRHIRenderer (10)
[2015.04.05-23.13.58:620][497]LogModuleManager: Shutting down and abandoning module OpenGLDrv (9)
[2015.04.05-23.13.58:620][497]LogModuleManager: Shutting down and abandoning module D3D11RHI (8)
[2015.04.05-23.13.58:620][497]LogModuleManager: Shutting down and abandoning module Renderer (7)
[2015.04.05-23.13.58:620][497]LogModuleManager: Shutting down and abandoning module Engine (6)
[2015.04.05-23.13.58:620][497]LogModuleManager: Shutting down and abandoning module CoreUObject (5)
[2015.04.05-23.13.58:620][497]LogModuleManager: Shutting down and abandoning module NetworkFile (4)
[2015.04.05-23.13.58:620][497]LogModuleManager: Shutting down and abandoning module StreamingFile (3)
[2015.04.05-23.13.58:620][497]LogModuleManager: Shutting down and abandoning module SandboxFile (2)
[2015.04.05-23.13.58:620][497]LogModuleManager: Shutting down and abandoning module PakFile (1)
[2015.04.05-23.13.58:621][497]LogExit: Exiting.
[2015.04.05-23.13.58:629][497]Log file closed, 04/06/15 01:13:58
