Log file open, 04/06/15 18:50:15
LogInit:Display: Running engine for game: IngenuityBasic
LogInit: Version: 4.7.4-0+++depot+UE4-Releases+4.7
LogInit: API Version: 0
LogInit: Compiled (64-bit): Mar 25 2015 02:32:27
LogInit: Compiled with Visual C++: 18.00.31101.00
LogInit: Build Configuration: Development
LogInit: Branch Name: ++depot+UE4-Releases+4.7
LogInit: Command line: 
LogInit: Base directory: D:/UE4/source code/UnrealEngine-4.7/UnrealEngine-4.7/Engine/Binaries/Win64/
LogInit: Rocket: 0
[2015.04.06-16.50.15:716][  0]LogTaskGraph: Started task graph with 3 named threads and 6 total threads.
[2015.04.06-16.50.15:768][  0]LogOnline:Warning: No default platform service specified for OnlineSubsystem
[2015.04.06-16.50.15:776][  0]LogInit: Presizing for 0 objects not considered by GC, pre-allocating 0 bytes.
[2015.04.06-16.50.15:785][  0]LogInit: Object subsystem initialized
[2015.04.06-16.50.15:786][  0]LogConsoleResponse:Warning: Skipping Unknown console variable: 'TranslucentSortAxis = (X=0.000000,Y=-1.000000,Z=0.000000)'
[2015.04.06-16.50.15:786][  0]LogConsoleResponse:Warning:   Found in ini file 'D:/Github/Ingenuity/IngenuityBasic/Saved/Config/Windows/Engine.ini', in section '[/Script/Engine.RendererSettings]'
[2015.04.06-16.50.15:786][  0]LogConsoleResponse:Warning: Skipping Unknown console variable: 'UIScaleRule = ShortestSide'
[2015.04.06-16.50.15:786][  0]LogConsoleResponse:Warning:   Found in ini file 'D:/Github/Ingenuity/IngenuityBasic/Saved/Config/Windows/Engine.ini', in section '[/Script/Engine.RendererSettings]'
[2015.04.06-16.50.15:786][  0]LogConsoleResponse:Warning: Skipping Unknown console variable: 'UIScaleCurve = (EditorCurveData=(Keys=),ExternalCurve=None)'
[2015.04.06-16.50.15:786][  0]LogConsoleResponse:Warning:   Found in ini file 'D:/Github/Ingenuity/IngenuityBasic/Saved/Config/Windows/Engine.ini', in section '[/Script/Engine.RendererSettings]'
[2015.04.06-16.50.15:787][  0]LogInit: Selected Device Profile: [Windows]
[2015.04.06-16.50.15:787][  0]LogInit: Applying CVar settings loaded from the selected device profile: [Windows]
[2015.04.06-16.50.15:871][  0]LogInit: Computer: TAZDINGO
[2015.04.06-16.50.15:871][  0]LogInit: User: VolJin
[2015.04.06-16.50.15:871][  0]LogInit: CPU Page size=4096, Cores=4
[2015.04.06-16.50.15:872][  0]LogInit: High frequency timer resolution =2.143486 MHz
[2015.04.06-16.50.15:872][  0]LogMemory: Memory total: Physical=7.9GB (8GB approx) Virtual=131072.0GB
[2015.04.06-16.50.15:872][  0]LogMemory: Platform Memory Stats for Windows
[2015.04.06-16.50.15:872][  0]LogMemory: Process Physical Memory: 45.66 MB used, 45.66 MB peak
[2015.04.06-16.50.15:872][  0]LogMemory: Process Virtual Memory: 22.44 MB used, 22.45 MB peak
[2015.04.06-16.50.15:872][  0]LogMemory: Physical Memory: 3023.49 MB used, 8108.79 MB total
[2015.04.06-16.50.15:872][  0]LogMemory: Virtual Memory: 288.31 MB used, 134217728.00 MB total
[2015.04.06-16.50.15:914][  0]LogD3D11RHI: Found D3D11 adapter 0: Intel(R) HD Graphics 4600 (Feature Level 11_0)
[2015.04.06-16.50.15:914][  0]LogD3D11RHI: Adapter has 0MB of dedicated video memory, 0MB of dedicated system memory, and 1792MB of shared system memory, 2 output[s]
[2015.04.06-16.50.15:934][  0]LogD3D11RHI: Found D3D11 adapter 1: NVIDIA GeForce GTX 760M (Feature Level 11_0)
[2015.04.06-16.50.15:934][  0]LogD3D11RHI: Adapter has 1988MB of dedicated video memory, 0MB of dedicated system memory, and 2048MB of shared system memory, 0 output[s]
[2015.04.06-16.50.15:935][  0]LogD3D11RHI: Found D3D11 adapter 2: Microsoft Basic Render Driver (Feature Level 11_0)
[2015.04.06-16.50.15:935][  0]LogD3D11RHI: Adapter has 0MB of dedicated video memory, 0MB of dedicated system memory, and 256MB of shared system memory, 0 output[s]
[2015.04.06-16.50.15:935][  0]LogD3D11RHI: Chosen D3D11 Adapter Id = 0
[2015.04.06-16.50.15:940][  0]LogRHI: Texture pool is 1361 MB (70% of 1945 MB)
[2015.04.06-16.50.15:953][  0]LogD3D11RHI: Async texture creation enabled
[2015.04.06-16.50.16:022][  0]LogTextLocalizationManager: The requested culture ('de_DE') has no localization data; falling back to 'en' for localization and internationalization data.
[2015.04.06-16.50.16:117][  0]LogTextLocalizationManager:Warning: Loading localization resources contain conflicting entries for (Namespace:UICommands, Key:Save_ToolTip):
Resource: (D:/UE4/source code/UnrealEngine-4.7/UnrealEngine-4.7/Engine/Content/Localization/Editor/en/Editor.locres) Hash: (-29098895) String: (Saves the current level to disk)
Resource: (D:/UE4/source code/UnrealEngine-4.7/UnrealEngine-4.7/Engine/Content/Localization/Engine/en/Engine.locres) Hash: (-1280300587) String: (Save selected data to vlog file)
[2015.04.06-16.50.16:117][  0]LogTextLocalizationManager:Warning: Loading localization resources contain conflicting entries for (Namespace:ContentBrowser, Key:ImportAssetToolTip):
Resource: (D:/UE4/source code/UnrealEngine-4.7/UnrealEngine-4.7/Engine/Content/Localization/Editor/en/Editor.locres) Hash: (-630476809) String: (Import to {0}...)
Resource: (D:/UE4/source code/UnrealEngine-4.7/UnrealEngine-4.7/Engine/Content/Localization/Editor/en/Editor.locres) Hash: (1271782899) String: (Imports an asset from file to this folder.)
[2015.04.06-16.50.16:225][  0]LogContentStreaming: Texture pool size is 0.000000MB
[2015.04.06-16.50.18:600][  0]LogTargetPlatformManager:Display: Building Assets For Windows
[2015.04.06-16.50.19:200][  0]LogTargetPlatformManager:Display: Building Assets For Windows
[2015.04.06-16.50.19:252][  0]LogDerivedDataCache:Display: Max Cache Size: 512 MB
[2015.04.06-16.50.19:836][  0]LogDerivedDataCache: Loaded boot cache 0.53s 40MB ../../../../../../../Github/Ingenuity/IngenuityBasic/DerivedDataCache/Boot.ddc.
[2015.04.06-16.50.19:836][  0]LogDerivedDataCache:Display: Loaded Boot cache: ../../../../../../../Github/Ingenuity/IngenuityBasic/DerivedDataCache/Boot.ddc
[2015.04.06-16.50.19:836][  0]LogDerivedDataCache: FDerivedDataBackendGraph:  Pak pak cache file ../../../../../../../Github/Ingenuity/IngenuityBasic/DerivedDataCache/DDC.ddp not found, will not use a pak cache.
[2015.04.06-16.50.19:836][  0]LogDerivedDataCache: Unable to find inner node Pak for hierarchical cache Hierarchy.
[2015.04.06-16.50.19:836][  0]LogDerivedDataCache: FDerivedDataBackendGraph:  EnginePak pak cache file ../../../Engine/DerivedDataCache/DDC.ddp not found, will not use a pak cache.
[2015.04.06-16.50.19:836][  0]LogDerivedDataCache: Unable to find inner node EnginePak for hierarchical cache Hierarchy.
[2015.04.06-16.50.19:866][  0]LogDerivedDataCache: Using Local data cache path ../../../Engine/DerivedDataCache: Writable
[2015.04.06-16.50.19:866][  0]LogDerivedDataCache: Shared data cache path not found in *engine.ini, will not use an Shared cache.
[2015.04.06-16.50.19:866][  0]LogDerivedDataCache: Unable to find inner node Shared for hierarchical cache Hierarchy.
[2015.04.06-16.50.20:169][  0]LogMeshUtilities: No automatic mesh reduction module available
[2015.04.06-16.50.20:169][  0]LogMeshUtilities: No automatic mesh merging module available
[2015.04.06-16.50.20:639][  0]LogInit: WinSock: version 1.1 (2.2), MaxSocks=32767, MaxUdp=65467
[2015.04.06-16.50.20:696][  0]LogSlate:Warning: Failed to load font data from '../../../Engine/Content/Slate/Fonts/Roboto-Italic.ttf'
[2015.04.06-16.50.21:487][  0]UdpMessaging: Initializing bridge on interface 0.0.0.0:0 to multicast group 230.0.0.1:6666.
[2015.04.06-16.50.21:725][  0]SourceControl: Info Source control is disabled
[2015.04.06-16.50.21:725][  0]SourceControl: Info Source control is disabled
[2015.04.06-16.50.21:725][  0]SourceControl: Info Source control is disabled
[2015.04.06-16.50.21:725][  0]LogSourceControl: RunCommandInternalRaw: 'git version'
[2015.04.06-16.50.21:726][  0]LogSourceControl: RunCommandInternalRaw: ExecProcess ReturnCode=2 OutResults=''
[2015.04.06-16.50.21:736][  0]SourceControl: Info Source control is disabled
[2015.04.06-16.50.21:997][  0]LogObj: 24371 objects as part of root set at end of initial load.
[2015.04.06-16.50.21:997][  0]LogUObjectAllocator: 5175440 out of 0 bytes used by permanent object pool.
[2015.04.06-16.50.22:071][  0]LogEngine: Initializing Engine...
[2015.04.06-16.50.25:263][  0]LogInit: XAudio2 using 'Lautsprecher (9- Logitech G430 Gaming Headset)' : 8 channels at 48 kHz using 16 bits per sample (channel mask 0x63f)
[2015.04.06-16.50.25:268][  0]LogInit: FAudioDevice initialized.
[2015.04.06-16.50.25:296][  0]LogAIModule: Creating AISystem for world NewWorld
[2015.04.06-16.50.25:335][  0]LogDerivedDataCache: Saved boot cache 0.04s 40MB ../../../../../../../Github/Ingenuity/IngenuityBasic/DerivedDataCache/Boot.ddc.
[2015.04.06-16.50.25:340][  0]LogInit: Texture streaming: Enabled
[2015.04.06-16.50.25:431][  0]LogAnalytics: Creating configured Analytics provider AnalyticsET
[2015.04.06-16.50.25:431][  0]LogAnalytics: ET APIKey = UnrealEngine.Release. APIServer = http://etsource.epicgames.com/ET2/. AppVersion = 4.7.4-0+++depot+UE4-Releases+4.7
[2015.04.06-16.50.25:431][  0]LogAnalytics: SetUserId c98b79d14844094ad4256e87f54b579a|b11a4e7304504cc2a52d02214ea30f55|55325a2e-fcbf-49b6-ade6-f98150735238
[2015.04.06-16.50.25:431][  0]LogAnalytics: AnalyticsET::StartSession [UnrealEngine.Release]
[2015.04.06-16.50.25:455][  0]LogInit: Transaction tracking system initialized
[2015.04.06-16.50.25:584][  0]BlueprintLog: New page: Editor Load
[2015.04.06-16.50.25:613][  0]LogAssetRegistry: FAssetRegistry took 0.0111 seconds to start up
[2015.04.06-16.50.25:613][  0]LogDirectoryWatcher:Warning: Failed to begin reading directory changes for ../../../Engine/Plugins/Experimental/CharacterAI/Content/. Error: 0
[2015.04.06-16.50.26:142][  0]LogTargetPlatformManager:Display: Building Assets For Windows
[2015.04.06-16.50.26:562][  0]LogTargetPlatformManager:Display: Building Assets For Windows
[2015.04.06-16.50.26:863][  0]LogSlate:Warning: Failed to load font data from '../../../Engine/Content/Editor/Slate/Fonts/Roboto-Regular.ttf'
[2015.04.06-16.50.26:863][  0]LogSlate:Warning: Failed to load font data from '../../../Engine/Content/Editor/Slate/Fonts/Roboto-Bold.ttf'
[2015.04.06-16.50.26:867][  0]LogConsoleResponse:Display: 
[2015.04.06-16.50.27:067][  0]LogCook:Display: Done creating registry. It took  0.00s.
[2015.04.06-16.50.27:183][  0]SourceControl: Info Source control is disabled
[2015.04.06-16.50.27:184][  0]Cmd: MAP LOAD FILE="../../../../../../../Github/Ingenuity/IngenuityBasic/Content/FirstPersonBP/Maps/FirstPersonExampleMap.umap" TEMPLATE=0 SHOWPROGRESS=1 FEATURELEVEL=3
[2015.04.06-16.50.27:184][  0]LightingResults: New page: Lighting Build
[2015.04.06-16.50.27:193][  0]MapCheck: New page: Map Check
[2015.04.06-16.50.27:193][  0]LightingResults: New page: Lighting Build
[2015.04.06-16.50.27:277][  0]LogParticles: Destroying 0 GPU particle simulations for FXSystem 0x0000004E415274C0
[2015.04.06-16.50.28:385][  0]LogBlueprint:Error: [compiler] Error The current value of the ' Spawn Transform ' pin is invalid: 'Spawn Transform' must have an input wired into it ("by ref" params expect a valid input to operate on).
[2015.04.06-16.50.28:385][  0]LogBlueprint:Error: [compiler] Error The current value of the ' Spawn Transform ' pin is invalid: 'Spawn Transform' must have an input wired into it ("by ref" params expect a valid input to operate on).
[2015.04.06-16.50.28:396][  0]LogBlueprint:Warning: [compiler] Warning [0014.79] Compile of GrabRecognition failed. 2 Fatal Issue(s) 0 Warning(s) [in 22 ms]
[2015.04.06-16.50.28:396][  0]LogBlueprint:Warning: [compiler] Warning [0014.79] Compile of GrabRecognition failed. 2 Fatal Issue(s) 1 Warning(s) [in 0 ms]
[2015.04.06-16.50.28:396][  0]LogBlueprint:Warning: [compiler] Warning [0014.79] Compile of GrabRecognition failed. 2 Fatal Issue(s) 2 Warning(s) [in 0 ms]
[2015.04.06-16.50.28:396][  0]LogBlueprint:Warning: [compiler] Warning [0014.79] Compile of GrabRecognition failed. 2 Fatal Issue(s) 3 Warning(s) [in 0 ms]
[2015.04.06-16.50.28:604][  0]LogEditorServer: Finished looking for orphan Actors (0.000 secs)
[2015.04.06-16.50.29:866][  0]LogAIModule: Creating AISystem for world FirstPersonExampleMap
[2015.04.06-16.50.29:867][  0]Cmd: MAP CHECKDEP
[2015.04.06-16.50.29:867][  0]MapCheck: New page: FirstPersonExampleMap - Apr 6, 2015, 8:50:29 PM
[2015.04.06-16.50.29:950][  0]MapCheck: Info Map check complete: 0 Error(s), 0 Warning(s), took 83.109ms to complete.
[2015.04.06-16.50.29:950][  0]LogFileHelpers: Loading map 'FirstPersonExampleMap' took 2.767
[2015.04.06-16.50.30:160][  0]LogCollectionManager: Loaded 0 collections in 0.000801 seconds
[2015.04.06-16.50.30:169][  0]LogContentBrowser: Native class hierarchy populated in 0.0088 seconds. Added 1701 classes and 262 folders.
[2015.04.06-16.50.30:189][  0]LogContentBrowser:Verbose: The content browser source was changed by the sources view to '/Game'
[2015.04.06-16.50.30:201][  0]LogContentBrowser: Native class hierarchy updated for 'SceneOutliner' in 0.0017 seconds. Added 1 classes and 2 folders.
[2015.04.06-16.50.30:230][  0]LogCrashTracker: Crashtracker disabled due to settings.
[2015.04.06-16.50.30:232][  0]LogSlate:Warning: Failed to load font data from 'Veranda'
[2015.04.06-16.50.30:296][  0]LogUObjectGlobals:Warning: Failed to find object 'Class None.'
[2015.04.06-16.50.30:353][  0]LogLoad: Full Startup: 16.75 seconds (BP compile: 0.56 seconds)
[2015.04.06-16.50.30:933][  0]LogRenderer:Warning: Reallocating scene render targets to support 768x456 (Frame:2).
[2015.04.06-16.50.33:567][  7]LogAssetRegistry: Asset discovery search completed in 7.9651 seconds
[2015.04.06-16.55.52:889][338]LogContentBrowser:Verbose: The content browser source was changed by the sources view to '/Game'
[2015.04.06-16.56.02:812][832]LogRenderer:Warning: Reallocating scene render targets to support 952x720 (Frame:684).
[2015.04.06-16.56.25:284][ 59]LogTexture:Display: Building textures: T_Burst_M (AutoDXT)
[2015.04.06-16.56.25:407][ 59]LogMaterial: Missing cached shader map for material M_Burst, compiling. 
[2015.04.06-16.56.25:603][ 59]LogMaterial: Missing cached shader map for material m_flare_01, compiling. 
[2015.04.06-16.56.25:908][ 59]LogTexture:Display: Building textures: T_Explosion_SubUV (AutoDXT)
[2015.04.06-16.56.28:079][ 59]LogMaterial: Missing cached shader map for material M_explosion_subUV, compiling. 
[2015.04.06-16.56.28:089][ 59]LogMaterial: Missing cached shader map for material M_radial_ramp, compiling. 
[2015.04.06-16.56.28:156][ 59]LogTexture:Display: Building textures: T_Smoke_Tiled_D (AutoDXT)
[2015.04.06-16.56.28:479][ 59]LogTexture:Display: Building textures: T_Smoke_SubUV (AutoDXT)
[2015.04.06-16.56.32:402][ 59]LogMaterial: Missing cached shader map for material M_smoke_subUV, compiling. 
[2015.04.06-16.56.32:550][ 59]LogTexture:Display: Building textures: ThumbnailTexture (DXT1)
[2015.04.06-16.57.42:058][552]LogTexture:Display: Building textures: T_Wood_Walnut_D (AutoDXT)
[2015.04.06-16.57.46:767][552]LogTexture:Display: Building textures: T_Wood_Walnut_N (BC5)
[2015.04.06-16.57.47:418][552]LogMaterial: Missing cached shader map for material M_Wood_Walnut, compiling. 
[2015.04.06-16.58.37:377][429]LogMaterial: Missing cached shader map for material RedMaterial, compiling. 
[2015.04.06-16.58.37:447][429]LogActorComponent: UnregisterComponent: (/Engine/Transient.SkeletalMeshComponent_0) Not registered. Aborting.
[2015.04.06-16.58.37:503][429]LogActorComponent: UnregisterComponent: (/Engine/Transient.SkeletalMeshComponent_0) Not registered. Aborting.
[2015.04.06-16.58.37:503][429]LogActorComponent: RegisterComponentWithWorld: (/Engine/Transient.MaterialEditorMeshComponent_0) Already registered. Aborting.
[2015.04.06-16.58.37:505][429]LogMaterial: Missing cached shader map for material RedMaterial, compiling. 
[2015.04.06-16.58.37:510][429]LogMaterial: 0.000065 seconds spent updating 1 materials, 1 interfaces, 0 instances, 0 with static permutations.
[2015.04.06-16.58.38:613][484]MaterialEditorStats: Info Base pass shader with only dynamic lighting: 29 instructions
[2015.04.06-16.58.38:613][484]MaterialEditorStats: Info Vertex shader: 31 instructions
[2015.04.06-16.58.38:613][484]MaterialEditorStats: Info Texture samplers: 0/16
[2015.04.06-16.59.19:668][891]LogMaterial: Missing cached shader map for material RedMaterial, compiling. 
[2015.04.06-16.59.19:676][891]LogMaterial: Missing cached shader map for material RedMaterial, compiling. 
[2015.04.06-16.59.19:681][891]LogMaterial: 0.000122 seconds spent updating 1 materials, 1 interfaces, 0 instances, 0 with static permutations.
[2015.04.06-16.59.20:916][957]MaterialEditorStats: Info Base pass shader with only dynamic lighting: 29 instructions
[2015.04.06-16.59.20:916][957]MaterialEditorStats: Info Vertex shader: 31 instructions
[2015.04.06-16.59.20:916][957]MaterialEditorStats: Info Texture samplers: 0/16
[2015.04.06-16.59.20:951][959]LogMaterial: Missing cached shader map for material RedMaterial, compiling. 
[2015.04.06-16.59.20:959][959]LogMaterial: Missing cached shader map for material RedMaterial, compiling. 
[2015.04.06-16.59.20:965][959]LogMaterial: 0.000060 seconds spent updating 1 materials, 1 interfaces, 0 instances, 0 with static permutations.
[2015.04.06-16.59.22:613][ 47]LogMaterial: Missing cached shader map for material RedMaterial, compiling. 
[2015.04.06-16.59.22:620][ 47]LogMaterial: Missing cached shader map for material RedMaterial, compiling. 
[2015.04.06-16.59.22:626][ 47]LogMaterial: 0.000047 seconds spent updating 1 materials, 1 interfaces, 0 instances, 0 with static permutations.
[2015.04.06-16.59.23:277][ 79]MaterialEditorStats: Info Base pass shader with only dynamic lighting: 25 instructions
[2015.04.06-16.59.23:277][ 79]MaterialEditorStats: Info Base pass shader for self shadowed translucency: 61 instructions
[2015.04.06-16.59.23:277][ 79]MaterialEditorStats: Info Vertex shader: 68 instructions
[2015.04.06-16.59.23:277][ 79]MaterialEditorStats: Info Texture samplers: 4/16
[2015.04.06-16.59.24:657][159]LogMaterial: Missing cached shader map for material RedMaterial, compiling. 
[2015.04.06-16.59.24:657][159]LogMaterial:Warning: Failed to compile Material /Engine/Transient.RedMaterial for platform PCD3D_SM5, Default Material will be used in game.
[2015.04.06-16.59.24:657][159]LogMaterial:Warning: 	Dynamically lit translucency is not supported for BLEND_Modulate materials.
[2015.04.06-16.59.24:657][159]LogMaterial:Warning: 	Separate translucency with BLEND_Modulate is not supported. Consider using BLEND_Translucent with black emissive
[2015.04.06-16.59.24:660][159]LogMaterial: Missing cached shader map for material RedMaterial, compiling. 
[2015.04.06-16.59.24:660][159]LogMaterial:Warning: Failed to compile Material /Engine/Transient.RedMaterial for platform PCD3D_SM5, Default Material will be used in game.
[2015.04.06-16.59.24:660][159]LogMaterial:Warning: 	Dynamically lit translucency is not supported for BLEND_Modulate materials.
[2015.04.06-16.59.24:660][159]LogMaterial:Warning: 	Separate translucency with BLEND_Modulate is not supported. Consider using BLEND_Translucent with black emissive
[2015.04.06-16.59.24:661][159]LogMaterial: 0.000045 seconds spent updating 1 materials, 1 interfaces, 0 instances, 0 with static permutations.
[2015.04.06-16.59.24:663][159]MaterialEditorStats:Error: Error [SM5] Dynamically lit translucency is not supported for BLEND_Modulate materials.
[2015.04.06-16.59.24:663][159]MaterialEditorStats:Error: Error [SM5] Separate translucency with BLEND_Modulate is not supported. Consider using BLEND_Translucent with black emissive
[2015.04.06-16.59.24:886][162]MaterialEditorStats: Info Base pass shader with only dynamic lighting: 25 instructions
[2015.04.06-16.59.24:886][162]MaterialEditorStats: Info Base pass shader for self shadowed translucency: 61 instructions
[2015.04.06-16.59.24:886][162]MaterialEditorStats: Info Vertex shader: 68 instructions
[2015.04.06-16.59.24:886][162]MaterialEditorStats: Info Texture samplers: 4/16
[2015.04.06-16.59.24:886][162]MaterialEditorStats:Error: Error [SM5] Dynamically lit translucency is not supported for BLEND_Modulate materials.
[2015.04.06-16.59.24:886][162]MaterialEditorStats:Error: Error [SM5] Separate translucency with BLEND_Modulate is not supported. Consider using BLEND_Translucent with black emissive
[2015.04.06-16.59.25:935][222]LogMaterial: Missing cached shader map for material RedMaterial, compiling. 
[2015.04.06-16.59.25:943][222]LogMaterial: Missing cached shader map for material RedMaterial, compiling. 
[2015.04.06-16.59.25:948][222]LogMaterial: 0.000084 seconds spent updating 1 materials, 1 interfaces, 0 instances, 0 with static permutations.
[2015.04.06-16.59.26:614][261]MaterialEditorStats: Info Base pass shader with only dynamic lighting: 29 instructions
[2015.04.06-16.59.26:614][261]MaterialEditorStats: Info Vertex shader: 31 instructions
[2015.04.06-16.59.26:614][261]MaterialEditorStats: Info Texture samplers: 0/16
[2015.04.06-16.59.45:091][352]LogTexture:Display: Building textures: T_1x1_Grid (AutoDXT)
[2015.04.06-16.59.45:980][352]LogTexture:Display: Building textures: DebugNumberStrip (AutoDXT)
[2015.04.06-16.59.45:994][352]LogTexture:Display: Building textures: DebugNumberPeriod (AutoDXT)
[2015.04.06-16.59.46:431][352]LogTexture:Display: Building textures: CASC_ModuleEnab_2 (DXT1)
[2015.04.06-16.59.49:052][490]LogMaterial: Missing cached shader map for material RedMaterial, compiling. 
[2015.04.06-16.59.49:057][490]LogMaterial: 0.000130 seconds spent updating 1 materials, 1 interfaces, 0 instances, 0 with static permutations.
[2015.04.06-16.59.49:059][490]LogMaterial: Missing cached shader map for material RedMaterial, compiling. 
[2015.04.06-16.59.49:060][490]LogMaterial:Warning: Failed to compile Material /Engine/Transient.RedMaterial for platform PCD3D_SM5, Default Material will be used in game.
[2015.04.06-16.59.49:060][490]LogMaterial:Warning: 	(Node Desaturation) Missing Desaturation input
[2015.04.06-16.59.49:060][490]LogMaterial: 0.000068 seconds spent updating 1 materials, 1 interfaces, 0 instances, 0 with static permutations.
[2015.04.06-16.59.49:062][490]MaterialEditorStats:Error: Error [SM5] (Node Desaturation) Missing Desaturation input
[2015.04.06-17.00.03:090][324]LogMaterial: Missing cached shader map for material RedMaterial, compiling. 
[2015.04.06-17.00.03:094][324]LogMaterial: 0.000061 seconds spent updating 1 materials, 1 interfaces, 0 instances, 0 with static permutations.
[2015.04.06-17.00.04:279][394]MaterialEditorStats: Info Base pass shader with only dynamic lighting: 29 instructions
[2015.04.06-17.00.04:279][394]MaterialEditorStats: Info Vertex shader: 31 instructions
[2015.04.06-17.00.04:279][394]MaterialEditorStats: Info Texture samplers: 0/16
[2015.04.06-17.00.30:591][885]LogActorComponent: UnregisterComponent: (/Engine/Transient.MovementComponent0) Not registered. Aborting.
[2015.04.06-17.00.30:625][885]LogFileHelpers: Editor autosave (incl. sublevels) for '/Game/FirstPersonBP/Maps/FirstPersonExampleMap' took 0.034
[2015.04.06-17.00.30:675][885]OBJ SavePackage: Generating thumbnails for [1] asset(s) in package [/Game/Projectile] ([1] browsable assets)...
[2015.04.06-17.00.30:718][885]OBJ SavePackage:     Rendered thumbnail for [Blueprint /Game/Projectile.Projectile]
[2015.04.06-17.00.30:718][885]OBJ SavePackage: Finished generating thumbnails for package [/Game/Projectile]
[2015.04.06-17.00.30:721][885]Cmd: OBJ SAVEPACKAGE PACKAGE="/Game/Projectile" FILE="../../../../../../../Github/Ingenuity/IngenuityBasic/Saved/Autosaves/Game/Projectile_Auto1.uasset" SILENT=false AUTOSAVING=true
[2015.04.06-17.00.31:297][885]LogSavePackage: Save=567.692505ms
[2015.04.06-17.00.31:299][885]LogSavePackage: Moving '../../../../../../../Github/Ingenuity/IngenuityBasic/Saved/Projectile_Auto1850C3637498DDA0C7A1E6385A21CC22E.tmp' to '../../../../../../../Github/Ingenuity/IngenuityBasic/Saved/Autosaves/Game/Projectile_Auto1.uasset'
[2015.04.06-17.00.31:417][885]OBJ SavePackage: Generating thumbnails for [1] asset(s) in package [/Game/RedMaterial] ([1] browsable assets)...
[2015.04.06-17.00.31:510][885]OBJ SavePackage:     Rendered thumbnail for [Material /Game/RedMaterial.RedMaterial]
[2015.04.06-17.00.31:510][885]OBJ SavePackage: Finished generating thumbnails for package [/Game/RedMaterial]
[2015.04.06-17.00.31:513][885]Cmd: OBJ SAVEPACKAGE PACKAGE="/Game/RedMaterial" FILE="../../../../../../../Github/Ingenuity/IngenuityBasic/Saved/Autosaves/Game/RedMaterial_Auto1.uasset" SILENT=false AUTOSAVING=true
[2015.04.06-17.00.31:958][885]LogSavePackage: Save=442.353241ms
[2015.04.06-17.00.31:961][885]LogSavePackage: Moving '../../../../../../../Github/Ingenuity/IngenuityBasic/Saved/RedMaterial_Auto1B47F77B342712CED0D836D83D9F74127.tmp' to '../../../../../../../Github/Ingenuity/IngenuityBasic/Saved/Autosaves/Game/RedMaterial_Auto1.uasset'
[2015.04.06-17.00.31:973][885]LogFileHelpers: Auto-saving content packages took 1.347
[2015.04.06-17.05.18:573][772]LogParticles: Destroying 0 GPU particle simulations for FXSystem 0x0000004E00A3C860
[2015.04.06-17.05.20:179][772]LogObjectTools:Warning: ForceReplaceReferences replaced references for a transient object 'Sphere' or package '/Engine/Transient'.
[2015.04.06-17.05.20:309][772]LogParticles: Destroying 0 GPU particle simulations for FXSystem 0x0000004E68BF0F40
[2015.04.06-17.07.15:471][859]LogTexture:Display: Building textures: T_Fire_SubUV (AutoDXT)
[2015.04.06-17.07.15:834][859]LogTexture:Display: Building textures: T_Fire_Tiled_D (AutoDXT)
[2015.04.06-17.07.16:047][859]LogMaterial: Missing cached shader map for material M_Fire_SubUV, compiling. 
[2015.04.06-17.07.16:054][859]LogMaterial: Missing cached shader map for material M_Heat_Distortion, compiling. 
[2015.04.06-17.07.16:064][859]LogMaterial: Missing cached shader map for material M_Radial_Gradient, compiling. 
[2015.04.06-17.07.16:096][859]LogTexture:Display: Building textures: ThumbnailTexture (DXT1)
[2015.04.06-17.07.31:837][571]BlueprintLog: New page: Pre-PIE auto-recompile
[2015.04.06-17.07.31:842][571]LogPlayLevel: [PIE] Compiling Projectile before PIE...
[2015.04.06-17.07.31:957][571]LogPlayLevel: PIE:  Blueprint regeneration took 120 ms (1 blueprints)
[2015.04.06-17.07.35:205][571]PIE: New page: PIE session: FirstPersonExampleMap (Apr 6, 2015, 9:07:35 PM)
[2015.04.06-17.07.35:242][571]LogPlayLevel: PIE: StaticDuplicateObject took: (0.029517s)
[2015.04.06-17.07.35:244][571]LogPlayLevel: PIE: World Init took: (0.001573s)
[2015.04.06-17.07.35:244][571]LogPlayLevel: PIE: Created PIE world by copying editor world from /Game/FirstPersonBP/Maps/FirstPersonExampleMap.FirstPersonExampleMap to /Game/FirstPersonBP/Maps/UEDPIE_0_FirstPersonExampleMap.FirstPersonExampleMap (0.031740s)
[2015.04.06-17.07.35:399][571]LogWorld: Game class is 'FirstPersonGameMode_C'
[2015.04.06-17.07.35:402][571]LogAIModule: Creating AISystem for world FirstPersonExampleMap
[2015.04.06-17.07.35:408][571]LogWorld: Bringing World /Game/FirstPersonBP/Maps/UEDPIE_0_FirstPersonExampleMap.FirstPersonExampleMap up for play (max tick rate 60) at 2015.04.06-19.07.35
[2015.04.06-17.07.35:409][571]LogWorld: Bringing up level for play took: 0.007021
[2015.04.06-17.07.35:424][571]PIE: Info Play in editor start time for /Game/FirstPersonBP/Maps/UEDPIE_0_FirstPersonExampleMap 3.969
[2015.04.06-17.07.35:460][571]LogRenderer:Warning: Reallocating scene render targets to support 1296x760 (Frame:15664).
[2015.04.06-17.07.37:292][628]LogParticles: Destroying 0 GPU particle simulations for FXSystem 0x0000004E02E5BF60
[2015.04.06-17.08.09:373][319]LogEditorTransaction: Undo Modify Component(s)
[2015.04.06-17.09.45:466][751]LogSavePackage: Save=2232.868896ms
[2015.04.06-17.09.45:466][751]LogSavePackage: Moving '../../../../../../../Github/Ingenuity/IngenuityBasic/Saved/FirstPersonExampleMapDB664EBD4716FAFC867614A04ADF3541.tmp' to '../../../../../../../Github/Ingenuity/IngenuityBasic/Content/FirstPersonBP/Maps/FirstPersonExampleMap.umap'
[2015.04.06-17.09.45:502][751]LogFileHelpers: Saving map 'FirstPersonExampleMap' took 2.511
[2015.04.06-17.09.45:512][751]Cmd: OBJ SAVEPACKAGE PACKAGE="/Game/GrabRecognition" FILE="../../../../../../../Github/Ingenuity/IngenuityBasic/Content/GrabRecognition.uasset" SILENT=true
[2015.04.06-17.09.45:528][751]LogSavePackage: Save=10.960183ms
[2015.04.06-17.09.45:529][751]LogSavePackage: Moving '../../../../../../../Github/Ingenuity/IngenuityBasic/Saved/GrabRecognitionA674253A478E0423A5A96A802FE8C717.tmp' to '../../../../../../../Github/Ingenuity/IngenuityBasic/Content/GrabRecognition.uasset'
[2015.04.06-17.09.45:558][751]Cmd: OBJ SAVEPACKAGE PACKAGE="/Game/Projectile" FILE="../../../../../../../Github/Ingenuity/IngenuityBasic/Content/Projectile.uasset" SILENT=true
[2015.04.06-17.09.46:002][751]LogSavePackage: Save=442.712952ms
[2015.04.06-17.09.46:002][751]LogSavePackage: Moving '../../../../../../../Github/Ingenuity/IngenuityBasic/Saved/ProjectileB3DA9D3848C47DFADB73A1BFFB974247.tmp' to '../../../../../../../Github/Ingenuity/IngenuityBasic/Content/Projectile.uasset'
[2015.04.06-17.19.43:576][665]LogFileHelpers: Editor autosave (incl. sublevels) for '/Game/FirstPersonBP/Maps/FirstPersonExampleMap' took 0.023
[2015.04.06-17.19.43:669][665]OBJ SavePackage: Generating thumbnails for [1] asset(s) in package [/Game/Projectile] ([1] browsable assets)...
[2015.04.06-17.19.43:725][665]OBJ SavePackage:     Rendered thumbnail for [Blueprint /Game/Projectile.Projectile]
[2015.04.06-17.19.43:725][665]OBJ SavePackage: Finished generating thumbnails for package [/Game/Projectile]
[2015.04.06-17.19.43:730][665]Cmd: OBJ SAVEPACKAGE PACKAGE="/Game/Projectile" FILE="../../../../../../../Github/Ingenuity/IngenuityBasic/Saved/Autosaves/Game/Projectile_Auto2.uasset" SILENT=false AUTOSAVING=true
[2015.04.06-17.19.44:629][665]LogSavePackage: Save=511.157532ms
[2015.04.06-17.19.44:630][665]LogSavePackage: Moving '../../../../../../../Github/Ingenuity/IngenuityBasic/Saved/Projectile_Auto2C49DB3604EE340309D2274AE63640957.tmp' to '../../../../../../../Github/Ingenuity/IngenuityBasic/Saved/Autosaves/Game/Projectile_Auto2.uasset'
[2015.04.06-17.19.44:637][665]LogFileHelpers: Auto-saving content packages took 1.061
[2015.04.06-18.15.22:400][643]Cmd: OBJ SAVEPACKAGE PACKAGE="/Game/Projectile" FILE="../../../../../../../Github/Ingenuity/IngenuityBasic/Content/Projectile.uasset" SILENT=true
[2015.04.06-18.15.22:584][643]LogSavePackage: Save=70.214127ms
[2015.04.06-18.15.22:584][643]LogSavePackage: Moving '../../../../../../../Github/Ingenuity/IngenuityBasic/Saved/Projectile45AE93764D966BD83DAB54A0F0F67D6A.tmp' to '../../../../../../../Github/Ingenuity/IngenuityBasic/Content/Projectile.uasset'
[2015.04.06-18.15.24:502][644]Cmd: QUIT_EDITOR
[2015.04.06-18.15.26:434][644]LogExit: Preparing to exit.
[2015.04.06-18.15.27:473][644]LogExit: Editor shut down
[2015.04.06-18.15.27:474][644]LogExit: Transaction tracking system shut down
[2015.04.06-18.15.27:477][644]LogParticles: Destroying 0 GPU particle simulations for FXSystem 0x0000004E337B9760
[2015.04.06-18.15.27:478][644]LogParticles: Destroying 0 GPU particle simulations for FXSystem 0x0000004E677C3920
[2015.04.06-18.15.27:479][644]LogParticles: Destroying 0 GPU particle simulations for FXSystem 0x0000004E6785A8E0
[2015.04.06-18.15.27:483][644]LogParticles: Destroying 0 GPU particle simulations for FXSystem 0x0000004E6FFB9260
[2015.04.06-18.15.27:485][644]LogParticles: Destroying 0 GPU particle simulations for FXSystem 0x0000004E01422DE0
[2015.04.06-18.15.27:485][644]LogParticles: Destroying 0 GPU particle simulations for FXSystem 0x0000004E6E7CD580
[2015.04.06-18.15.27:486][644]LogParticles: Destroying 0 GPU particle simulations for FXSystem 0x0000004E36197600
[2015.04.06-18.15.29:330][644]LogExit: Object subsystem successfully closed.
[2015.04.06-18.15.30:042][644]LogModuleManager: Shutting down and abandoning module MaterialEditor (174)
[2015.04.06-18.15.30:053][644]LogModuleManager: Shutting down and abandoning module CrashTracker (173)
[2015.04.06-18.15.30:053][644]LogModuleManager: Shutting down and abandoning module SuperSearch (172)
[2015.04.06-18.15.30:053][644]LogModuleManager: Shutting down and abandoning module SceneOutliner (171)
[2015.04.06-18.15.30:053][644]LogModuleManager: Shutting down and abandoning module EditorWidgets (170)
[2015.04.06-18.15.30:053][644]LogModuleManager: Shutting down and abandoning module CollectionManager (169)
[2015.04.06-18.15.30:082][644]LogModuleManager: Shutting down and abandoning module StatsViewer (168)
[2015.04.06-18.15.30:103][644]LogModuleManager: Shutting down and abandoning module FoliageEdit (167)
[2015.04.06-18.15.30:103][644]LogModuleManager: Shutting down and abandoning module LandscapeEditor (166)
[2015.04.06-18.15.30:382][644]LogModuleManager: Shutting down and abandoning module MeshPaint (165)
[2015.04.06-18.15.30:489][644]LogModuleManager: Shutting down and abandoning module ActorPickerMode (164)
[2015.04.06-18.15.30:489][644]LogModuleManager: Shutting down and abandoning module GeometryMode (163)
[2015.04.06-18.15.30:489][644]LogModuleManager: Shutting down and abandoning module TextureAlignMode (162)
[2015.04.06-18.15.30:489][644]LogModuleManager: Shutting down and abandoning module BspMode (161)
[2015.04.06-18.15.30:489][644]LogModuleManager: Shutting down and abandoning module PlacementMode (160)
[2015.04.06-18.15.30:489][644]LogModuleManager: Shutting down and abandoning module AutomationWorker (159)
[2015.04.06-18.15.30:489][644]LogModuleManager: Shutting down and abandoning module CharacterAI (158)
[2015.04.06-18.15.30:489][644]LogModuleManager: Shutting down and abandoning module SmartSnapping (157)
[2015.04.06-18.15.30:489][644]LogModuleManager: Shutting down and abandoning module ViewportSnapping (156)
[2015.04.06-18.15.30:489][644]LogModuleManager: Shutting down and abandoning module LogVisualizer (155)
[2015.04.06-18.15.30:719][644]LogModuleManager: Shutting down and abandoning module GameProjectGeneration (154)
[2015.04.06-18.15.30:883][644]LogModuleManager: Shutting down and abandoning module IntroTutorials (153)
[2015.04.06-18.15.31:397][644]LogModuleManager: Shutting down and abandoning module EditorLiveStreaming (152)
[2015.04.06-18.15.31:397][644]LogModuleManager: Shutting down and abandoning module HardwareTargeting (151)
[2015.04.06-18.15.31:397][644]LogModuleManager: Shutting down and abandoning module DeviceProfileEditor (150)
[2015.04.06-18.15.31:564][644]LogModuleManager: Shutting down and abandoning module UndoHistory (149)
[2015.04.06-18.15.31:564][644]LogModuleManager: Shutting down and abandoning module GameplayTagsEditor (148)
[2015.04.06-18.15.31:564][644]LogModuleManager: Shutting down and abandoning module UserFeedback (147)
[2015.04.06-18.15.31:564][644]LogModuleManager: Shutting down and abandoning module XmlParser (146)
[2015.04.06-18.15.31:658][644]LogModuleManager: Shutting down and abandoning module Blutility (145)
[2015.04.06-18.15.31:658][644]LogModuleManager: Shutting down and abandoning module IOSPlatformEditor (144)
[2015.04.06-18.15.31:760][644]LogModuleManager: Shutting down and abandoning module IOSRuntimeSettings (143)
[2015.04.06-18.15.31:760][644]LogModuleManager: Shutting down and abandoning module AndroidDeviceDetection (142)
[2015.04.06-18.15.32:369][644]LogModuleManager: Shutting down and abandoning module AndroidPlatformEditor (141)
[2015.04.06-18.15.32:369][644]LogModuleManager: Shutting down and abandoning module AndroidRuntimeSettings (140)
[2015.04.06-18.15.32:369][644]LogModuleManager: Shutting down and abandoning module ProjectTargetPlatformEditor (139)
[2015.04.06-18.15.32:473][644]LogModuleManager: Shutting down and abandoning module ProjectSettingsViewer (138)
[2015.04.06-18.15.32:473][644]LogModuleManager: Shutting down and abandoning module InputBindingEditor (137)
[2015.04.06-18.15.32:824][644]LogModuleManager: Shutting down and abandoning module EditorSettingsViewer (136)
[2015.04.06-18.15.32:824][644]LogModuleManager: Shutting down and abandoning module SettingsEditor (135)
[2015.04.06-18.15.33:013][644]LogModuleManager: Shutting down and abandoning module ProjectLauncher (134)
[2015.04.06-18.15.33:199][644]LogModuleManager: Shutting down and abandoning module SessionFrontend (133)
[2015.04.06-18.15.33:374][644]LogModuleManager: Shutting down and abandoning module ProfilerClient (132)
[2015.04.06-18.15.33:498][644]LogModuleManager: Shutting down and abandoning module TargetDeviceServices (131)
[2015.04.06-18.15.33:498][644]LogModuleManager: Shutting down and abandoning module DeviceManager (130)
[2015.04.06-18.15.33:736][644]LogModuleManager: Shutting down and abandoning module AutomationController (129)
[2015.04.06-18.15.33:937][644]LogModuleManager: Shutting down and abandoning module AutomationWindow (128)
[2015.04.06-18.15.34:001][644]LogModuleManager: Shutting down and abandoning module Layers (127)
[2015.04.06-18.15.34:484][644]LogModuleManager: Shutting down and abandoning module ComponentVisualizers (126)
[2015.04.06-18.15.34:484][644]LogModuleManager: Shutting down and abandoning module DetailCustomizations (125)
[2015.04.06-18.15.34:484][644]LogModuleManager: Shutting down and abandoning module PackagesDialog (124)
[2015.04.06-18.15.34:485][644]LogModuleManager: Shutting down and abandoning module AssetRegistry (123)
[2015.04.06-18.15.34:688][644]LogModuleManager: Shutting down and abandoning module Persona (122)
[2015.04.06-18.15.34:929][644]LogModuleManager: Shutting down and abandoning module SlateReflector (121)
[2015.04.06-18.15.35:167][644]LogModuleManager: Shutting down and abandoning module LevelEditor (120)
[2015.04.06-18.15.35:306][644]LogModuleManager: Shutting down and abandoning module Kismet (119)
[2015.04.06-18.15.35:413][644]LogModuleManager: Shutting down and abandoning module GraphEditor (118)
[2015.04.06-18.15.35:413][644]LogModuleManager: Shutting down and abandoning module ClassViewer (117)
[2015.04.06-18.15.35:413][644]LogModuleManager: Shutting down and abandoning module Toolbox (116)
[2015.04.06-18.15.35:413][644]LogModuleManager: Shutting down and abandoning module ModuleUI (115)
[2015.04.06-18.15.35:696][644]LogModuleManager: Shutting down and abandoning module MovieSceneTools (114)
[2015.04.06-18.15.35:918][644]LogModuleManager: Shutting down and abandoning module OutputLog (113)
[2015.04.06-18.15.35:918][644]LogModuleManager: Shutting down and abandoning module GammaUI (112)
[2015.04.06-18.15.36:026][644]LogModuleManager: Shutting down and abandoning module Documentation (111)
[2015.04.06-18.15.36:026][644]LogModuleManager: Shutting down and abandoning module GameLiveStreaming (110)
[2015.04.06-18.15.36:026][644]LogModuleManager: Shutting down and abandoning module StreamingPauseRendering (109)
[2015.04.06-18.15.36:102][644]LogModuleManager: Shutting down and abandoning module HTTP (108)
[2015.04.06-18.15.36:102][644]LogModuleManager: Shutting down and abandoning module AnalyticsET (107)
[2015.04.06-18.15.36:102][644]LogModuleManager: Shutting down and abandoning module Analytics (106)
[2015.04.06-18.15.36:102][644]LogModuleManager: Shutting down and abandoning module AITestSuite (105)
[2015.04.06-18.15.36:180][644]LogModuleManager: Shutting down and abandoning module GameplayDebugger (104)
[2015.04.06-18.15.36:180][644]LogModuleManager: Shutting down and abandoning module AIModule (103)
[2015.04.06-18.15.36:316][644]LogModuleManager: Shutting down and abandoning module ProfilerService (102)
[2015.04.06-18.15.36:568][644]LogModuleManager: Shutting down and abandoning module TaskGraph (101)
[2015.04.06-18.15.36:783][644]LogModuleManager: Shutting down and abandoning module SlateRemote (100)
[2015.04.06-18.15.36:783][644]LogModuleManager: Shutting down and abandoning module ScriptEditorPlugin (99)
[2015.04.06-18.15.36:783][644]LogModuleManager: Shutting down and abandoning module LeapMotionController (98)
[2015.04.06-18.15.37:049][644]LogModuleManager: Shutting down and abandoning module CustomMeshComponent (97)
[2015.04.06-18.15.37:049][644]LogModuleManager: Shutting down and abandoning module CableComponent (96)
[2015.04.06-18.15.37:070][644]LogModuleManager: Shutting down and abandoning module MessagingDebugger (95)
[2015.04.06-18.15.37:274][644]LogModuleManager: Shutting down and abandoning module MediaPlayerEditor (94)
[2015.04.06-18.15.37:562][644]LogModuleManager: Shutting down and abandoning module SpeedTreeImporter (93)
[2015.04.06-18.15.37:562][644]LogModuleManager: Shutting down and abandoning module PluginsEditor (92)
[2015.04.06-18.15.37:662][644]LogModuleManager: Shutting down and abandoning module MainFrame (91)
[2015.04.06-18.15.37:733][644]LogModuleManager: Shutting down and abandoning module EpicSurvey (90)
[2015.04.06-18.15.37:870][644]LogModuleManager: Shutting down and abandoning module DesktopPlatform (89)
[2015.04.06-18.15.38:120][644]LogModuleManager: Shutting down and abandoning module DirectoryWatcher (88)
[2015.04.06-18.15.38:123][644]LogModuleManager: Shutting down and abandoning module HotReload (87)
[2015.04.06-18.15.38:123][644]LogModuleManager: Shutting down and abandoning module VisualStudioSourceCodeAccess (86)
[2015.04.06-18.15.38:123][644]LogModuleManager: Shutting down and abandoning module UObjectPlugin (85)
[2015.04.06-18.15.38:123][644]LogModuleManager: Shutting down and abandoning module SubversionSourceControl (84)
[2015.04.06-18.15.38:319][644]LogModuleManager: Shutting down and abandoning module PerforceSourceControl (83)
[2015.04.06-18.15.38:585][644]LogModuleManager: Shutting down and abandoning module SourceControl (82)
[2015.04.06-18.15.38:725][644]LogModuleManager: Shutting down and abandoning module GitSourceControl (81)
[2015.04.06-18.15.38:811][644]LogModuleManager: Shutting down and abandoning module BlankPlugin (80)
[2015.04.06-18.15.38:811][644]LogModuleManager: Shutting down and abandoning module PaperTiledImporter (79)
[2015.04.06-18.15.38:811][644]LogModuleManager: Shutting down and abandoning module PaperJsonImporter (78)
[2015.04.06-18.15.38:836][644]LogModuleManager: Shutting down and abandoning module ContentBrowser (77)
[2015.04.06-18.15.38:838][644]LogModuleManager: Shutting down and abandoning module Paper2DEditor (76)
[2015.04.06-18.15.39:037][644]LogModuleManager: Shutting down and abandoning module ScriptPlugin (75)
[2015.04.06-18.15.39:074][644]LogModuleManager: Shutting down and abandoning module UdpMessaging (74)
[2015.04.06-18.15.39:176][644]LogModuleManager: Shutting down and abandoning module Paper2D (73)
[2015.04.06-18.15.39:321][644]LogModuleManager: Shutting down and abandoning module WindowsMoviePlayer (72)
[2015.04.06-18.15.39:421][644]LogModuleManager: Shutting down and abandoning module Media (71)
[2015.04.06-18.15.39:421][644]LogModuleManager: Shutting down and abandoning module WmfMedia (70)
[2015.04.06-18.15.39:421][644]LogModuleManager: Shutting down and abandoning module OnlineBlueprintSupport (69)
[2015.04.06-18.15.39:421][644]LogModuleManager: Shutting down and abandoning module PropertyEditor (68)
[2015.04.06-18.15.39:421][644]LogModuleManager: Shutting down and abandoning module BehaviorTreeEditor (67)
[2015.04.06-18.15.39:683][644]LogModuleManager: Shutting down and abandoning module FunctionalTesting (66)
[2015.04.06-18.15.39:810][644]LogModuleManager: Shutting down and abandoning module CollisionAnalyzer (65)
[2015.04.06-18.15.39:847][644]LogModuleManager: Shutting down and abandoning module WorkspaceMenuStructure (64)
[2015.04.06-18.15.39:847][644]LogModuleManager: Shutting down and abandoning module MessageLog (63)
[2015.04.06-18.15.39:847][644]LogModuleManager: Shutting down and abandoning module Sequencer (62)
[2015.04.06-18.15.39:921][644]LogModuleManager: Shutting down and abandoning module AssetTools (61)
[2015.04.06-18.15.39:950][644]LogModuleManager: Shutting down and abandoning module UMGEditor (60)
[2015.04.06-18.15.39:972][644]LogModuleManager: Shutting down and abandoning module UMG (59)
[2015.04.06-18.15.39:987][644]LogModuleManager: Shutting down and abandoning module Slate (58)
[2015.04.06-18.15.39:987][644]LogModuleManager: Shutting down and abandoning module EditorStyle (57)
[2015.04.06-18.15.40:025][644]LogModuleManager: Shutting down and abandoning module SessionServices (56)
[2015.04.06-18.15.40:025][644]LogModuleManager: Shutting down and abandoning module SourceCodeAccess (55)
[2015.04.06-18.15.40:025][644]LogModuleManager: Shutting down and abandoning module HeadMountedDisplay (54)
[2015.04.06-18.15.40:025][644]LogModuleManager: Shutting down and abandoning module XAudio2 (53)
[2015.04.06-18.15.40:025][644]LogModuleManager: Shutting down and abandoning module Networking (51)
[2015.04.06-18.15.40:025][644]LogModuleManager: Shutting down and abandoning module Core (50)
[2015.04.06-18.15.40:025][644]LogModuleManager: Shutting down and abandoning module KismetCompiler (49)
[2015.04.06-18.15.40:025][644]LogModuleManager: Shutting down and abandoning module PhysXFormats (48)
[2015.04.06-18.15.40:025][644]LogModuleManager: Shutting down and abandoning module MeshUtilities (47)
[2015.04.06-18.15.40:065][644]LogModuleManager: Shutting down and abandoning module DerivedDataCache (46)
[2015.04.06-18.15.40:110][644]LogDerivedDataCache: Shutdown
[2015.04.06-18.15.40:110][644]LogModuleManager: Shutting down and abandoning module ShaderFormatOpenGL (45)
[2015.04.06-18.15.40:145][644]LogModuleManager: Shutting down and abandoning module ShaderFormatD3D (44)
[2015.04.06-18.15.40:170][644]LogModuleManager: Shutting down and abandoning module MetalShaderFormat (43)
[2015.04.06-18.15.40:194][644]LogModuleManager: Shutting down and abandoning module TextureFormatUncompressed (42)
[2015.04.06-18.15.40:194][644]LogModuleManager: Shutting down and abandoning module TextureFormatPVR (41)
[2015.04.06-18.15.40:203][644]LogModuleManager: Shutting down and abandoning module TextureFormatIntelISPCTexComp (40)
[2015.04.06-18.15.40:227][644]LogModuleManager: Shutting down and abandoning module TextureFormatDXT (39)
[2015.04.06-18.15.40:227][644]LogModuleManager: Shutting down and abandoning module ImageWrapper (38)
[2015.04.06-18.15.40:227][644]LogModuleManager: Shutting down and abandoning module TextureFormatASTC (37)
[2015.04.06-18.15.40:249][644]LogModuleManager: Shutting down and abandoning module AudioFormatOpus (36)
[2015.04.06-18.15.40:281][644]LogModuleManager: Shutting down and abandoning module AudioFormatOgg (35)
[2015.04.06-18.15.40:281][644]LogModuleManager: Shutting down and abandoning module AudioFormatADPCM (34)
[2015.04.06-18.15.40:281][644]LogModuleManager: Shutting down and abandoning module Messaging (33)
[2015.04.06-18.15.40:281][644]LogModuleManager: Shutting down and abandoning module IOSTargetPlatform (32)
[2015.04.06-18.15.40:281][644]LogModuleManager: Shutting down and abandoning module HTML5TargetPlatform (31)
[2015.04.06-18.15.40:281][644]LogModuleManager: Shutting down and abandoning module Android_PVRTCTargetPlatform (30)
[2015.04.06-18.15.40:281][644]LogModuleManager: Shutting down and abandoning module Android_ETC2TargetPlatform (29)
[2015.04.06-18.15.40:281][644]LogModuleManager: Shutting down and abandoning module Android_ETC1TargetPlatform (28)
[2015.04.06-18.15.40:281][644]LogModuleManager: Shutting down and abandoning module Android_DXTTargetPlatform (27)
[2015.04.06-18.15.40:281][644]LogModuleManager: Shutting down and abandoning module Android_ATCTargetPlatform (26)
[2015.04.06-18.15.40:281][644]LogModuleManager: Shutting down and abandoning module AndroidTargetPlatform (25)
[2015.04.06-18.15.40:281][644]LogModuleManager: Shutting down and abandoning module WindowsTargetPlatform (24)
[2015.04.06-18.15.40:295][644]LogModuleManager: Shutting down and abandoning module WindowsServerTargetPlatform (23)
[2015.04.06-18.15.40:295][644]LogModuleManager: Shutting down and abandoning module WindowsNoEditorTargetPlatform (22)
[2015.04.06-18.15.40:295][644]LogModuleManager: Shutting down and abandoning module WindowsClientTargetPlatform (21)
[2015.04.06-18.15.40:295][644]LogModuleManager: Shutting down and abandoning module TargetPlatform (20)
[2015.04.06-18.15.40:295][644]LogModuleManager: Shutting down and abandoning module InputCore (19)
[2015.04.06-18.15.40:296][644]LogModuleManager: Shutting down and abandoning module Settings (18)
[2015.04.06-18.15.40:296][644]LogModuleManager: Shutting down and abandoning module OnlineSubsystem (16)
[2015.04.06-18.15.40:296][644]LogModuleManager: Shutting down and abandoning module OculusRift (15)
[2015.04.06-18.15.40:296][644]LogModuleManager: Shutting down and abandoning module ExampleDeviceProfileSelector (14)
[2015.04.06-18.15.40:296][644]LogModuleManager: Shutting down and abandoning module TextureCompressor (13)
[2015.04.06-18.15.40:296][644]LogModuleManager: Shutting down and abandoning module ShaderCore (12)
[2015.04.06-18.15.40:296][644]LogModuleManager: Shutting down and abandoning module Landscape (11)
[2015.04.06-18.15.40:296][644]LogModuleManager: Shutting down and abandoning module SlateRHIRenderer (10)
[2015.04.06-18.15.40:316][644]LogModuleManager: Shutting down and abandoning module OpenGLDrv (9)
[2015.04.06-18.15.40:316][644]LogModuleManager: Shutting down and abandoning module D3D11RHI (8)
[2015.04.06-18.15.40:316][644]LogModuleManager: Shutting down and abandoning module Renderer (7)
[2015.04.06-18.15.40:316][644]LogModuleManager: Shutting down and abandoning module Engine (6)
[2015.04.06-18.15.40:316][644]LogModuleManager: Shutting down and abandoning module CoreUObject (5)
[2015.04.06-18.15.40:316][644]LogModuleManager: Shutting down and abandoning module NetworkFile (4)
[2015.04.06-18.15.40:327][644]LogModuleManager: Shutting down and abandoning module StreamingFile (3)
[2015.04.06-18.15.40:345][644]LogModuleManager: Shutting down and abandoning module SandboxFile (2)
[2015.04.06-18.15.40:355][644]LogModuleManager: Shutting down and abandoning module PakFile (1)
[2015.04.06-18.15.40:384][644]LogExit: Exiting.
[2015.04.06-18.15.40:421][644]Log file closed, 04/06/15 20:15:40
