Log file open, 04/10/15 15:37:24
LogInit:Display: Running engine for game: IngenuityBasic
LogInit: Version: 4.7.4-0+++depot+UE4-Releases+4.7
LogInit: API Version: 0
LogInit: Compiled (64-bit): Mar 25 2015 02:32:27
LogInit: Compiled with Visual C++: 18.00.31101.00
LogInit: Build Configuration: Development
LogInit: Branch Name: ++depot+UE4-Releases+4.7
LogInit: Command line:  /Temp/Autosaves/Game/FirstPersonBP/Maps/UEDPCFirstPersonExampleMap -game -PIEVIACONSOLE -ResX=1280 -ResY=720  -Multiprocess 
LogInit: Base directory: D:/UE4/source code/UnrealEngine-4.7/UnrealEngine-4.7/Engine/Binaries/Win64/
LogInit: Rocket: 0
[2015.04.10-13.37.24:447][  0]LogTaskGraph: Started task graph with 3 named threads and 6 total threads.
[2015.04.10-13.37.24:513][  0]LogOnline:Warning: No default platform service specified for OnlineSubsystem
[2015.04.10-13.37.24:543][  0]LogInit: Presizing for 0 objects not considered by GC, pre-allocating 0 bytes.
[2015.04.10-13.37.24:576][  0]LogInit: Object subsystem initialized
[2015.04.10-13.37.24:581][  0]LogConsoleResponse:Warning: Skipping Unknown console variable: 'TranslucentSortAxis = (X=0.000000,Y=-1.000000,Z=0.000000)'
[2015.04.10-13.37.24:581][  0]LogConsoleResponse:Warning:   Found in ini file 'D:/Github/Ingenuity/IngenuityBasic/Saved/Config/Windows/Engine.ini', in section '[/Script/Engine.RendererSettings]'
[2015.04.10-13.37.24:582][  0]LogConsoleResponse:Warning: Skipping Unknown console variable: 'UIScaleRule = ShortestSide'
[2015.04.10-13.37.24:582][  0]LogConsoleResponse:Warning:   Found in ini file 'D:/Github/Ingenuity/IngenuityBasic/Saved/Config/Windows/Engine.ini', in section '[/Script/Engine.RendererSettings]'
[2015.04.10-13.37.24:582][  0]LogConsoleResponse:Warning: Skipping Unknown console variable: 'UIScaleCurve = (EditorCurveData=(Keys=),ExternalCurve=None)'
[2015.04.10-13.37.24:582][  0]LogConsoleResponse:Warning:   Found in ini file 'D:/Github/Ingenuity/IngenuityBasic/Saved/Config/Windows/Engine.ini', in section '[/Script/Engine.RendererSettings]'
[2015.04.10-13.37.24:583][  0]LogInit: Selected Device Profile: [Windows]
[2015.04.10-13.37.24:583][  0]LogInit: Applying CVar settings loaded from the selected device profile: [Windows]
[2015.04.10-13.37.24:596][  0]LogInit: Computer: TAZDINGO
[2015.04.10-13.37.24:596][  0]LogInit: User: VolJin
[2015.04.10-13.37.24:596][  0]LogInit: CPU Page size=4096, Cores=4
[2015.04.10-13.37.24:596][  0]LogInit: High frequency timer resolution =2.143483 MHz
[2015.04.10-13.37.24:596][  0]LogMemory: Memory total: Physical=7.9GB (8GB approx) Virtual=131072.0GB
[2015.04.10-13.37.24:597][  0]LogMemory: Platform Memory Stats for Windows
[2015.04.10-13.37.24:597][  0]LogMemory: Process Physical Memory: 45.72 MB used, 45.72 MB peak
[2015.04.10-13.37.24:597][  0]LogMemory: Process Virtual Memory: 26.44 MB used, 26.44 MB peak
[2015.04.10-13.37.24:597][  0]LogMemory: Physical Memory: 4362.16 MB used, 8108.79 MB total
[2015.04.10-13.37.24:597][  0]LogMemory: Virtual Memory: 292.31 MB used, 134217728.00 MB total
[2015.04.10-13.37.24:720][  0]LogD3D11RHI: Found D3D11 adapter 0: Intel(R) HD Graphics 4600 (Feature Level 11_0)
[2015.04.10-13.37.24:720][  0]LogD3D11RHI: Adapter has 0MB of dedicated video memory, 0MB of dedicated system memory, and 1792MB of shared system memory, 1 output[s]
[2015.04.10-13.37.24:776][  0]LogD3D11RHI: Found D3D11 adapter 1: NVIDIA GeForce GTX 760M (Feature Level 11_0)
[2015.04.10-13.37.24:776][  0]LogD3D11RHI: Adapter has 1988MB of dedicated video memory, 0MB of dedicated system memory, and 2048MB of shared system memory, 0 output[s]
[2015.04.10-13.37.24:779][  0]LogD3D11RHI: Found D3D11 adapter 2: Microsoft Basic Render Driver (Feature Level 11_0)
[2015.04.10-13.37.24:779][  0]LogD3D11RHI: Adapter has 0MB of dedicated video memory, 0MB of dedicated system memory, and 256MB of shared system memory, 0 output[s]
[2015.04.10-13.37.24:779][  0]LogD3D11RHI: Chosen D3D11 Adapter Id = 0
[2015.04.10-13.37.24:798][  0]LogRHI: Texture pool is 1361 MB (70% of 1945 MB)
[2015.04.10-13.37.24:840][  0]LogD3D11RHI: Async texture creation enabled
[2015.04.10-13.37.24:954][  0]LogTextLocalizationManager: The requested culture ('de_DE') has no localization data; falling back to 'en' for localization and internationalization data.
[2015.04.10-13.37.25:210][  0]LogTextLocalizationManager:Warning: Loading localization resources contain conflicting entries for (Namespace:UICommands, Key:Save_ToolTip):
Resource: (D:/UE4/source code/UnrealEngine-4.7/UnrealEngine-4.7/Engine/Content/Localization/Editor/en/Editor.locres) Hash: (-29098895) String: (Saves the current level to disk)
Resource: (D:/UE4/source code/UnrealEngine-4.7/UnrealEngine-4.7/Engine/Content/Localization/Engine/en/Engine.locres) Hash: (-1280300587) String: (Save selected data to vlog file)
[2015.04.10-13.37.25:210][  0]LogTextLocalizationManager:Warning: Loading localization resources contain conflicting entries for (Namespace:ContentBrowser, Key:ImportAssetToolTip):
Resource: (D:/UE4/source code/UnrealEngine-4.7/UnrealEngine-4.7/Engine/Content/Localization/Editor/en/Editor.locres) Hash: (-630476809) String: (Import to {0}...)
Resource: (D:/UE4/source code/UnrealEngine-4.7/UnrealEngine-4.7/Engine/Content/Localization/Editor/en/Editor.locres) Hash: (1271782899) String: (Imports an asset from file to this folder.)
[2015.04.10-13.37.25:456][  0]LogContentStreaming: Texture pool size is 1000.000000MB
[2015.04.10-13.37.31:295][  0]LogTargetPlatformManager:Display: Building Assets For Windows
[2015.04.10-13.37.32:633][  0]LogTargetPlatformManager:Display: Building Assets For Windows
[2015.04.10-13.37.32:765][  0]LogDerivedDataCache:Display: Max Cache Size: 512 MB
[2015.04.10-13.37.32:892][  0]LogDerivedDataCache: Loaded boot cache 0.13s 40MB ../../../../../../../Github/Ingenuity/IngenuityBasic/DerivedDataCache/Boot.ddc.
[2015.04.10-13.37.32:892][  0]LogDerivedDataCache:Display: Loaded Boot cache: ../../../../../../../Github/Ingenuity/IngenuityBasic/DerivedDataCache/Boot.ddc
[2015.04.10-13.37.32:892][  0]LogDerivedDataCache: FDerivedDataBackendGraph:  Pak pak cache file ../../../../../../../Github/Ingenuity/IngenuityBasic/DerivedDataCache/DDC.ddp not found, will not use a pak cache.
[2015.04.10-13.37.32:892][  0]LogDerivedDataCache: Unable to find inner node Pak for hierarchical cache Hierarchy.
[2015.04.10-13.37.32:892][  0]LogDerivedDataCache: FDerivedDataBackendGraph:  EnginePak pak cache file ../../../Engine/DerivedDataCache/DDC.ddp not found, will not use a pak cache.
[2015.04.10-13.37.32:892][  0]LogDerivedDataCache: Unable to find inner node EnginePak for hierarchical cache Hierarchy.
[2015.04.10-13.37.32:913][  0]LogDerivedDataCache: Using Local data cache path ../../../Engine/DerivedDataCache: Writable
[2015.04.10-13.37.32:913][  0]LogDerivedDataCache: Shared data cache path not found in *engine.ini, will not use an Shared cache.
[2015.04.10-13.37.32:913][  0]LogDerivedDataCache: Unable to find inner node Shared for hierarchical cache Hierarchy.
[2015.04.10-13.37.33:721][  0]LogMeshUtilities: No automatic mesh reduction module available
[2015.04.10-13.37.33:721][  0]LogMeshUtilities: No automatic mesh merging module available
[2015.04.10-13.37.34:742][  0]LogInit: WinSock: version 1.1 (2.2), MaxSocks=32767, MaxUdp=65467
[2015.04.10-13.37.35:848][  0]LogWindowsMoviePlayer: Unable to load movie: ../../../../../../../Github/Ingenuity/IngenuityBasic/Content/Movies/Default_Startup.mp4
[2015.04.10-13.37.36:134][  0]LogSourceControl: RunCommandInternalRaw: 'git version'
[2015.04.10-13.37.36:134][  0]LogSourceControl: RunCommandInternalRaw: ExecProcess ReturnCode=2 OutResults=''
[2015.04.10-13.37.36:219][  0]SourceControl: Info Source control is disabled
[2015.04.10-13.37.36:219][  0]SourceControl: Info Source control is disabled
[2015.04.10-13.37.36:219][  0]SourceControl: Info Source control is disabled
[2015.04.10-13.37.36:243][  0]SourceControl: Info Source control is disabled
[2015.04.10-13.37.36:509][  0]LogObj: 24110 objects as part of root set at end of initial load.
[2015.04.10-13.37.36:509][  0]LogUObjectAllocator: 5027208 out of 0 bytes used by permanent object pool.
[2015.04.10-13.37.36:709][  0]LogAutomationTest:Warning: ERR: Transient text cannot be serialized "Testing Transient serialization detection".
[2015.04.10-13.37.36:710][  0]LogEngine: Initializing Engine...
[2015.04.10-13.37.39:105][  0]LogInit: XAudio2 using 'Speakers (Realtek High Definition Audio)' : 2 channels at 48 kHz using 32 bits per sample (channel mask 0x3)
[2015.04.10-13.37.39:142][  0]LogInit: FAudioDevice initialized.
[2015.04.10-13.37.39:149][  0]LogInit: Texture streaming: Enabled
[2015.04.10-13.37.39:345][  0]LogAnalytics: Creating configured Analytics provider AnalyticsET
[2015.04.10-13.37.39:345][  0]LogAnalytics: ET APIKey = UnrealEngine.Release. APIServer = http://etsource.epicgames.com/ET2/. AppVersion = 4.7.4-0+++depot+UE4-Releases+4.7
[2015.04.10-13.37.39:345][  0]LogAnalytics: SetUserId c98b79d14844094ad4256e87f54b579a|b11a4e7304504cc2a52d02214ea30f55|55325a2e-fcbf-49b6-ade6-f98150735238
[2015.04.10-13.37.39:345][  0]LogAnalytics: AnalyticsET::StartSession [UnrealEngine.Release]
[2015.04.10-13.37.39:398][  0]LogNet: Browse: /Temp/Autosaves/Game/FirstPersonBP/Maps/UEDPCFirstPersonExampleMap?Name=Player
[2015.04.10-13.37.39:418][  0]LogLoad: LoadMap: /Temp/Autosaves/Game/FirstPersonBP/Maps/UEDPCFirstPersonExampleMap?Name=Player
[2015.04.10-13.37.39:659][  0]LogMemory: Platform Memory Stats for Windows
[2015.04.10-13.37.39:659][  0]LogMemory: Process Physical Memory: 276.47 MB used, 282.54 MB peak
[2015.04.10-13.37.39:659][  0]LogMemory: Process Virtual Memory: 218.06 MB used, 229.60 MB peak
[2015.04.10-13.37.39:659][  0]LogMemory: Physical Memory: 4539.32 MB used, 8108.79 MB total
[2015.04.10-13.37.39:659][  0]LogMemory: Virtual Memory: 732.43 MB used, 134217728.00 MB total
[2015.04.10-13.37.39:659][  0]LogMemory: 
[2015.04.10-13.37.39:659][  0]Allocator Stats for TBB: (not implemented)
[2015.04.10-13.37.40:687][  0]LogAssetRegistry: FAssetRegistry took 0.0000 seconds to start up
[2015.04.10-13.37.41:635][  0]LogWorld: Game class is 'FirstPersonGameMode_C'
[2015.04.10-13.37.45:308][  0]LogAIModule: Creating AISystem for world FirstPersonExampleMap
[2015.04.10-13.37.45:320][  0]LogWorld: Bringing World /Temp/Autosaves/Game/FirstPersonBP/Maps/UEDPCFirstPersonExampleMap.FirstPersonExampleMap up for play (max tick rate 0) at 2015.04.10-15.37.45
[2015.04.10-13.37.45:341][  0]LogWorld: Bringing up level for play took: 0.032718
[2015.04.10-13.37.45:415][  0]LogInit:Display: Game Engine Initialized.
[2015.04.10-13.37.45:678][  0]LogLoad: Full Startup: 23.78 seconds (BP compile: 0.83 seconds)
[2015.04.10-13.37.45:966][  2]LogRenderer:Warning: Reallocating scene render targets to support 1280x720 (Frame:2).
[2015.04.10-13.37.50:985][107]LogBlueprintUserMessages: Spawning Actor
[2015.04.10-13.37.54:097][185]LogBlueprintUserMessages: Reloaded
[2015.04.10-13.37.57:682][300]LogBlueprintUserMessages: Spawning Actor
[2015.04.10-13.37.59:365][346]LogBlueprintUserMessages: Projectile Stopped
[2015.04.10-13.38.00:706][383]LogBlueprintUserMessages: Reloaded
[2015.04.10-13.38.01:517][406]LogBlueprintUserMessages: Spawning Actor
[2015.04.10-13.38.01:904][415]LogBlueprintUserMessages: Projectile Stopped
[2015.04.10-13.38.02:011][418]LogBlueprintUserMessages: Projectile Stopped
[2015.04.10-13.38.04:522][491]LogBlueprintUserMessages: Reloaded
[2015.04.10-13.38.30:058][338]LogEngine: All Windows Closed
[2015.04.10-13.38.30:058][338]LogWindows: FPlatformMisc::RequestExit(0)
[2015.04.10-13.38.30:106][339]LogExit: Preparing to exit.
[2015.04.10-13.38.30:219][339]LogParticles: Destroying 0 GPU particle simulations for FXSystem 0x000000035FC10540
[2015.04.10-13.38.30:219][339]LogExit: Game engine shut down
[2015.04.10-13.38.30:521][339]LogExit: Object subsystem successfully closed.
[2015.04.10-13.38.30:588][339]LogModuleManager: Shutting down and abandoning module AndroidDeviceDetection (103)
[2015.04.10-13.38.30:783][339]LogModuleManager: Shutting down and abandoning module AutomationWorker (102)
[2015.04.10-13.38.30:783][339]LogModuleManager: Shutting down and abandoning module CharacterAI (101)
[2015.04.10-13.38.30:783][339]LogModuleManager: Shutting down and abandoning module AITestSuite (100)
[2015.04.10-13.38.30:783][339]LogModuleManager: Shutting down and abandoning module GameplayDebugger (99)
[2015.04.10-13.38.30:783][339]LogModuleManager: Shutting down and abandoning module AIModule (98)
[2015.04.10-13.38.30:783][339]LogModuleManager: Shutting down and abandoning module AssetRegistry (97)
[2015.04.10-13.38.30:783][339]LogModuleManager: Shutting down and abandoning module GameLiveStreaming (96)
[2015.04.10-13.38.30:784][339]LogModuleManager: Shutting down and abandoning module StreamingPauseRendering (95)
[2015.04.10-13.38.30:784][339]LogModuleManager: Shutting down and abandoning module HTTP (94)
[2015.04.10-13.38.30:792][339]LogModuleManager: Shutting down and abandoning module AnalyticsET (93)
[2015.04.10-13.38.30:792][339]LogModuleManager: Shutting down and abandoning module Analytics (92)
[2015.04.10-13.38.30:792][339]LogModuleManager: Shutting down and abandoning module ProfilerService (91)
[2015.04.10-13.38.30:893][339]LogModuleManager: Shutting down and abandoning module TaskGraph (90)
[2015.04.10-13.38.30:893][339]LogModuleManager: Shutting down and abandoning module SlateRemote (89)
[2015.04.10-13.38.30:893][339]LogModuleManager: Shutting down and abandoning module LeapMotionController (88)
[2015.04.10-13.38.31:014][339]LogModuleManager: Shutting down and abandoning module CustomMeshComponent (87)
[2015.04.10-13.38.31:014][339]LogModuleManager: Shutting down and abandoning module CableComponent (86)
[2015.04.10-13.38.31:014][339]LogModuleManager: Shutting down and abandoning module DesktopPlatform (85)
[2015.04.10-13.38.31:014][339]LogModuleManager: Shutting down and abandoning module DirectoryWatcher (84)
[2015.04.10-13.38.31:014][339]LogModuleManager: Shutting down and abandoning module HotReload (83)
[2015.04.10-13.38.31:014][339]LogModuleManager: Shutting down and abandoning module VisualStudioSourceCodeAccess (82)
[2015.04.10-13.38.31:014][339]LogModuleManager: Shutting down and abandoning module UObjectPlugin (81)
[2015.04.10-13.38.31:014][339]LogModuleManager: Shutting down and abandoning module SubversionSourceControl (80)
[2015.04.10-13.38.31:014][339]LogModuleManager: Shutting down and abandoning module GitSourceControl (79)
[2015.04.10-13.38.31:014][339]LogModuleManager: Shutting down and abandoning module SourceControl (78)
[2015.04.10-13.38.31:014][339]LogModuleManager: Shutting down and abandoning module PerforceSourceControl (77)
[2015.04.10-13.38.31:014][339]LogModuleManager: Shutting down and abandoning module BlankPlugin (76)
[2015.04.10-13.38.31:014][339]LogModuleManager: Shutting down and abandoning module ScriptPlugin (75)
[2015.04.10-13.38.31:014][339]LogModuleManager: Shutting down and abandoning module UdpMessaging (74)
[2015.04.10-13.38.31:014][339]LogModuleManager: Shutting down and abandoning module Paper2D (73)
[2015.04.10-13.38.31:014][339]LogModuleManager: Shutting down and abandoning module WindowsMoviePlayer (72)
[2015.04.10-13.38.31:021][339]LogModuleManager: Shutting down and abandoning module Media (71)
[2015.04.10-13.38.31:021][339]LogModuleManager: Shutting down and abandoning module WmfMedia (70)
[2015.04.10-13.38.31:021][339]LogModuleManager: Shutting down and abandoning module OnlineBlueprintSupport (69)
[2015.04.10-13.38.31:021][339]LogModuleManager: Shutting down and abandoning module PropertyEditor (68)
[2015.04.10-13.38.31:022][339]LogModuleManager: Shutting down and abandoning module BehaviorTreeEditor (67)
[2015.04.10-13.38.31:022][339]LogModuleManager: Shutting down and abandoning module FunctionalTesting (66)
[2015.04.10-13.38.31:022][339]LogModuleManager: Shutting down and abandoning module CollisionAnalyzer (65)
[2015.04.10-13.38.31:022][339]LogModuleManager: Shutting down and abandoning module WorkspaceMenuStructure (64)
[2015.04.10-13.38.31:022][339]LogModuleManager: Shutting down and abandoning module MessageLog (63)
[2015.04.10-13.38.31:022][339]LogModuleManager: Shutting down and abandoning module Sequencer (62)
[2015.04.10-13.38.31:022][339]LogModuleManager: Shutting down and abandoning module AssetTools (61)
[2015.04.10-13.38.31:022][339]LogModuleManager: Shutting down and abandoning module UMGEditor (60)
[2015.04.10-13.38.31:022][339]LogModuleManager: Shutting down and abandoning module UMG (59)
[2015.04.10-13.38.31:022][339]LogModuleManager: Shutting down and abandoning module Slate (58)
[2015.04.10-13.38.31:022][339]LogModuleManager: Shutting down and abandoning module EditorStyle (57)
[2015.04.10-13.38.31:034][339]LogModuleManager: Shutting down and abandoning module SessionServices (56)
[2015.04.10-13.38.31:034][339]LogModuleManager: Shutting down and abandoning module SourceCodeAccess (55)
[2015.04.10-13.38.31:034][339]LogModuleManager: Shutting down and abandoning module HeadMountedDisplay (54)
[2015.04.10-13.38.31:034][339]LogModuleManager: Shutting down and abandoning module XAudio2 (53)
[2015.04.10-13.38.31:034][339]LogModuleManager: Shutting down and abandoning module Networking (51)
[2015.04.10-13.38.31:034][339]LogModuleManager: Shutting down and abandoning module Core (50)
[2015.04.10-13.38.31:034][339]LogModuleManager: Shutting down and abandoning module KismetCompiler (49)
[2015.04.10-13.38.31:034][339]LogModuleManager: Shutting down and abandoning module PhysXFormats (48)
[2015.04.10-13.38.31:034][339]LogModuleManager: Shutting down and abandoning module MeshUtilities (47)
[2015.04.10-13.38.31:034][339]LogModuleManager: Shutting down and abandoning module DerivedDataCache (46)
[2015.04.10-13.38.31:461][339]LogDerivedDataCache: Shutdown
[2015.04.10-13.38.31:461][339]LogModuleManager: Shutting down and abandoning module ShaderFormatOpenGL (45)
[2015.04.10-13.38.31:461][339]LogModuleManager: Shutting down and abandoning module ShaderFormatD3D (44)
[2015.04.10-13.38.31:461][339]LogModuleManager: Shutting down and abandoning module MetalShaderFormat (43)
[2015.04.10-13.38.31:461][339]LogModuleManager: Shutting down and abandoning module TextureFormatUncompressed (42)
[2015.04.10-13.38.31:461][339]LogModuleManager: Shutting down and abandoning module TextureFormatPVR (41)
[2015.04.10-13.38.31:461][339]LogModuleManager: Shutting down and abandoning module TextureFormatIntelISPCTexComp (40)
[2015.04.10-13.38.31:461][339]LogModuleManager: Shutting down and abandoning module TextureFormatDXT (39)
[2015.04.10-13.38.31:461][339]LogModuleManager: Shutting down and abandoning module ImageWrapper (38)
[2015.04.10-13.38.31:461][339]LogModuleManager: Shutting down and abandoning module TextureFormatASTC (37)
[2015.04.10-13.38.31:461][339]LogModuleManager: Shutting down and abandoning module AudioFormatOpus (36)
[2015.04.10-13.38.31:461][339]LogModuleManager: Shutting down and abandoning module AudioFormatOgg (35)
[2015.04.10-13.38.31:461][339]LogModuleManager: Shutting down and abandoning module AudioFormatADPCM (34)
[2015.04.10-13.38.31:461][339]LogModuleManager: Shutting down and abandoning module Messaging (33)
[2015.04.10-13.38.31:461][339]LogModuleManager: Shutting down and abandoning module IOSTargetPlatform (32)
[2015.04.10-13.38.31:461][339]LogModuleManager: Shutting down and abandoning module HTML5TargetPlatform (31)
[2015.04.10-13.38.31:461][339]LogModuleManager: Shutting down and abandoning module Android_PVRTCTargetPlatform (30)
[2015.04.10-13.38.31:461][339]LogModuleManager: Shutting down and abandoning module Android_ETC2TargetPlatform (29)
[2015.04.10-13.38.31:461][339]LogModuleManager: Shutting down and abandoning module Android_ETC1TargetPlatform (28)
[2015.04.10-13.38.31:461][339]LogModuleManager: Shutting down and abandoning module Android_DXTTargetPlatform (27)
[2015.04.10-13.38.31:461][339]LogModuleManager: Shutting down and abandoning module Android_ATCTargetPlatform (26)
[2015.04.10-13.38.31:461][339]LogModuleManager: Shutting down and abandoning module AndroidTargetPlatform (25)
[2015.04.10-13.38.31:461][339]LogModuleManager: Shutting down and abandoning module WindowsTargetPlatform (24)
[2015.04.10-13.38.31:461][339]LogModuleManager: Shutting down and abandoning module WindowsServerTargetPlatform (23)
[2015.04.10-13.38.31:461][339]LogModuleManager: Shutting down and abandoning module WindowsNoEditorTargetPlatform (22)
[2015.04.10-13.38.31:461][339]LogModuleManager: Shutting down and abandoning module WindowsClientTargetPlatform (21)
[2015.04.10-13.38.31:461][339]LogModuleManager: Shutting down and abandoning module TargetPlatform (20)
[2015.04.10-13.38.31:461][339]LogModuleManager: Shutting down and abandoning module InputCore (19)
[2015.04.10-13.38.31:461][339]LogModuleManager: Shutting down and abandoning module Settings (18)
[2015.04.10-13.38.31:462][339]LogModuleManager: Shutting down and abandoning module OnlineSubsystem (16)
[2015.04.10-13.38.31:462][339]LogModuleManager: Shutting down and abandoning module OculusRift (15)
[2015.04.10-13.38.31:462][339]LogModuleManager: Shutting down and abandoning module ExampleDeviceProfileSelector (14)
[2015.04.10-13.38.31:462][339]LogModuleManager: Shutting down and abandoning module TextureCompressor (13)
[2015.04.10-13.38.31:462][339]LogModuleManager: Shutting down and abandoning module ShaderCore (12)
[2015.04.10-13.38.31:462][339]LogModuleManager: Shutting down and abandoning module Landscape (11)
[2015.04.10-13.38.31:462][339]LogModuleManager: Shutting down and abandoning module SlateRHIRenderer (10)
[2015.04.10-13.38.31:462][339]LogModuleManager: Shutting down and abandoning module OpenGLDrv (9)
[2015.04.10-13.38.31:462][339]LogModuleManager: Shutting down and abandoning module D3D11RHI (8)
[2015.04.10-13.38.31:462][339]LogModuleManager: Shutting down and abandoning module Renderer (7)
[2015.04.10-13.38.31:462][339]LogModuleManager: Shutting down and abandoning module Engine (6)
[2015.04.10-13.38.31:462][339]LogModuleManager: Shutting down and abandoning module CoreUObject (5)
[2015.04.10-13.38.31:462][339]LogModuleManager: Shutting down and abandoning module NetworkFile (4)
[2015.04.10-13.38.31:462][339]LogModuleManager: Shutting down and abandoning module StreamingFile (3)
[2015.04.10-13.38.31:462][339]LogModuleManager: Shutting down and abandoning module SandboxFile (2)
[2015.04.10-13.38.31:463][339]LogModuleManager: Shutting down and abandoning module PakFile (1)
[2015.04.10-13.38.31:463][339]LogExit: Exiting.
[2015.04.10-13.38.31:466][339]Log file closed, 04/10/15 15:38:31
