Log file open, 04/07/15 16:38:31
LogInit:Display: Running engine for game: IngenuityBasic
LogInit: Version: 4.7.4-0+++depot+UE4-Releases+4.7
LogInit: API Version: 0
LogInit: Compiled (64-bit): Mar 25 2015 02:32:27
LogInit: Compiled with Visual C++: 18.00.31101.00
LogInit: Build Configuration: Development
LogInit: Branch Name: ++depot+UE4-Releases+4.7
LogInit: Command line:  /Temp/Autosaves/Game/FirstPersonBP/Maps/UEDPCFirstPersonExampleMap -game -PIEVIACONSOLE -ResX=1280 -ResY=720  -Multiprocess 
LogInit: Base directory: D:/UE4/source code/UnrealEngine-4.7/UnrealEngine-4.7/Engine/Binaries/Win64/
LogInit: Rocket: 0
[2015.04.07-14.38.31:900][  0]LogTaskGraph: Started task graph with 3 named threads and 6 total threads.
[2015.04.07-14.38.31:976][  0]LogOnline:Warning: No default platform service specified for OnlineSubsystem
[2015.04.07-14.38.32:001][  0]LogInit: Presizing for 0 objects not considered by GC, pre-allocating 0 bytes.
[2015.04.07-14.38.32:026][  0]LogInit: Object subsystem initialized
[2015.04.07-14.38.32:031][  0]LogConsoleResponse:Warning: Skipping Unknown console variable: 'TranslucentSortAxis = (X=0.000000,Y=-1.000000,Z=0.000000)'
[2015.04.07-14.38.32:031][  0]LogConsoleResponse:Warning:   Found in ini file 'D:/Github/Ingenuity/IngenuityBasic/Saved/Config/Windows/Engine.ini', in section '[/Script/Engine.RendererSettings]'
[2015.04.07-14.38.32:031][  0]LogConsoleResponse:Warning: Skipping Unknown console variable: 'UIScaleRule = ShortestSide'
[2015.04.07-14.38.32:031][  0]LogConsoleResponse:Warning:   Found in ini file 'D:/Github/Ingenuity/IngenuityBasic/Saved/Config/Windows/Engine.ini', in section '[/Script/Engine.RendererSettings]'
[2015.04.07-14.38.32:031][  0]LogConsoleResponse:Warning: Skipping Unknown console variable: 'UIScaleCurve = (EditorCurveData=(Keys=),ExternalCurve=None)'
[2015.04.07-14.38.32:031][  0]LogConsoleResponse:Warning:   Found in ini file 'D:/Github/Ingenuity/IngenuityBasic/Saved/Config/Windows/Engine.ini', in section '[/Script/Engine.RendererSettings]'
[2015.04.07-14.38.32:032][  0]LogInit: Selected Device Profile: [Windows]
[2015.04.07-14.38.32:032][  0]LogInit: Applying CVar settings loaded from the selected device profile: [Windows]
[2015.04.07-14.38.32:044][  0]LogInit: Computer: TAZDINGO
[2015.04.07-14.38.32:044][  0]LogInit: User: VolJin
[2015.04.07-14.38.32:044][  0]LogInit: CPU Page size=4096, Cores=4
[2015.04.07-14.38.32:044][  0]LogInit: High frequency timer resolution =2.143486 MHz
[2015.04.07-14.38.32:044][  0]LogMemory: Memory total: Physical=7.9GB (8GB approx) Virtual=131072.0GB
[2015.04.07-14.38.32:044][  0]LogMemory: Platform Memory Stats for Windows
[2015.04.07-14.38.32:044][  0]LogMemory: Process Physical Memory: 45.68 MB used, 45.68 MB peak
[2015.04.07-14.38.32:044][  0]LogMemory: Process Virtual Memory: 22.47 MB used, 22.48 MB peak
[2015.04.07-14.38.32:044][  0]LogMemory: Physical Memory: 3470.21 MB used, 8108.79 MB total
[2015.04.07-14.38.32:044][  0]LogMemory: Virtual Memory: 288.31 MB used, 134217728.00 MB total
[2015.04.07-14.38.32:130][  0]LogD3D11RHI: Found D3D11 adapter 0: Intel(R) HD Graphics 4600 (Feature Level 11_0)
[2015.04.07-14.38.32:130][  0]LogD3D11RHI: Adapter has 0MB of dedicated video memory, 0MB of dedicated system memory, and 1792MB of shared system memory, 1 output[s]
[2015.04.07-14.38.32:165][  0]LogD3D11RHI: Found D3D11 adapter 1: NVIDIA GeForce GTX 760M (Feature Level 11_0)
[2015.04.07-14.38.32:165][  0]LogD3D11RHI: Adapter has 1988MB of dedicated video memory, 0MB of dedicated system memory, and 2048MB of shared system memory, 0 output[s]
[2015.04.07-14.38.32:168][  0]LogD3D11RHI: Found D3D11 adapter 2: Microsoft Basic Render Driver (Feature Level 11_0)
[2015.04.07-14.38.32:168][  0]LogD3D11RHI: Adapter has 0MB of dedicated video memory, 0MB of dedicated system memory, and 256MB of shared system memory, 0 output[s]
[2015.04.07-14.38.32:168][  0]LogD3D11RHI: Chosen D3D11 Adapter Id = 0
[2015.04.07-14.38.32:181][  0]LogRHI: Texture pool is 1361 MB (70% of 1945 MB)
[2015.04.07-14.38.32:211][  0]LogD3D11RHI: Async texture creation enabled
[2015.04.07-14.38.32:332][  0]LogTextLocalizationManager: The requested culture ('de_DE') has no localization data; falling back to 'en' for localization and internationalization data.
[2015.04.07-14.38.32:577][  0]LogTextLocalizationManager:Warning: Loading localization resources contain conflicting entries for (Namespace:UICommands, Key:Save_ToolTip):
Resource: (D:/UE4/source code/UnrealEngine-4.7/UnrealEngine-4.7/Engine/Content/Localization/Editor/en/Editor.locres) Hash: (-29098895) String: (Saves the current level to disk)
Resource: (D:/UE4/source code/UnrealEngine-4.7/UnrealEngine-4.7/Engine/Content/Localization/Engine/en/Engine.locres) Hash: (-1280300587) String: (Save selected data to vlog file)
[2015.04.07-14.38.32:577][  0]LogTextLocalizationManager:Warning: Loading localization resources contain conflicting entries for (Namespace:ContentBrowser, Key:ImportAssetToolTip):
Resource: (D:/UE4/source code/UnrealEngine-4.7/UnrealEngine-4.7/Engine/Content/Localization/Editor/en/Editor.locres) Hash: (-630476809) String: (Import to {0}...)
Resource: (D:/UE4/source code/UnrealEngine-4.7/UnrealEngine-4.7/Engine/Content/Localization/Editor/en/Editor.locres) Hash: (1271782899) String: (Imports an asset from file to this folder.)
[2015.04.07-14.38.32:808][  0]LogContentStreaming: Texture pool size is 1000.000000MB
[2015.04.07-14.38.38:194][  0]LogTargetPlatformManager:Display: Building Assets For Windows
[2015.04.07-14.38.39:324][  0]LogTargetPlatformManager:Display: Building Assets For Windows
[2015.04.07-14.38.39:451][  0]LogDerivedDataCache:Display: Max Cache Size: 512 MB
[2015.04.07-14.38.39:558][  0]LogDerivedDataCache: Loaded boot cache 0.11s 40MB ../../../../../../../Github/Ingenuity/IngenuityBasic/DerivedDataCache/Boot.ddc.
[2015.04.07-14.38.39:558][  0]LogDerivedDataCache:Display: Loaded Boot cache: ../../../../../../../Github/Ingenuity/IngenuityBasic/DerivedDataCache/Boot.ddc
[2015.04.07-14.38.39:558][  0]LogDerivedDataCache: FDerivedDataBackendGraph:  Pak pak cache file ../../../../../../../Github/Ingenuity/IngenuityBasic/DerivedDataCache/DDC.ddp not found, will not use a pak cache.
[2015.04.07-14.38.39:558][  0]LogDerivedDataCache: Unable to find inner node Pak for hierarchical cache Hierarchy.
[2015.04.07-14.38.39:558][  0]LogDerivedDataCache: FDerivedDataBackendGraph:  EnginePak pak cache file ../../../Engine/DerivedDataCache/DDC.ddp not found, will not use a pak cache.
[2015.04.07-14.38.39:558][  0]LogDerivedDataCache: Unable to find inner node EnginePak for hierarchical cache Hierarchy.
[2015.04.07-14.38.39:628][  0]LogDerivedDataCache: Using Local data cache path ../../../Engine/DerivedDataCache: Writable
[2015.04.07-14.38.39:628][  0]LogDerivedDataCache: Shared data cache path not found in *engine.ini, will not use an Shared cache.
[2015.04.07-14.38.39:628][  0]LogDerivedDataCache: Unable to find inner node Shared for hierarchical cache Hierarchy.
[2015.04.07-14.38.40:249][  0]LogMeshUtilities: No automatic mesh reduction module available
[2015.04.07-14.38.40:249][  0]LogMeshUtilities: No automatic mesh merging module available
[2015.04.07-14.38.41:077][  0]LogInit: WinSock: version 1.1 (2.2), MaxSocks=32767, MaxUdp=65467
[2015.04.07-14.38.41:913][  0]LogWindowsMoviePlayer: Unable to load movie: ../../../../../../../Github/Ingenuity/IngenuityBasic/Content/Movies/Default_Startup.mp4
[2015.04.07-14.38.42:215][  0]LogSourceControl: RunCommandInternalRaw: 'git version'
[2015.04.07-14.38.42:216][  0]LogSourceControl: RunCommandInternalRaw: ExecProcess ReturnCode=2 OutResults=''
[2015.04.07-14.38.42:268][  0]SourceControl: Info Source control is disabled
[2015.04.07-14.38.42:269][  0]SourceControl: Info Source control is disabled
[2015.04.07-14.38.42:269][  0]SourceControl: Info Source control is disabled
[2015.04.07-14.38.42:293][  0]SourceControl: Info Source control is disabled
[2015.04.07-14.38.42:505][  0]LogObj: 24110 objects as part of root set at end of initial load.
[2015.04.07-14.38.42:506][  0]LogUObjectAllocator: 5027208 out of 0 bytes used by permanent object pool.
[2015.04.07-14.38.42:692][  0]LogAutomationTest:Warning: ERR: Transient text cannot be serialized "Testing Transient serialization detection".
[2015.04.07-14.38.42:692][  0]LogEngine: Initializing Engine...
[2015.04.07-14.38.45:034][  0]LogInit: XAudio2 using 'Speakers (Realtek High Definition Audio)' : 2 channels at 48 kHz using 32 bits per sample (channel mask 0x3)
[2015.04.07-14.38.45:060][  0]LogInit: FAudioDevice initialized.
[2015.04.07-14.38.45:066][  0]LogInit: Texture streaming: Enabled
[2015.04.07-14.38.45:234][  0]LogAnalytics: Creating configured Analytics provider AnalyticsET
[2015.04.07-14.38.45:234][  0]LogAnalytics: ET APIKey = UnrealEngine.Release. APIServer = http://etsource.epicgames.com/ET2/. AppVersion = 4.7.4-0+++depot+UE4-Releases+4.7
[2015.04.07-14.38.45:235][  0]LogAnalytics: SetUserId c98b79d14844094ad4256e87f54b579a|b11a4e7304504cc2a52d02214ea30f55|55325a2e-fcbf-49b6-ade6-f98150735238
[2015.04.07-14.38.45:235][  0]LogAnalytics: AnalyticsET::StartSession [UnrealEngine.Release]
[2015.04.07-14.38.45:283][  0]LogNet: Browse: /Temp/Autosaves/Game/FirstPersonBP/Maps/UEDPCFirstPersonExampleMap?Name=Player
[2015.04.07-14.38.45:283][  0]LogLoad: LoadMap: /Temp/Autosaves/Game/FirstPersonBP/Maps/UEDPCFirstPersonExampleMap?Name=Player
[2015.04.07-14.38.45:365][  0]LogMemory: Platform Memory Stats for Windows
[2015.04.07-14.38.45:365][  0]LogMemory: Process Physical Memory: 277.86 MB used, 285.77 MB peak
[2015.04.07-14.38.45:365][  0]LogMemory: Process Virtual Memory: 222.01 MB used, 235.76 MB peak
[2015.04.07-14.38.45:365][  0]LogMemory: Physical Memory: 3660.03 MB used, 8108.79 MB total
[2015.04.07-14.38.45:365][  0]LogMemory: Virtual Memory: 737.74 MB used, 134217728.00 MB total
[2015.04.07-14.38.45:365][  0]LogMemory: 
[2015.04.07-14.38.45:365][  0]Allocator Stats for TBB: (not implemented)
[2015.04.07-14.38.46:220][  0]LogAssetRegistry: FAssetRegistry took 0.0000 seconds to start up
[2015.04.07-14.38.46:959][  0]LogWorld: Game class is 'FirstPersonGameMode_C'
[2015.04.07-14.38.50:034][  0]LogAIModule: Creating AISystem for world FirstPersonExampleMap
[2015.04.07-14.38.50:050][  0]LogWorld: Bringing World /Temp/Autosaves/Game/FirstPersonBP/Maps/UEDPCFirstPersonExampleMap.FirstPersonExampleMap up for play (max tick rate 0) at 2015.04.07-16.38.50
[2015.04.07-14.38.50:052][  0]LogWorld: Bringing up level for play took: 0.017077
[2015.04.07-14.38.50:057][  0]LogInit:Display: Game Engine Initialized.
[2015.04.07-14.38.50:307][  0]LogLoad: Full Startup: 20.95 seconds (BP compile: 0.66 seconds)
[2015.04.07-14.38.50:536][  2]LogRenderer:Warning: Reallocating scene render targets to support 1280x720 (Frame:2).
[2015.04.07-14.38.55:748][134]LogBlueprintUserMessages: Spawning Actor
[2015.04.07-14.38.57:078][155]LogRenderer:Warning: Reallocating scene render targets to support 1600x840 (Frame:158).
[2015.04.07-14.38.58:819][194]LogBlueprintUserMessages: Reloaded
[2015.04.07-14.39.01:781][262]LogBlueprintUserMessages: Projectile Stopped
[2015.04.07-14.39.01:972][266]LogBlueprintUserMessages: Spawning Actor
[2015.04.07-14.39.05:011][331]LogBlueprintUserMessages: Reloaded
[2015.04.07-14.39.07:265][382]LogBlueprintUserMessages: Projectile Stopped
[2015.04.07-14.39.07:619][390]LogBlueprintUserMessages: Spawning Actor
[2015.04.07-14.39.10:495][451]LogBlueprintUserMessages: Projectile Stopped
[2015.04.07-14.39.10:631][454]LogBlueprintUserMessages: Reloaded
[2015.04.07-14.39.12:164][488]LogBlueprintUserMessages: Spawning Actor
[2015.04.07-14.39.15:190][554]LogBlueprintUserMessages: Reloaded
[2015.04.07-14.39.17:066][597]LogBlueprintUserMessages: Spawning Actor
[2015.04.07-14.39.17:611][607]LogBlueprintUserMessages: Projectile Stopped
[2015.04.07-14.39.20:098][666]LogBlueprintUserMessages: Reloaded
[2015.04.07-14.39.21:520][698]LogBlueprintUserMessages: Spawning Actor
[2015.04.07-14.39.24:541][764]LogBlueprintUserMessages: Reloaded
[2015.04.07-14.39.25:799][793]LogBlueprintUserMessages: Spawning Actor
[2015.04.07-14.39.28:069][842]LogBlueprintUserMessages: Projectile Stopped
[2015.04.07-14.39.28:805][860]LogBlueprintUserMessages: Reloaded
[2015.04.07-14.39.30:405][903]LogBlueprintUserMessages: Projectile Stopped
[2015.04.07-14.39.34:043][  0]LogBlueprintUserMessages: Projectile Stopped
[2015.04.07-14.39.43:309][218]LogBlueprintUserMessages: Spawning Actor
[2015.04.07-14.39.43:321][219]LogBlueprintUserMessages: Projectile Stopped
[2015.04.07-14.39.46:281][286]LogBlueprintUserMessages: Reloaded
[2015.04.07-14.39.54:591][480]LogBlueprintUserMessages: Spawning Actor
[2015.04.07-14.39.54:605][481]LogBlueprintUserMessages: Projectile Stopped
[2015.04.07-14.39.57:592][549]LogBlueprintUserMessages: Reloaded
[2015.04.07-14.40.05:909][740]LogBlueprintUserMessages: Spawning Actor
[2015.04.07-14.40.08:924][806]LogBlueprintUserMessages: Reloaded
[2015.04.07-14.40.10:900][854]LogBlueprintUserMessages: Spawning Actor
[2015.04.07-14.40.11:728][871]LogBlueprintUserMessages: Projectile Stopped
[2015.04.07-14.40.13:916][921]LogBlueprintUserMessages: Reloaded
[2015.04.07-14.40.14:687][940]LogBlueprintUserMessages: Spawning Actor
[2015.04.07-14.40.15:338][953]LogBlueprintUserMessages: Projectile Stopped
[2015.04.07-14.40.17:710][  6]LogBlueprintUserMessages: Reloaded
[2015.04.07-14.40.19:253][ 41]LogBlueprintUserMessages: Spawning Actor
[2015.04.07-14.40.19:507][ 46]LogBlueprintUserMessages: Projectile Stopped
[2015.04.07-14.40.22:270][107]LogBlueprintUserMessages: Reloaded
[2015.04.07-14.40.23:189][128]LogBlueprintUserMessages: Projectile Stopped
[2015.04.07-14.40.30:148][287]LogBlueprintUserMessages: Spawning Actor
[2015.04.07-14.40.32:735][343]LogBlueprintUserMessages: Projectile Stopped
[2015.04.07-14.40.33:188][353]LogBlueprintUserMessages: Reloaded
[2015.04.07-14.40.36:758][435]LogBlueprintUserMessages: Spawning Actor
[2015.04.07-14.40.39:794][501]LogBlueprintUserMessages: Reloaded
[2015.04.07-14.40.41:141][532]LogBlueprintUserMessages: Projectile Stopped
[2015.04.07-14.40.46:124][645]LogBlueprintUserMessages: Spawning Actor
[2015.04.07-14.40.46:140][646]LogBlueprintUserMessages: Projectile Stopped
[2015.04.07-14.40.49:110][713]LogBlueprintUserMessages: Reloaded
[2015.04.07-14.41.03:171][ 32]LogBlueprintUserMessages: Spawning Actor
[2015.04.07-14.41.03:214][ 33]LogBlueprintUserMessages: Projectile Stopped
[2015.04.07-14.41.06:192][110]LogBlueprintUserMessages: Reloaded
[2015.04.07-14.41.11:577][243]LogBlueprintUserMessages: Spawning Actor
[2015.04.07-14.41.12:775][270]LogBlueprintUserMessages: Projectile Stopped
[2015.04.07-14.41.14:593][311]LogBlueprintUserMessages: Reloaded
[2015.04.07-14.41.15:878][340]LogBlueprintUserMessages: Spawning Actor
[2015.04.07-14.41.17:697][379]LogBlueprintUserMessages: Projectile Stopped
[2015.04.07-14.41.18:902][406]LogBlueprintUserMessages: Reloaded
[2015.04.07-14.41.24:703][539]LogBlueprintUserMessages: Spawning Actor
[2015.04.07-14.41.27:727][612]LogBlueprintUserMessages: Reloaded
[2015.04.07-14.41.35:650][830]LogBlueprintUserMessages: Projectile Stopped
[2015.04.07-14.42.28:324][272]LogBlueprintUserMessages: Spawning Actor
[2015.04.07-14.42.30:416][318]LogBlueprintUserMessages: Projectile Stopped
[2015.04.07-14.42.31:341][342]LogBlueprintUserMessages: Reloaded
[2015.04.07-14.42.44:257][672]LogBlueprintUserMessages: Spawning Actor
[2015.04.07-14.42.47:305][738]LogBlueprintUserMessages: Reloaded
[2015.04.07-14.42.48:409][763]LogBlueprintUserMessages: Spawning Actor
[2015.04.07-14.42.49:190][779]LogBlueprintUserMessages: Projectile Stopped
[2015.04.07-14.42.50:929][820]LogBlueprintUserMessages: Projectile Stopped
[2015.04.07-14.42.51:413][831]LogBlueprintUserMessages: Reloaded
[2015.04.07-14.42.54:687][901]LogBlueprintUserMessages: Spawning Actor
[2015.04.07-14.42.57:714][966]LogBlueprintUserMessages: Reloaded
[2015.04.07-14.42.57:799][968]LogBlueprintUserMessages: Projectile Stopped
[2015.04.07-14.43.05:434][141]LogBlueprintUserMessages: Spawning Actor
[2015.04.07-14.43.05:474][142]LogBlueprintUserMessages: Projectile Stopped
[2015.04.07-14.43.08:438][211]LogBlueprintUserMessages: Reloaded
[2015.04.07-14.43.13:073][319]LogBlueprintUserMessages: Spawning Actor
[2015.04.07-14.43.14:600][352]LogBlueprintUserMessages: Projectile Stopped
[2015.04.07-14.43.16:120][386]LogBlueprintUserMessages: Reloaded
[2015.04.07-14.43.20:027][474]LogBlueprintUserMessages: Spawning Actor
[2015.04.07-14.43.22:060][519]LogBlueprintUserMessages: Projectile Stopped
[2015.04.07-14.43.23:069][542]LogBlueprintUserMessages: Reloaded
[2015.04.07-14.43.24:437][573]LogBlueprintUserMessages: Spawning Actor
[2015.04.07-14.43.27:460][639]LogBlueprintUserMessages: Reloaded
[2015.04.07-14.43.27:555][641]LogBlueprintUserMessages: Spawning Actor
[2015.04.07-14.43.30:593][709]LogBlueprintUserMessages: Reloaded
[2015.04.07-14.43.31:278][725]LogBlueprintUserMessages: Spawning Actor
[2015.04.07-14.43.34:293][794]LogBlueprintUserMessages: Reloaded
[2015.04.07-14.43.34:763][805]LogBlueprintUserMessages: Spawning Actor
[2015.04.07-14.43.34:802][806]LogBlueprintUserMessages: Projectile Stopped
[2015.04.07-14.43.35:223][816]LogBlueprintUserMessages: Projectile Stopped
[2015.04.07-14.43.36:906][856]LogBlueprintUserMessages: Projectile Stopped
[2015.04.07-14.43.37:769][875]LogBlueprintUserMessages: Reloaded
[2015.04.07-14.43.39:040][905]LogBlueprintUserMessages: Spawning Actor
[2015.04.07-14.43.39:079][906]LogBlueprintUserMessages: Projectile Stopped
[2015.04.07-14.43.41:654][976]LogBlueprintUserMessages: Projectile Stopped
[2015.04.07-14.43.42:057][987]LogBlueprintUserMessages: Reloaded
[2015.04.07-14.47.02:020][466]LogBlueprintUserMessages: Spawning Actor
[2015.04.07-14.47.05:040][531]LogBlueprintUserMessages: Reloaded
[2015.04.07-14.47.12:395][704]LogBlueprintUserMessages: Spawning Actor
[2015.04.07-14.47.15:434][774]LogBlueprintUserMessages: Reloaded
[2015.04.07-14.47.16:500][798]LogBlueprintUserMessages: Spawning Actor
[2015.04.07-14.47.19:511][863]LogBlueprintUserMessages: Reloaded
[2015.04.07-14.47.21:470][907]LogBlueprintUserMessages: Spawning Actor
[2015.04.07-14.47.24:487][973]LogBlueprintUserMessages: Reloaded
[2015.04.07-14.47.27:876][ 56]LogBlueprintUserMessages: Projectile Stopped
[2015.04.07-14.47.34:226][231]LogBlueprintUserMessages: Projectile Stopped
[2015.04.07-14.54.27:071][791]LogEngine: All Windows Closed
[2015.04.07-14.54.27:071][791]LogWindows: FPlatformMisc::RequestExit(0)
[2015.04.07-14.54.27:095][792]LogExit: Preparing to exit.
[2015.04.07-14.54.27:222][792]LogParticles: Destroying 0 GPU particle simulations for FXSystem 0x000000CA844485E0
[2015.04.07-14.54.27:222][792]LogExit: Game engine shut down
[2015.04.07-14.54.27:548][792]LogExit: Object subsystem successfully closed.
[2015.04.07-14.54.27:654][792]LogModuleManager: Shutting down and abandoning module AndroidDeviceDetection (103)
[2015.04.07-14.54.27:687][792]LogModuleManager: Shutting down and abandoning module AutomationWorker (102)
[2015.04.07-14.54.27:687][792]LogModuleManager: Shutting down and abandoning module CharacterAI (101)
[2015.04.07-14.54.27:687][792]LogModuleManager: Shutting down and abandoning module AITestSuite (100)
[2015.04.07-14.54.27:687][792]LogModuleManager: Shutting down and abandoning module GameplayDebugger (99)
[2015.04.07-14.54.27:687][792]LogModuleManager: Shutting down and abandoning module AIModule (98)
[2015.04.07-14.54.27:687][792]LogModuleManager: Shutting down and abandoning module AssetRegistry (97)
[2015.04.07-14.54.27:687][792]LogModuleManager: Shutting down and abandoning module GameLiveStreaming (96)
[2015.04.07-14.54.27:687][792]LogModuleManager: Shutting down and abandoning module StreamingPauseRendering (95)
[2015.04.07-14.54.27:687][792]LogModuleManager: Shutting down and abandoning module HTTP (94)
[2015.04.07-14.54.27:687][792]LogModuleManager: Shutting down and abandoning module AnalyticsET (93)
[2015.04.07-14.54.27:687][792]LogModuleManager: Shutting down and abandoning module Analytics (92)
[2015.04.07-14.54.27:687][792]LogModuleManager: Shutting down and abandoning module ProfilerService (91)
[2015.04.07-14.54.27:731][792]LogModuleManager: Shutting down and abandoning module TaskGraph (90)
[2015.04.07-14.54.27:731][792]LogModuleManager: Shutting down and abandoning module SlateRemote (89)
[2015.04.07-14.54.27:732][792]LogModuleManager: Shutting down and abandoning module LeapMotionController (88)
[2015.04.07-14.54.27:823][792]LogModuleManager: Shutting down and abandoning module CustomMeshComponent (87)
[2015.04.07-14.54.27:823][792]LogModuleManager: Shutting down and abandoning module CableComponent (86)
[2015.04.07-14.54.27:823][792]LogModuleManager: Shutting down and abandoning module DesktopPlatform (85)
[2015.04.07-14.54.27:823][792]LogModuleManager: Shutting down and abandoning module DirectoryWatcher (84)
[2015.04.07-14.54.27:823][792]LogModuleManager: Shutting down and abandoning module HotReload (83)
[2015.04.07-14.54.27:823][792]LogModuleManager: Shutting down and abandoning module VisualStudioSourceCodeAccess (82)
[2015.04.07-14.54.27:823][792]LogModuleManager: Shutting down and abandoning module UObjectPlugin (81)
[2015.04.07-14.54.27:823][792]LogModuleManager: Shutting down and abandoning module SubversionSourceControl (80)
[2015.04.07-14.54.27:823][792]LogModuleManager: Shutting down and abandoning module GitSourceControl (79)
[2015.04.07-14.54.27:823][792]LogModuleManager: Shutting down and abandoning module SourceControl (78)
[2015.04.07-14.54.27:823][792]LogModuleManager: Shutting down and abandoning module PerforceSourceControl (77)
[2015.04.07-14.54.27:823][792]LogModuleManager: Shutting down and abandoning module BlankPlugin (76)
[2015.04.07-14.54.27:823][792]LogModuleManager: Shutting down and abandoning module ScriptPlugin (75)
[2015.04.07-14.54.27:823][792]LogModuleManager: Shutting down and abandoning module UdpMessaging (74)
[2015.04.07-14.54.27:823][792]LogModuleManager: Shutting down and abandoning module Paper2D (73)
[2015.04.07-14.54.27:824][792]LogModuleManager: Shutting down and abandoning module WindowsMoviePlayer (72)
[2015.04.07-14.54.27:829][792]LogModuleManager: Shutting down and abandoning module Media (71)
[2015.04.07-14.54.27:829][792]LogModuleManager: Shutting down and abandoning module WmfMedia (70)
[2015.04.07-14.54.27:829][792]LogModuleManager: Shutting down and abandoning module OnlineBlueprintSupport (69)
[2015.04.07-14.54.27:829][792]LogModuleManager: Shutting down and abandoning module PropertyEditor (68)
[2015.04.07-14.54.27:829][792]LogModuleManager: Shutting down and abandoning module BehaviorTreeEditor (67)
[2015.04.07-14.54.27:829][792]LogModuleManager: Shutting down and abandoning module FunctionalTesting (66)
[2015.04.07-14.54.27:829][792]LogModuleManager: Shutting down and abandoning module CollisionAnalyzer (65)
[2015.04.07-14.54.27:829][792]LogModuleManager: Shutting down and abandoning module WorkspaceMenuStructure (64)
[2015.04.07-14.54.27:829][792]LogModuleManager: Shutting down and abandoning module MessageLog (63)
[2015.04.07-14.54.27:829][792]LogModuleManager: Shutting down and abandoning module Sequencer (62)
[2015.04.07-14.54.27:829][792]LogModuleManager: Shutting down and abandoning module AssetTools (61)
[2015.04.07-14.54.27:829][792]LogModuleManager: Shutting down and abandoning module UMGEditor (60)
[2015.04.07-14.54.27:829][792]LogModuleManager: Shutting down and abandoning module UMG (59)
[2015.04.07-14.54.27:829][792]LogModuleManager: Shutting down and abandoning module Slate (58)
[2015.04.07-14.54.27:829][792]LogModuleManager: Shutting down and abandoning module EditorStyle (57)
[2015.04.07-14.54.27:838][792]LogModuleManager: Shutting down and abandoning module SessionServices (56)
[2015.04.07-14.54.27:838][792]LogModuleManager: Shutting down and abandoning module SourceCodeAccess (55)
[2015.04.07-14.54.27:838][792]LogModuleManager: Shutting down and abandoning module HeadMountedDisplay (54)
[2015.04.07-14.54.27:838][792]LogModuleManager: Shutting down and abandoning module XAudio2 (53)
[2015.04.07-14.54.27:838][792]LogModuleManager: Shutting down and abandoning module Networking (51)
[2015.04.07-14.54.27:838][792]LogModuleManager: Shutting down and abandoning module Core (50)
[2015.04.07-14.54.27:838][792]LogModuleManager: Shutting down and abandoning module KismetCompiler (49)
[2015.04.07-14.54.27:838][792]LogModuleManager: Shutting down and abandoning module PhysXFormats (48)
[2015.04.07-14.54.27:838][792]LogModuleManager: Shutting down and abandoning module MeshUtilities (47)
[2015.04.07-14.54.27:838][792]LogModuleManager: Shutting down and abandoning module DerivedDataCache (46)
[2015.04.07-14.54.27:906][792]LogDerivedDataCache: Shutdown
[2015.04.07-14.54.27:906][792]LogModuleManager: Shutting down and abandoning module ShaderFormatOpenGL (45)
[2015.04.07-14.54.27:906][792]LogModuleManager: Shutting down and abandoning module ShaderFormatD3D (44)
[2015.04.07-14.54.27:906][792]LogModuleManager: Shutting down and abandoning module MetalShaderFormat (43)
[2015.04.07-14.54.27:906][792]LogModuleManager: Shutting down and abandoning module TextureFormatUncompressed (42)
[2015.04.07-14.54.27:906][792]LogModuleManager: Shutting down and abandoning module TextureFormatPVR (41)
[2015.04.07-14.54.27:906][792]LogModuleManager: Shutting down and abandoning module TextureFormatIntelISPCTexComp (40)
[2015.04.07-14.54.27:906][792]LogModuleManager: Shutting down and abandoning module TextureFormatDXT (39)
[2015.04.07-14.54.27:906][792]LogModuleManager: Shutting down and abandoning module ImageWrapper (38)
[2015.04.07-14.54.27:906][792]LogModuleManager: Shutting down and abandoning module TextureFormatASTC (37)
[2015.04.07-14.54.27:906][792]LogModuleManager: Shutting down and abandoning module AudioFormatOpus (36)
[2015.04.07-14.54.27:906][792]LogModuleManager: Shutting down and abandoning module AudioFormatOgg (35)
[2015.04.07-14.54.27:906][792]LogModuleManager: Shutting down and abandoning module AudioFormatADPCM (34)
[2015.04.07-14.54.27:906][792]LogModuleManager: Shutting down and abandoning module Messaging (33)
[2015.04.07-14.54.27:906][792]LogModuleManager: Shutting down and abandoning module IOSTargetPlatform (32)
[2015.04.07-14.54.27:907][792]LogModuleManager: Shutting down and abandoning module HTML5TargetPlatform (31)
[2015.04.07-14.54.27:907][792]LogModuleManager: Shutting down and abandoning module Android_PVRTCTargetPlatform (30)
[2015.04.07-14.54.27:907][792]LogModuleManager: Shutting down and abandoning module Android_ETC2TargetPlatform (29)
[2015.04.07-14.54.27:907][792]LogModuleManager: Shutting down and abandoning module Android_ETC1TargetPlatform (28)
[2015.04.07-14.54.27:907][792]LogModuleManager: Shutting down and abandoning module Android_DXTTargetPlatform (27)
[2015.04.07-14.54.27:907][792]LogModuleManager: Shutting down and abandoning module Android_ATCTargetPlatform (26)
[2015.04.07-14.54.27:907][792]LogModuleManager: Shutting down and abandoning module AndroidTargetPlatform (25)
[2015.04.07-14.54.27:907][792]LogModuleManager: Shutting down and abandoning module WindowsTargetPlatform (24)
[2015.04.07-14.54.27:907][792]LogModuleManager: Shutting down and abandoning module WindowsServerTargetPlatform (23)
[2015.04.07-14.54.27:907][792]LogModuleManager: Shutting down and abandoning module WindowsNoEditorTargetPlatform (22)
[2015.04.07-14.54.27:907][792]LogModuleManager: Shutting down and abandoning module WindowsClientTargetPlatform (21)
[2015.04.07-14.54.27:907][792]LogModuleManager: Shutting down and abandoning module TargetPlatform (20)
[2015.04.07-14.54.27:907][792]LogModuleManager: Shutting down and abandoning module InputCore (19)
[2015.04.07-14.54.27:907][792]LogModuleManager: Shutting down and abandoning module Settings (18)
[2015.04.07-14.54.27:907][792]LogModuleManager: Shutting down and abandoning module OnlineSubsystem (16)
[2015.04.07-14.54.27:907][792]LogModuleManager: Shutting down and abandoning module OculusRift (15)
[2015.04.07-14.54.27:907][792]LogModuleManager: Shutting down and abandoning module ExampleDeviceProfileSelector (14)
[2015.04.07-14.54.27:907][792]LogModuleManager: Shutting down and abandoning module TextureCompressor (13)
[2015.04.07-14.54.27:907][792]LogModuleManager: Shutting down and abandoning module ShaderCore (12)
[2015.04.07-14.54.27:907][792]LogModuleManager: Shutting down and abandoning module Landscape (11)
[2015.04.07-14.54.27:907][792]LogModuleManager: Shutting down and abandoning module SlateRHIRenderer (10)
[2015.04.07-14.54.27:909][792]LogModuleManager: Shutting down and abandoning module OpenGLDrv (9)
[2015.04.07-14.54.27:910][792]LogModuleManager: Shutting down and abandoning module D3D11RHI (8)
[2015.04.07-14.54.27:910][792]LogModuleManager: Shutting down and abandoning module Renderer (7)
[2015.04.07-14.54.27:910][792]LogModuleManager: Shutting down and abandoning module Engine (6)
[2015.04.07-14.54.27:910][792]LogModuleManager: Shutting down and abandoning module CoreUObject (5)
[2015.04.07-14.54.27:910][792]LogModuleManager: Shutting down and abandoning module NetworkFile (4)
[2015.04.07-14.54.27:910][792]LogModuleManager: Shutting down and abandoning module StreamingFile (3)
[2015.04.07-14.54.27:910][792]LogModuleManager: Shutting down and abandoning module SandboxFile (2)
[2015.04.07-14.54.27:910][792]LogModuleManager: Shutting down and abandoning module PakFile (1)
[2015.04.07-14.54.27:911][792]LogExit: Exiting.
[2015.04.07-14.54.27:914][792]Log file closed, 04/07/15 16:54:27
