Log file open, 04/06/15 00:14:07
LogInit:Display: Running engine for game: IngenuityBasic
LogInit: Version: 4.7.4-0+++depot+UE4-Releases+4.7
LogInit: API Version: 0
LogInit: Compiled (64-bit): Mar 25 2015 02:32:27
LogInit: Compiled with Visual C++: 18.00.31101.00
LogInit: Build Configuration: Development
LogInit: Branch Name: ++depot+UE4-Releases+4.7
LogInit: Command line: 
LogInit: Base directory: D:/UE4/source code/UnrealEngine-4.7/UnrealEngine-4.7/Engine/Binaries/Win64/
LogInit: Rocket: 0
[2015.04.05-22.14.07:897][  0]LogTaskGraph: Started task graph with 3 named threads and 6 total threads.
[2015.04.05-22.14.07:970][  0]LogOnline:Warning: No default platform service specified for OnlineSubsystem
[2015.04.05-22.14.08:001][  0]LogInit: Presizing for 0 objects not considered by GC, pre-allocating 0 bytes.
[2015.04.05-22.14.08:027][  0]LogInit: Object subsystem initialized
[2015.04.05-22.14.08:031][  0]LogConsoleResponse:Warning: Skipping Unknown console variable: 'TranslucentSortAxis = (X=0.000000,Y=-1.000000,Z=0.000000)'
[2015.04.05-22.14.08:031][  0]LogConsoleResponse:Warning:   Found in ini file 'D:/Github/Ingenuity/IngenuityBasic/Saved/Config/Windows/Engine.ini', in section '[/Script/Engine.RendererSettings]'
[2015.04.05-22.14.08:032][  0]LogConsoleResponse:Warning: Skipping Unknown console variable: 'UIScaleRule = ShortestSide'
[2015.04.05-22.14.08:032][  0]LogConsoleResponse:Warning:   Found in ini file 'D:/Github/Ingenuity/IngenuityBasic/Saved/Config/Windows/Engine.ini', in section '[/Script/Engine.RendererSettings]'
[2015.04.05-22.14.08:032][  0]LogConsoleResponse:Warning: Skipping Unknown console variable: 'UIScaleCurve = (EditorCurveData=(Keys=),ExternalCurve=None)'
[2015.04.05-22.14.08:032][  0]LogConsoleResponse:Warning:   Found in ini file 'D:/Github/Ingenuity/IngenuityBasic/Saved/Config/Windows/Engine.ini', in section '[/Script/Engine.RendererSettings]'
[2015.04.05-22.14.08:033][  0]LogInit: Selected Device Profile: [Windows]
[2015.04.05-22.14.08:033][  0]LogInit: Applying CVar settings loaded from the selected device profile: [Windows]
[2015.04.05-22.14.08:134][  0]LogInit: Computer: TAZDINGO
[2015.04.05-22.14.08:134][  0]LogInit: User: VolJin
[2015.04.05-22.14.08:134][  0]LogInit: CPU Page size=4096, Cores=4
[2015.04.05-22.14.08:134][  0]LogInit: High frequency timer resolution =2.143486 MHz
[2015.04.05-22.14.08:134][  0]LogMemory: Memory total: Physical=7.9GB (8GB approx) Virtual=131072.0GB
[2015.04.05-22.14.08:135][  0]LogMemory: Platform Memory Stats for Windows
[2015.04.05-22.14.08:135][  0]LogMemory: Process Physical Memory: 45.66 MB used, 45.66 MB peak
[2015.04.05-22.14.08:135][  0]LogMemory: Process Virtual Memory: 22.40 MB used, 22.40 MB peak
[2015.04.05-22.14.08:135][  0]LogMemory: Physical Memory: 3053.51 MB used, 8108.79 MB total
[2015.04.05-22.14.08:135][  0]LogMemory: Virtual Memory: 288.31 MB used, 134217728.00 MB total
[2015.04.05-22.14.08:306][  0]LogD3D11RHI: Found D3D11 adapter 0: Intel(R) HD Graphics 4600 (Feature Level 11_0)
[2015.04.05-22.14.08:306][  0]LogD3D11RHI: Adapter has 0MB of dedicated video memory, 0MB of dedicated system memory, and 1792MB of shared system memory, 2 output[s]
[2015.04.05-22.14.08:348][  0]LogD3D11RHI: Found D3D11 adapter 1: NVIDIA GeForce GTX 760M (Feature Level 11_0)
[2015.04.05-22.14.08:348][  0]LogD3D11RHI: Adapter has 1988MB of dedicated video memory, 0MB of dedicated system memory, and 2048MB of shared system memory, 0 output[s]
[2015.04.05-22.14.08:351][  0]LogD3D11RHI: Found D3D11 adapter 2: Microsoft Basic Render Driver (Feature Level 11_0)
[2015.04.05-22.14.08:351][  0]LogD3D11RHI: Adapter has 0MB of dedicated video memory, 0MB of dedicated system memory, and 256MB of shared system memory, 0 output[s]
[2015.04.05-22.14.08:351][  0]LogD3D11RHI: Chosen D3D11 Adapter Id = 0
[2015.04.05-22.14.08:362][  0]LogRHI: Texture pool is 1361 MB (70% of 1945 MB)
[2015.04.05-22.14.08:389][  0]LogD3D11RHI: Async texture creation enabled
[2015.04.05-22.14.08:491][  0]LogTextLocalizationManager: The requested culture ('de_DE') has no localization data; falling back to 'en' for localization and internationalization data.
[2015.04.05-22.14.08:720][  0]LogTextLocalizationManager:Warning: Loading localization resources contain conflicting entries for (Namespace:UICommands, Key:Save_ToolTip):
Resource: (D:/UE4/source code/UnrealEngine-4.7/UnrealEngine-4.7/Engine/Content/Localization/Editor/en/Editor.locres) Hash: (-29098895) String: (Saves the current level to disk)
Resource: (D:/UE4/source code/UnrealEngine-4.7/UnrealEngine-4.7/Engine/Content/Localization/Engine/en/Engine.locres) Hash: (-1280300587) String: (Save selected data to vlog file)
[2015.04.05-22.14.08:720][  0]LogTextLocalizationManager:Warning: Loading localization resources contain conflicting entries for (Namespace:ContentBrowser, Key:ImportAssetToolTip):
Resource: (D:/UE4/source code/UnrealEngine-4.7/UnrealEngine-4.7/Engine/Content/Localization/Editor/en/Editor.locres) Hash: (-630476809) String: (Import to {0}...)
Resource: (D:/UE4/source code/UnrealEngine-4.7/UnrealEngine-4.7/Engine/Content/Localization/Editor/en/Editor.locres) Hash: (1271782899) String: (Imports an asset from file to this folder.)
[2015.04.05-22.14.08:938][  0]LogContentStreaming: Texture pool size is 0.000000MB
[2015.04.05-22.14.14:546][  0]LogTargetPlatformManager:Display: Building Assets For Windows
[2015.04.05-22.14.15:652][  0]LogTargetPlatformManager:Display: Building Assets For Windows
[2015.04.05-22.14.15:778][  0]LogDerivedDataCache:Display: Max Cache Size: 512 MB
[2015.04.05-22.14.16:416][  0]LogDerivedDataCache: Loaded boot cache 0.59s 40MB ../../../../../../../Github/Ingenuity/IngenuityBasic/DerivedDataCache/Boot.ddc.
[2015.04.05-22.14.16:416][  0]LogDerivedDataCache:Display: Loaded Boot cache: ../../../../../../../Github/Ingenuity/IngenuityBasic/DerivedDataCache/Boot.ddc
[2015.04.05-22.14.16:416][  0]LogDerivedDataCache: FDerivedDataBackendGraph:  Pak pak cache file ../../../../../../../Github/Ingenuity/IngenuityBasic/DerivedDataCache/DDC.ddp not found, will not use a pak cache.
[2015.04.05-22.14.16:416][  0]LogDerivedDataCache: Unable to find inner node Pak for hierarchical cache Hierarchy.
[2015.04.05-22.14.16:416][  0]LogDerivedDataCache: FDerivedDataBackendGraph:  EnginePak pak cache file ../../../Engine/DerivedDataCache/DDC.ddp not found, will not use a pak cache.
[2015.04.05-22.14.16:416][  0]LogDerivedDataCache: Unable to find inner node EnginePak for hierarchical cache Hierarchy.
[2015.04.05-22.14.16:450][  0]LogDerivedDataCache: Using Local data cache path ../../../Engine/DerivedDataCache: Writable
[2015.04.05-22.14.16:450][  0]LogDerivedDataCache: Shared data cache path not found in *engine.ini, will not use an Shared cache.
[2015.04.05-22.14.16:450][  0]LogDerivedDataCache: Unable to find inner node Shared for hierarchical cache Hierarchy.
[2015.04.05-22.14.17:302][  0]LogMeshUtilities: No automatic mesh reduction module available
[2015.04.05-22.14.17:302][  0]LogMeshUtilities: No automatic mesh merging module available
[2015.04.05-22.14.18:581][  0]LogInit: WinSock: version 1.1 (2.2), MaxSocks=32767, MaxUdp=65467
[2015.04.05-22.14.18:727][  0]LogSlate:Warning: Failed to load font data from '../../../Engine/Content/Slate/Fonts/Roboto-Italic.ttf'
[2015.04.05-22.14.20:626][  0]UdpMessaging: Initializing bridge on interface 0.0.0.0:0 to multicast group 230.0.0.1:6666.
[2015.04.05-22.14.21:022][  0]SourceControl: Info Source control is disabled
[2015.04.05-22.14.21:023][  0]SourceControl: Info Source control is disabled
[2015.04.05-22.14.21:023][  0]SourceControl: Info Source control is disabled
[2015.04.05-22.14.21:023][  0]LogSourceControl: RunCommandInternalRaw: 'git version'
[2015.04.05-22.14.21:023][  0]LogSourceControl: RunCommandInternalRaw: ExecProcess ReturnCode=2 OutResults=''
[2015.04.05-22.14.21:041][  0]SourceControl: Info Source control is disabled
[2015.04.05-22.14.21:688][  0]LogObj: 24371 objects as part of root set at end of initial load.
[2015.04.05-22.14.21:688][  0]LogUObjectAllocator: 5175440 out of 0 bytes used by permanent object pool.
[2015.04.05-22.14.21:858][  0]LogEngine: Initializing Engine...
[2015.04.05-22.14.24:240][  0]LogInit: XAudio2 using 'Speakers (Realtek High Definition Audio)' : 2 channels at 48 kHz using 32 bits per sample (channel mask 0x3)
[2015.04.05-22.14.24:296][  0]LogInit: FAudioDevice initialized.
[2015.04.05-22.14.24:361][  0]LogAIModule: Creating AISystem for world NewWorld
[2015.04.05-22.14.24:477][  0]LogDerivedDataCache: Saved boot cache 0.11s 40MB ../../../../../../../Github/Ingenuity/IngenuityBasic/DerivedDataCache/Boot.ddc.
[2015.04.05-22.14.24:484][  0]LogInit: Texture streaming: Enabled
[2015.04.05-22.14.24:678][  0]LogAnalytics: Creating configured Analytics provider AnalyticsET
[2015.04.05-22.14.24:678][  0]LogAnalytics: ET APIKey = UnrealEngine.Release. APIServer = http://etsource.epicgames.com/ET2/. AppVersion = 4.7.4-0+++depot+UE4-Releases+4.7
[2015.04.05-22.14.24:678][  0]LogAnalytics: SetUserId c98b79d14844094ad4256e87f54b579a|b11a4e7304504cc2a52d02214ea30f55|55325a2e-fcbf-49b6-ade6-f98150735238
[2015.04.05-22.14.24:678][  0]LogAnalytics: AnalyticsET::StartSession [UnrealEngine.Release]
[2015.04.05-22.14.24:720][  0]LogInit: Transaction tracking system initialized
[2015.04.05-22.14.25:021][  0]BlueprintLog: New page: Editor Load
[2015.04.05-22.14.25:076][  0]LogAssetRegistry: FAssetRegistry took 0.0113 seconds to start up
[2015.04.05-22.14.25:077][  0]LogDirectoryWatcher:Warning: Failed to begin reading directory changes for ../../../Engine/Plugins/Experimental/CharacterAI/Content/. Error: 0
[2015.04.05-22.14.26:189][  0]LogTargetPlatformManager:Display: Building Assets For Windows
[2015.04.05-22.14.27:037][  0]LogTargetPlatformManager:Display: Building Assets For Windows
[2015.04.05-22.14.27:595][  0]LogSlate:Warning: Failed to load font data from '../../../Engine/Content/Editor/Slate/Fonts/Roboto-Regular.ttf'
[2015.04.05-22.14.27:596][  0]LogSlate:Warning: Failed to load font data from '../../../Engine/Content/Editor/Slate/Fonts/Roboto-Bold.ttf'
[2015.04.05-22.14.27:607][  0]LogConsoleResponse:Display: 
[2015.04.05-22.14.28:017][  0]LogCook:Display: Done creating registry. It took  0.00s.
[2015.04.05-22.14.28:269][  0]SourceControl: Info Source control is disabled
[2015.04.05-22.14.28:269][  0]Cmd: MAP LOAD FILE="../../../../../../../Github/Ingenuity/IngenuityBasic/Content/FirstPersonBP/Maps/FirstPersonExampleMap.umap" TEMPLATE=0 SHOWPROGRESS=1 FEATURELEVEL=3
[2015.04.05-22.14.28:318][  0]LightingResults: New page: Lighting Build
[2015.04.05-22.14.28:340][  0]MapCheck: New page: Map Check
[2015.04.05-22.14.28:340][  0]LightingResults: New page: Lighting Build
[2015.04.05-22.14.28:358][  0]LogParticles: Destroying 0 GPU particle simulations for FXSystem 0x000000E002DF34C0
[2015.04.05-22.14.33:442][  0]LogEditorServer: Finished looking for orphan Actors (0.000 secs)
[2015.04.05-22.14.36:086][  0]LogAIModule: Creating AISystem for world FirstPersonExampleMap
[2015.04.05-22.14.36:111][  0]Cmd: MAP CHECKDEP
[2015.04.05-22.14.36:112][  0]MapCheck: New page: FirstPersonExampleMap - Apr 6, 2015, 2:14:36 AM
[2015.04.05-22.14.36:313][  0]MapCheck: Info Map check complete: 0 Error(s), 0 Warning(s), took 201.232ms to complete.
[2015.04.05-22.14.36:313][  0]LogFileHelpers: Loading map 'FirstPersonExampleMap' took 8.044
[2015.04.05-22.14.37:323][  0]LogCollectionManager: Loaded 0 collections in 0.002275 seconds
[2015.04.05-22.14.37:350][  0]LogContentBrowser: Native class hierarchy populated in 0.0254 seconds. Added 1701 classes and 262 folders.
[2015.04.05-22.14.37:628][  0]LogContentBrowser: Native class hierarchy updated for 'SceneOutliner' in 0.0046 seconds. Added 1 classes and 2 folders.
[2015.04.05-22.14.38:129][  0]LogCrashTracker: Crashtracker disabled due to settings.
[2015.04.05-22.14.38:162][  0]LogSlate:Warning: Failed to load font data from 'Veranda'
[2015.04.05-22.14.38:312][  0]LogUObjectGlobals:Warning: Failed to find object 'Class None.'
[2015.04.05-22.14.38:391][  0]LogLoad: Full Startup: 34.19 seconds (BP compile: 1.46 seconds)
[2015.04.05-22.14.39:743][  0]LogRenderer:Warning: Reallocating scene render targets to support 848x456 (Frame:2).
[2015.04.05-22.14.44:769][ 14]LogAssetRegistry: Asset discovery search completed in 19.7046 seconds
[2015.04.05-22.14.55:192][ 45]LogEditorViewport: Clicking on Actor (LMB): StaticMeshActor (Wall1)
[2015.04.05-22.15.01:056][164]LogPlayLevel: PIE:  No blueprints needed recompiling
[2015.04.05-22.15.01:113][164]PIE: New page: PIE session: FirstPersonExampleMap (Apr 6, 2015, 2:15:01 AM)
[2015.04.05-22.15.01:156][164]LogPlayLevel: PIE: StaticDuplicateObject took: (0.041516s)
[2015.04.05-22.15.01:158][164]LogPlayLevel: PIE: World Init took: (0.001646s)
[2015.04.05-22.15.01:158][164]LogPlayLevel: PIE: Created PIE world by copying editor world from /Game/FirstPersonBP/Maps/FirstPersonExampleMap.FirstPersonExampleMap to /Game/FirstPersonBP/Maps/UEDPIE_0_FirstPersonExampleMap.FirstPersonExampleMap (0.043646s)
[2015.04.05-22.15.01:632][164]LogWorld: Game class is 'FirstPersonGameMode_C'
[2015.04.05-22.15.01:747][164]LogAIModule: Creating AISystem for world FirstPersonExampleMap
[2015.04.05-22.15.01:771][164]LogWorld: Bringing World /Game/FirstPersonBP/Maps/UEDPIE_0_FirstPersonExampleMap.FirstPersonExampleMap up for play (max tick rate 60) at 2015.04.06-00.15.01
[2015.04.05-22.15.01:793][164]LogWorld: Bringing up level for play took: 0.044708
[2015.04.05-22.15.01:853][164]PIE: Info Play in editor start time for /Game/FirstPersonBP/Maps/UEDPIE_0_FirstPersonExampleMap 0.362
[2015.04.05-22.15.22:198][703]LogParticles: Destroying 0 GPU particle simulations for FXSystem 0x000000E004FC62A0
[2015.04.05-22.15.42:403][231]LogPlayLevel: PIE:  No blueprints needed recompiling
[2015.04.05-22.15.42:404][231]PIE: New page: PIE session: FirstPersonExampleMap (Apr 6, 2015, 2:15:42 AM)
[2015.04.05-22.15.42:450][231]LogPlayLevel: PIE: StaticDuplicateObject took: (0.045196s)
[2015.04.05-22.15.42:452][231]LogPlayLevel: PIE: World Init took: (0.002082s)
[2015.04.05-22.15.42:453][231]LogPlayLevel: PIE: Created PIE world by copying editor world from /Game/FirstPersonBP/Maps/FirstPersonExampleMap.FirstPersonExampleMap to /Game/FirstPersonBP/Maps/UEDPIE_0_FirstPersonExampleMap.FirstPersonExampleMap (0.047919s)
[2015.04.05-22.15.42:547][231]LogWorld: Game class is 'FirstPersonGameMode_C'
[2015.04.05-22.15.42:551][231]LogAIModule: Creating AISystem for world FirstPersonExampleMap
[2015.04.05-22.15.42:569][231]LogWorld: Bringing World /Game/FirstPersonBP/Maps/UEDPIE_0_FirstPersonExampleMap.FirstPersonExampleMap up for play (max tick rate 60) at 2015.04.06-00.15.42
[2015.04.05-22.15.42:571][231]LogWorld: Bringing up level for play took: 0.018381
[2015.04.05-22.15.42:575][231]PIE: Info Play in editor start time for /Game/FirstPersonBP/Maps/UEDPIE_0_FirstPersonExampleMap 1.085
[2015.04.05-22.15.45:424][304]LogParticles: Destroying 0 GPU particle simulations for FXSystem 0x000000E06EAD4180
[2015.04.05-22.15.46:101][319]LogPlayLevel: PIE:  No blueprints needed recompiling
[2015.04.05-22.15.46:101][319]PIE: New page: PIE session: FirstPersonExampleMap (Apr 6, 2015, 2:15:46 AM)
[2015.04.05-22.15.46:134][319]LogPlayLevel: PIE: StaticDuplicateObject took: (0.031699s)
[2015.04.05-22.15.46:136][319]LogPlayLevel: PIE: World Init took: (0.001784s)
[2015.04.05-22.15.46:136][319]LogPlayLevel: PIE: Created PIE world by copying editor world from /Game/FirstPersonBP/Maps/FirstPersonExampleMap.FirstPersonExampleMap to /Game/FirstPersonBP/Maps/UEDPIE_0_FirstPersonExampleMap.FirstPersonExampleMap (0.033947s)
[2015.04.05-22.15.46:234][319]LogWorld: Game class is 'FirstPersonGameMode_C'
[2015.04.05-22.15.46:241][319]LogAIModule: Creating AISystem for world FirstPersonExampleMap
[2015.04.05-22.15.46:266][319]LogWorld: Bringing World /Game/FirstPersonBP/Maps/UEDPIE_0_FirstPersonExampleMap.FirstPersonExampleMap up for play (max tick rate 60) at 2015.04.06-00.15.46
[2015.04.05-22.15.46:269][319]LogWorld: Bringing up level for play took: 0.026261
[2015.04.05-22.15.46:274][319]PIE: Info Play in editor start time for /Game/FirstPersonBP/Maps/UEDPIE_0_FirstPersonExampleMap 0.783
[2015.04.05-22.15.47:450][342]LogParticles: Destroying 0 GPU particle simulations for FXSystem 0x000000E077EEE480
[2015.04.05-22.16.15:470][936]LogPlayLevel: PIE:  No blueprints needed recompiling
[2015.04.05-22.16.15:471][936]PIE: New page: PIE session: FirstPersonExampleMap (Apr 6, 2015, 2:16:15 AM)
[2015.04.05-22.16.15:505][936]LogPlayLevel: PIE: StaticDuplicateObject took: (0.033536s)
[2015.04.05-22.16.15:507][936]LogPlayLevel: PIE: World Init took: (0.001261s)
[2015.04.05-22.16.15:507][936]LogPlayLevel: PIE: Created PIE world by copying editor world from /Game/FirstPersonBP/Maps/FirstPersonExampleMap.FirstPersonExampleMap to /Game/FirstPersonBP/Maps/UEDPIE_0_FirstPersonExampleMap.FirstPersonExampleMap (0.035229s)
[2015.04.05-22.16.15:600][936]LogWorld: Game class is 'FirstPersonGameMode_C'
[2015.04.05-22.16.15:605][936]LogAIModule: Creating AISystem for world FirstPersonExampleMap
[2015.04.05-22.16.15:624][936]LogWorld: Bringing World /Game/FirstPersonBP/Maps/UEDPIE_0_FirstPersonExampleMap.FirstPersonExampleMap up for play (max tick rate 60) at 2015.04.06-00.16.15
[2015.04.05-22.16.15:625][936]LogWorld: Bringing up level for play took: 0.018971
[2015.04.05-22.16.15:629][936]PIE: Info Play in editor start time for /Game/FirstPersonBP/Maps/UEDPIE_0_FirstPersonExampleMap 0.139
[2015.04.05-22.16.16:629][954]LogParticles: Destroying 0 GPU particle simulations for FXSystem 0x000000E06EAD5580
[2015.04.05-22.16.59:931][159]LogPlayLevel: PIE:  No blueprints needed recompiling
[2015.04.05-22.16.59:931][159]PIE: New page: PIE session: FirstPersonExampleMap (Apr 6, 2015, 2:16:59 AM)
[2015.04.05-22.16.59:975][159]LogPlayLevel: PIE: StaticDuplicateObject took: (0.043300s)
[2015.04.05-22.16.59:977][159]LogPlayLevel: PIE: World Init took: (0.001783s)
[2015.04.05-22.16.59:977][159]LogPlayLevel: PIE: Created PIE world by copying editor world from /Game/FirstPersonBP/Maps/FirstPersonExampleMap.FirstPersonExampleMap to /Game/FirstPersonBP/Maps/UEDPIE_0_FirstPersonExampleMap.FirstPersonExampleMap (0.045510s)
[2015.04.05-22.17.00:031][159]LogWorld: Game class is 'FirstPersonGameMode_C'
[2015.04.05-22.17.00:037][159]LogAIModule: Creating AISystem for world FirstPersonExampleMap
[2015.04.05-22.17.00:061][159]LogWorld: Bringing World /Game/FirstPersonBP/Maps/UEDPIE_0_FirstPersonExampleMap.FirstPersonExampleMap up for play (max tick rate 60) at 2015.04.06-00.17.00
[2015.04.05-22.17.00:063][159]LogWorld: Bringing up level for play took: 0.024394
[2015.04.05-22.17.00:067][159]PIE: Info Play in editor start time for /Game/FirstPersonBP/Maps/UEDPIE_0_FirstPersonExampleMap 0.577
[2015.04.05-22.17.01:013][176]LogParticles: Destroying 0 GPU particle simulations for FXSystem 0x000000E07905E3E0
[2015.04.05-22.17.03:235][196]Cmd: QUIT_EDITOR
[2015.04.05-22.17.03:929][196]LogExit: Preparing to exit.
[2015.04.05-22.17.04:834][196]LogExit: Editor shut down
[2015.04.05-22.17.04:835][196]LogExit: Transaction tracking system shut down
[2015.04.05-22.17.04:836][196]LogParticles: Destroying 0 GPU particle simulations for FXSystem 0x000000E077DD54E0
[2015.04.05-22.17.04:837][196]LogParticles: Destroying 0 GPU particle simulations for FXSystem 0x000000E02A08DF80
[2015.04.05-22.17.04:838][196]LogParticles: Destroying 0 GPU particle simulations for FXSystem 0x000000E029E3DBC0
[2015.04.05-22.17.04:838][196]LogParticles: Destroying 0 GPU particle simulations for FXSystem 0x000000E004FC60C0
[2015.04.05-22.17.04:838][196]LogParticles: Destroying 0 GPU particle simulations for FXSystem 0x000000E004FC6020
[2015.04.05-22.17.05:169][196]LogExit: Object subsystem successfully closed.
[2015.04.05-22.17.05:256][196]LogModuleManager: Shutting down and abandoning module CrashTracker (173)
[2015.04.05-22.17.05:256][196]LogModuleManager: Shutting down and abandoning module SuperSearch (172)
[2015.04.05-22.17.05:256][196]LogModuleManager: Shutting down and abandoning module SceneOutliner (171)
[2015.04.05-22.17.05:256][196]LogModuleManager: Shutting down and abandoning module EditorWidgets (170)
[2015.04.05-22.17.05:256][196]LogModuleManager: Shutting down and abandoning module CollectionManager (169)
[2015.04.05-22.17.05:308][196]LogModuleManager: Shutting down and abandoning module StatsViewer (168)
[2015.04.05-22.17.05:308][196]LogModuleManager: Shutting down and abandoning module FoliageEdit (167)
[2015.04.05-22.17.05:308][196]LogModuleManager: Shutting down and abandoning module LandscapeEditor (166)
[2015.04.05-22.17.05:308][196]LogModuleManager: Shutting down and abandoning module MeshPaint (165)
[2015.04.05-22.17.05:308][196]LogModuleManager: Shutting down and abandoning module ActorPickerMode (164)
[2015.04.05-22.17.05:308][196]LogModuleManager: Shutting down and abandoning module GeometryMode (163)
[2015.04.05-22.17.05:308][196]LogModuleManager: Shutting down and abandoning module TextureAlignMode (162)
[2015.04.05-22.17.05:308][196]LogModuleManager: Shutting down and abandoning module BspMode (161)
[2015.04.05-22.17.05:308][196]LogModuleManager: Shutting down and abandoning module PlacementMode (160)
[2015.04.05-22.17.05:308][196]LogModuleManager: Shutting down and abandoning module AutomationWorker (159)
[2015.04.05-22.17.05:308][196]LogModuleManager: Shutting down and abandoning module CharacterAI (158)
[2015.04.05-22.17.05:308][196]LogModuleManager: Shutting down and abandoning module SmartSnapping (157)
[2015.04.05-22.17.05:308][196]LogModuleManager: Shutting down and abandoning module ViewportSnapping (156)
[2015.04.05-22.17.05:308][196]LogModuleManager: Shutting down and abandoning module LogVisualizer (155)
[2015.04.05-22.17.05:309][196]LogModuleManager: Shutting down and abandoning module GameProjectGeneration (154)
[2015.04.05-22.17.05:309][196]LogModuleManager: Shutting down and abandoning module IntroTutorials (153)
[2015.04.05-22.17.05:309][196]LogModuleManager: Shutting down and abandoning module EditorLiveStreaming (152)
[2015.04.05-22.17.05:309][196]LogModuleManager: Shutting down and abandoning module HardwareTargeting (151)
[2015.04.05-22.17.05:309][196]LogModuleManager: Shutting down and abandoning module DeviceProfileEditor (150)
[2015.04.05-22.17.05:309][196]LogModuleManager: Shutting down and abandoning module UndoHistory (149)
[2015.04.05-22.17.05:309][196]LogModuleManager: Shutting down and abandoning module GameplayTagsEditor (148)
[2015.04.05-22.17.05:309][196]LogModuleManager: Shutting down and abandoning module UserFeedback (147)
[2015.04.05-22.17.05:309][196]LogModuleManager: Shutting down and abandoning module XmlParser (146)
[2015.04.05-22.17.05:309][196]LogModuleManager: Shutting down and abandoning module Blutility (145)
[2015.04.05-22.17.05:309][196]LogModuleManager: Shutting down and abandoning module IOSPlatformEditor (144)
[2015.04.05-22.17.05:309][196]LogModuleManager: Shutting down and abandoning module IOSRuntimeSettings (143)
[2015.04.05-22.17.05:309][196]LogModuleManager: Shutting down and abandoning module AndroidDeviceDetection (142)
[2015.04.05-22.17.06:273][196]LogModuleManager: Shutting down and abandoning module AndroidPlatformEditor (141)
[2015.04.05-22.17.06:273][196]LogModuleManager: Shutting down and abandoning module AndroidRuntimeSettings (140)
[2015.04.05-22.17.06:273][196]LogModuleManager: Shutting down and abandoning module ProjectTargetPlatformEditor (139)
[2015.04.05-22.17.06:274][196]LogModuleManager: Shutting down and abandoning module ProjectSettingsViewer (138)
[2015.04.05-22.17.06:274][196]LogModuleManager: Shutting down and abandoning module InputBindingEditor (137)
[2015.04.05-22.17.06:274][196]LogModuleManager: Shutting down and abandoning module EditorSettingsViewer (136)
[2015.04.05-22.17.06:274][196]LogModuleManager: Shutting down and abandoning module SettingsEditor (135)
[2015.04.05-22.17.06:274][196]LogModuleManager: Shutting down and abandoning module ProjectLauncher (134)
[2015.04.05-22.17.06:274][196]LogModuleManager: Shutting down and abandoning module SessionFrontend (133)
[2015.04.05-22.17.06:274][196]LogModuleManager: Shutting down and abandoning module ProfilerClient (132)
[2015.04.05-22.17.06:274][196]LogModuleManager: Shutting down and abandoning module TargetDeviceServices (131)
[2015.04.05-22.17.06:275][196]LogModuleManager: Shutting down and abandoning module DeviceManager (130)
[2015.04.05-22.17.06:275][196]LogModuleManager: Shutting down and abandoning module AutomationController (129)
[2015.04.05-22.17.06:275][196]LogModuleManager: Shutting down and abandoning module AutomationWindow (128)
[2015.04.05-22.17.06:275][196]LogModuleManager: Shutting down and abandoning module Layers (127)
[2015.04.05-22.17.06:275][196]LogModuleManager: Shutting down and abandoning module ComponentVisualizers (126)
[2015.04.05-22.17.06:275][196]LogModuleManager: Shutting down and abandoning module DetailCustomizations (125)
[2015.04.05-22.17.06:275][196]LogModuleManager: Shutting down and abandoning module PackagesDialog (124)
[2015.04.05-22.17.06:275][196]LogModuleManager: Shutting down and abandoning module AssetRegistry (123)
[2015.04.05-22.17.06:321][196]LogModuleManager: Shutting down and abandoning module Persona (122)
[2015.04.05-22.17.06:321][196]LogModuleManager: Shutting down and abandoning module SlateReflector (121)
[2015.04.05-22.17.06:321][196]LogModuleManager: Shutting down and abandoning module LevelEditor (120)
[2015.04.05-22.17.06:323][196]LogModuleManager: Shutting down and abandoning module Kismet (119)
[2015.04.05-22.17.06:323][196]LogModuleManager: Shutting down and abandoning module GraphEditor (118)
[2015.04.05-22.17.06:323][196]LogModuleManager: Shutting down and abandoning module ClassViewer (117)
[2015.04.05-22.17.06:323][196]LogModuleManager: Shutting down and abandoning module Toolbox (116)
[2015.04.05-22.17.06:324][196]LogModuleManager: Shutting down and abandoning module ModuleUI (115)
[2015.04.05-22.17.06:324][196]LogModuleManager: Shutting down and abandoning module MovieSceneTools (114)
[2015.04.05-22.17.06:324][196]LogModuleManager: Shutting down and abandoning module OutputLog (113)
[2015.04.05-22.17.06:324][196]LogModuleManager: Shutting down and abandoning module GammaUI (112)
[2015.04.05-22.17.06:324][196]LogModuleManager: Shutting down and abandoning module Documentation (111)
[2015.04.05-22.17.06:324][196]LogModuleManager: Shutting down and abandoning module GameLiveStreaming (110)
[2015.04.05-22.17.06:324][196]LogModuleManager: Shutting down and abandoning module StreamingPauseRendering (109)
[2015.04.05-22.17.06:324][196]LogModuleManager: Shutting down and abandoning module HTTP (108)
[2015.04.05-22.17.06:324][196]LogModuleManager: Shutting down and abandoning module AnalyticsET (107)
[2015.04.05-22.17.06:324][196]LogModuleManager: Shutting down and abandoning module Analytics (106)
[2015.04.05-22.17.06:324][196]LogModuleManager: Shutting down and abandoning module AITestSuite (105)
[2015.04.05-22.17.06:324][196]LogModuleManager: Shutting down and abandoning module GameplayDebugger (104)
[2015.04.05-22.17.06:324][196]LogModuleManager: Shutting down and abandoning module AIModule (103)
[2015.04.05-22.17.06:324][196]LogModuleManager: Shutting down and abandoning module ProfilerService (102)
[2015.04.05-22.17.06:516][196]LogModuleManager: Shutting down and abandoning module TaskGraph (101)
[2015.04.05-22.17.06:516][196]LogModuleManager: Shutting down and abandoning module SlateRemote (100)
[2015.04.05-22.17.06:516][196]LogModuleManager: Shutting down and abandoning module ScriptEditorPlugin (99)
[2015.04.05-22.17.06:516][196]LogModuleManager: Shutting down and abandoning module LeapMotionController (98)
[2015.04.05-22.17.06:623][196]LogModuleManager: Shutting down and abandoning module CustomMeshComponent (97)
[2015.04.05-22.17.06:623][196]LogModuleManager: Shutting down and abandoning module CableComponent (96)
[2015.04.05-22.17.06:623][196]LogModuleManager: Shutting down and abandoning module MessagingDebugger (95)
[2015.04.05-22.17.06:623][196]LogModuleManager: Shutting down and abandoning module MediaPlayerEditor (94)
[2015.04.05-22.17.06:623][196]LogModuleManager: Shutting down and abandoning module SpeedTreeImporter (93)
[2015.04.05-22.17.06:623][196]LogModuleManager: Shutting down and abandoning module PluginsEditor (92)
[2015.04.05-22.17.06:623][196]LogModuleManager: Shutting down and abandoning module MainFrame (91)
[2015.04.05-22.17.06:623][196]LogModuleManager: Shutting down and abandoning module EpicSurvey (90)
[2015.04.05-22.17.06:633][196]LogModuleManager: Shutting down and abandoning module DesktopPlatform (89)
[2015.04.05-22.17.06:633][196]LogModuleManager: Shutting down and abandoning module DirectoryWatcher (88)
[2015.04.05-22.17.06:634][196]LogModuleManager: Shutting down and abandoning module HotReload (87)
[2015.04.05-22.17.06:635][196]LogModuleManager: Shutting down and abandoning module VisualStudioSourceCodeAccess (86)
[2015.04.05-22.17.06:635][196]LogModuleManager: Shutting down and abandoning module UObjectPlugin (85)
[2015.04.05-22.17.06:635][196]LogModuleManager: Shutting down and abandoning module SubversionSourceControl (84)
[2015.04.05-22.17.06:635][196]LogModuleManager: Shutting down and abandoning module PerforceSourceControl (83)
[2015.04.05-22.17.06:635][196]LogModuleManager: Shutting down and abandoning module SourceControl (82)
[2015.04.05-22.17.06:635][196]LogModuleManager: Shutting down and abandoning module GitSourceControl (81)
[2015.04.05-22.17.06:635][196]LogModuleManager: Shutting down and abandoning module BlankPlugin (80)
[2015.04.05-22.17.06:635][196]LogModuleManager: Shutting down and abandoning module PaperTiledImporter (79)
[2015.04.05-22.17.06:635][196]LogModuleManager: Shutting down and abandoning module PaperJsonImporter (78)
[2015.04.05-22.17.06:635][196]LogModuleManager: Shutting down and abandoning module ContentBrowser (77)
[2015.04.05-22.17.06:638][196]LogModuleManager: Shutting down and abandoning module Paper2DEditor (76)
[2015.04.05-22.17.06:638][196]LogModuleManager: Shutting down and abandoning module ScriptPlugin (75)
[2015.04.05-22.17.06:638][196]LogModuleManager: Shutting down and abandoning module UdpMessaging (74)
[2015.04.05-22.17.06:739][196]LogModuleManager: Shutting down and abandoning module Paper2D (73)
[2015.04.05-22.17.06:739][196]LogModuleManager: Shutting down and abandoning module WindowsMoviePlayer (72)
[2015.04.05-22.17.06:757][196]LogModuleManager: Shutting down and abandoning module Media (71)
[2015.04.05-22.17.06:758][196]LogModuleManager: Shutting down and abandoning module WmfMedia (70)
[2015.04.05-22.17.06:758][196]LogModuleManager: Shutting down and abandoning module OnlineBlueprintSupport (69)
[2015.04.05-22.17.06:759][196]LogModuleManager: Shutting down and abandoning module PropertyEditor (68)
[2015.04.05-22.17.06:759][196]LogModuleManager: Shutting down and abandoning module BehaviorTreeEditor (67)
[2015.04.05-22.17.06:759][196]LogModuleManager: Shutting down and abandoning module FunctionalTesting (66)
[2015.04.05-22.17.06:759][196]LogModuleManager: Shutting down and abandoning module CollisionAnalyzer (65)
[2015.04.05-22.17.06:759][196]LogModuleManager: Shutting down and abandoning module WorkspaceMenuStructure (64)
[2015.04.05-22.17.06:759][196]LogModuleManager: Shutting down and abandoning module MessageLog (63)
[2015.04.05-22.17.06:759][196]LogModuleManager: Shutting down and abandoning module Sequencer (62)
[2015.04.05-22.17.06:759][196]LogModuleManager: Shutting down and abandoning module AssetTools (61)
[2015.04.05-22.17.06:759][196]LogModuleManager: Shutting down and abandoning module UMGEditor (60)
[2015.04.05-22.17.06:759][196]LogModuleManager: Shutting down and abandoning module UMG (59)
[2015.04.05-22.17.06:759][196]LogModuleManager: Shutting down and abandoning module Slate (58)
[2015.04.05-22.17.06:759][196]LogModuleManager: Shutting down and abandoning module EditorStyle (57)
[2015.04.05-22.17.06:782][196]LogModuleManager: Shutting down and abandoning module SessionServices (56)
[2015.04.05-22.17.06:782][196]LogModuleManager: Shutting down and abandoning module SourceCodeAccess (55)
[2015.04.05-22.17.06:782][196]LogModuleManager: Shutting down and abandoning module HeadMountedDisplay (54)
[2015.04.05-22.17.06:782][196]LogModuleManager: Shutting down and abandoning module XAudio2 (53)
[2015.04.05-22.17.06:782][196]LogModuleManager: Shutting down and abandoning module Networking (51)
[2015.04.05-22.17.06:782][196]LogModuleManager: Shutting down and abandoning module Core (50)
[2015.04.05-22.17.06:782][196]LogModuleManager: Shutting down and abandoning module KismetCompiler (49)
[2015.04.05-22.17.06:782][196]LogModuleManager: Shutting down and abandoning module PhysXFormats (48)
[2015.04.05-22.17.06:782][196]LogModuleManager: Shutting down and abandoning module MeshUtilities (47)
[2015.04.05-22.17.06:782][196]LogModuleManager: Shutting down and abandoning module DerivedDataCache (46)
[2015.04.05-22.17.06:882][196]LogDerivedDataCache: Shutdown
[2015.04.05-22.17.06:882][196]LogModuleManager: Shutting down and abandoning module ShaderFormatOpenGL (45)
[2015.04.05-22.17.06:882][196]LogModuleManager: Shutting down and abandoning module ShaderFormatD3D (44)
[2015.04.05-22.17.06:882][196]LogModuleManager: Shutting down and abandoning module MetalShaderFormat (43)
[2015.04.05-22.17.06:882][196]LogModuleManager: Shutting down and abandoning module TextureFormatUncompressed (42)
[2015.04.05-22.17.06:882][196]LogModuleManager: Shutting down and abandoning module TextureFormatPVR (41)
[2015.04.05-22.17.06:882][196]LogModuleManager: Shutting down and abandoning module TextureFormatIntelISPCTexComp (40)
[2015.04.05-22.17.06:883][196]LogModuleManager: Shutting down and abandoning module TextureFormatDXT (39)
[2015.04.05-22.17.06:883][196]LogModuleManager: Shutting down and abandoning module ImageWrapper (38)
[2015.04.05-22.17.06:883][196]LogModuleManager: Shutting down and abandoning module TextureFormatASTC (37)
[2015.04.05-22.17.06:883][196]LogModuleManager: Shutting down and abandoning module AudioFormatOpus (36)
[2015.04.05-22.17.06:883][196]LogModuleManager: Shutting down and abandoning module AudioFormatOgg (35)
[2015.04.05-22.17.06:883][196]LogModuleManager: Shutting down and abandoning module AudioFormatADPCM (34)
[2015.04.05-22.17.06:883][196]LogModuleManager: Shutting down and abandoning module Messaging (33)
[2015.04.05-22.17.06:883][196]LogModuleManager: Shutting down and abandoning module IOSTargetPlatform (32)
[2015.04.05-22.17.06:883][196]LogModuleManager: Shutting down and abandoning module HTML5TargetPlatform (31)
[2015.04.05-22.17.06:883][196]LogModuleManager: Shutting down and abandoning module Android_PVRTCTargetPlatform (30)
[2015.04.05-22.17.06:883][196]LogModuleManager: Shutting down and abandoning module Android_ETC2TargetPlatform (29)
[2015.04.05-22.17.06:883][196]LogModuleManager: Shutting down and abandoning module Android_ETC1TargetPlatform (28)
[2015.04.05-22.17.06:883][196]LogModuleManager: Shutting down and abandoning module Android_DXTTargetPlatform (27)
[2015.04.05-22.17.06:883][196]LogModuleManager: Shutting down and abandoning module Android_ATCTargetPlatform (26)
[2015.04.05-22.17.06:883][196]LogModuleManager: Shutting down and abandoning module AndroidTargetPlatform (25)
[2015.04.05-22.17.06:883][196]LogModuleManager: Shutting down and abandoning module WindowsTargetPlatform (24)
[2015.04.05-22.17.06:883][196]LogModuleManager: Shutting down and abandoning module WindowsServerTargetPlatform (23)
[2015.04.05-22.17.06:884][196]LogModuleManager: Shutting down and abandoning module WindowsNoEditorTargetPlatform (22)
[2015.04.05-22.17.06:884][196]LogModuleManager: Shutting down and abandoning module WindowsClientTargetPlatform (21)
[2015.04.05-22.17.06:886][196]LogModuleManager: Shutting down and abandoning module TargetPlatform (20)
[2015.04.05-22.17.06:886][196]LogModuleManager: Shutting down and abandoning module InputCore (19)
[2015.04.05-22.17.06:886][196]LogModuleManager: Shutting down and abandoning module Settings (18)
[2015.04.05-22.17.06:887][196]LogModuleManager: Shutting down and abandoning module OnlineSubsystem (16)
[2015.04.05-22.17.06:887][196]LogModuleManager: Shutting down and abandoning module OculusRift (15)
[2015.04.05-22.17.06:887][196]LogModuleManager: Shutting down and abandoning module ExampleDeviceProfileSelector (14)
[2015.04.05-22.17.06:888][196]LogModuleManager: Shutting down and abandoning module TextureCompressor (13)
[2015.04.05-22.17.06:888][196]LogModuleManager: Shutting down and abandoning module ShaderCore (12)
[2015.04.05-22.17.06:889][196]LogModuleManager: Shutting down and abandoning module Landscape (11)
[2015.04.05-22.17.06:889][196]LogModuleManager: Shutting down and abandoning module SlateRHIRenderer (10)
[2015.04.05-22.17.06:893][196]LogModuleManager: Shutting down and abandoning module OpenGLDrv (9)
[2015.04.05-22.17.06:893][196]LogModuleManager: Shutting down and abandoning module D3D11RHI (8)
[2015.04.05-22.17.06:893][196]LogModuleManager: Shutting down and abandoning module Renderer (7)
[2015.04.05-22.17.06:894][196]LogModuleManager: Shutting down and abandoning module Engine (6)
[2015.04.05-22.17.06:894][196]LogModuleManager: Shutting down and abandoning module CoreUObject (5)
[2015.04.05-22.17.06:894][196]LogModuleManager: Shutting down and abandoning module NetworkFile (4)
[2015.04.05-22.17.06:894][196]LogModuleManager: Shutting down and abandoning module StreamingFile (3)
[2015.04.05-22.17.06:894][196]LogModuleManager: Shutting down and abandoning module SandboxFile (2)
[2015.04.05-22.17.06:894][196]LogModuleManager: Shutting down and abandoning module PakFile (1)
[2015.04.05-22.17.06:896][196]LogExit: Exiting.
[2015.04.05-22.17.06:913][196]Log file closed, 04/06/15 00:17:06
