Log file open, 04/06/15 23:54:53
LogInit:Display: Running engine for game: IngenuityBasic
LogInit: Version: 4.7.4-0+++depot+UE4-Releases+4.7
LogInit: API Version: 0
LogInit: Compiled (64-bit): Mar 25 2015 02:32:27
LogInit: Compiled with Visual C++: 18.00.31101.00
LogInit: Build Configuration: Development
LogInit: Branch Name: ++depot+UE4-Releases+4.7
LogInit: Command line: 
LogInit: Base directory: D:/UE4/source code/UnrealEngine-4.7/UnrealEngine-4.7/Engine/Binaries/Win64/
LogInit: Rocket: 0
[2015.04.06-21.54.53:133][  0]LogTaskGraph: Started task graph with 3 named threads and 6 total threads.
[2015.04.06-21.54.53:185][  0]LogOnline:Warning: No default platform service specified for OnlineSubsystem
[2015.04.06-21.54.53:197][  0]LogInit: Presizing for 0 objects not considered by GC, pre-allocating 0 bytes.
[2015.04.06-21.54.53:207][  0]LogInit: Object subsystem initialized
[2015.04.06-21.54.53:209][  0]LogConsoleResponse:Warning: Skipping Unknown console variable: 'TranslucentSortAxis = (X=0.000000,Y=-1.000000,Z=0.000000)'
[2015.04.06-21.54.53:209][  0]LogConsoleResponse:Warning:   Found in ini file 'D:/Github/Ingenuity/IngenuityBasic/Saved/Config/Windows/Engine.ini', in section '[/Script/Engine.RendererSettings]'
[2015.04.06-21.54.53:209][  0]LogConsoleResponse:Warning: Skipping Unknown console variable: 'UIScaleRule = ShortestSide'
[2015.04.06-21.54.53:209][  0]LogConsoleResponse:Warning:   Found in ini file 'D:/Github/Ingenuity/IngenuityBasic/Saved/Config/Windows/Engine.ini', in section '[/Script/Engine.RendererSettings]'
[2015.04.06-21.54.53:209][  0]LogConsoleResponse:Warning: Skipping Unknown console variable: 'UIScaleCurve = (EditorCurveData=(Keys=),ExternalCurve=None)'
[2015.04.06-21.54.53:209][  0]LogConsoleResponse:Warning:   Found in ini file 'D:/Github/Ingenuity/IngenuityBasic/Saved/Config/Windows/Engine.ini', in section '[/Script/Engine.RendererSettings]'
[2015.04.06-21.54.53:209][  0]LogInit: Selected Device Profile: [Windows]
[2015.04.06-21.54.53:209][  0]LogInit: Applying CVar settings loaded from the selected device profile: [Windows]
[2015.04.06-21.54.53:252][  0]LogInit: Computer: TAZDINGO
[2015.04.06-21.54.53:252][  0]LogInit: User: VolJin
[2015.04.06-21.54.53:252][  0]LogInit: CPU Page size=4096, Cores=4
[2015.04.06-21.54.53:252][  0]LogInit: High frequency timer resolution =2.143486 MHz
[2015.04.06-21.54.53:252][  0]LogMemory: Memory total: Physical=7.9GB (8GB approx) Virtual=131072.0GB
[2015.04.06-21.54.53:252][  0]LogMemory: Platform Memory Stats for Windows
[2015.04.06-21.54.53:252][  0]LogMemory: Process Physical Memory: 45.66 MB used, 45.66 MB peak
[2015.04.06-21.54.53:252][  0]LogMemory: Process Virtual Memory: 26.42 MB used, 26.42 MB peak
[2015.04.06-21.54.53:252][  0]LogMemory: Physical Memory: 3123.55 MB used, 8108.79 MB total
[2015.04.06-21.54.53:252][  0]LogMemory: Virtual Memory: 292.31 MB used, 134217728.00 MB total
[2015.04.06-21.54.53:360][  0]LogD3D11RHI: Found D3D11 adapter 0: Intel(R) HD Graphics 4600 (Feature Level 11_0)
[2015.04.06-21.54.53:360][  0]LogD3D11RHI: Adapter has 0MB of dedicated video memory, 0MB of dedicated system memory, and 1792MB of shared system memory, 2 output[s]
[2015.04.06-21.54.53:375][  0]LogD3D11RHI: Found D3D11 adapter 1: NVIDIA GeForce GTX 760M (Feature Level 11_0)
[2015.04.06-21.54.53:375][  0]LogD3D11RHI: Adapter has 1988MB of dedicated video memory, 0MB of dedicated system memory, and 2048MB of shared system memory, 0 output[s]
[2015.04.06-21.54.53:376][  0]LogD3D11RHI: Found D3D11 adapter 2: Microsoft Basic Render Driver (Feature Level 11_0)
[2015.04.06-21.54.53:376][  0]LogD3D11RHI: Adapter has 0MB of dedicated video memory, 0MB of dedicated system memory, and 256MB of shared system memory, 0 output[s]
[2015.04.06-21.54.53:376][  0]LogD3D11RHI: Chosen D3D11 Adapter Id = 0
[2015.04.06-21.54.53:382][  0]LogRHI: Texture pool is 1361 MB (70% of 1945 MB)
[2015.04.06-21.54.53:394][  0]LogD3D11RHI: Async texture creation enabled
[2015.04.06-21.54.53:464][  0]LogTextLocalizationManager: The requested culture ('de_DE') has no localization data; falling back to 'en' for localization and internationalization data.
[2015.04.06-21.54.53:561][  0]LogTextLocalizationManager:Warning: Loading localization resources contain conflicting entries for (Namespace:UICommands, Key:Save_ToolTip):
Resource: (D:/UE4/source code/UnrealEngine-4.7/UnrealEngine-4.7/Engine/Content/Localization/Editor/en/Editor.locres) Hash: (-29098895) String: (Saves the current level to disk)
Resource: (D:/UE4/source code/UnrealEngine-4.7/UnrealEngine-4.7/Engine/Content/Localization/Engine/en/Engine.locres) Hash: (-1280300587) String: (Save selected data to vlog file)
[2015.04.06-21.54.53:561][  0]LogTextLocalizationManager:Warning: Loading localization resources contain conflicting entries for (Namespace:ContentBrowser, Key:ImportAssetToolTip):
Resource: (D:/UE4/source code/UnrealEngine-4.7/UnrealEngine-4.7/Engine/Content/Localization/Editor/en/Editor.locres) Hash: (-630476809) String: (Import to {0}...)
Resource: (D:/UE4/source code/UnrealEngine-4.7/UnrealEngine-4.7/Engine/Content/Localization/Editor/en/Editor.locres) Hash: (1271782899) String: (Imports an asset from file to this folder.)
[2015.04.06-21.54.53:662][  0]LogContentStreaming: Texture pool size is 0.000000MB
[2015.04.06-21.54.56:062][  0]LogTargetPlatformManager:Display: Building Assets For Windows
[2015.04.06-21.54.56:584][  0]LogTargetPlatformManager:Display: Building Assets For Windows
[2015.04.06-21.54.56:638][  0]LogDerivedDataCache:Display: Max Cache Size: 512 MB
[2015.04.06-21.54.56:709][  0]LogDerivedDataCache: Loaded boot cache 0.07s 40MB ../../../../../../../Github/Ingenuity/IngenuityBasic/DerivedDataCache/Boot.ddc.
[2015.04.06-21.54.56:709][  0]LogDerivedDataCache:Display: Loaded Boot cache: ../../../../../../../Github/Ingenuity/IngenuityBasic/DerivedDataCache/Boot.ddc
[2015.04.06-21.54.56:709][  0]LogDerivedDataCache: FDerivedDataBackendGraph:  Pak pak cache file ../../../../../../../Github/Ingenuity/IngenuityBasic/DerivedDataCache/DDC.ddp not found, will not use a pak cache.
[2015.04.06-21.54.56:709][  0]LogDerivedDataCache: Unable to find inner node Pak for hierarchical cache Hierarchy.
[2015.04.06-21.54.56:709][  0]LogDerivedDataCache: FDerivedDataBackendGraph:  EnginePak pak cache file ../../../Engine/DerivedDataCache/DDC.ddp not found, will not use a pak cache.
[2015.04.06-21.54.56:709][  0]LogDerivedDataCache: Unable to find inner node EnginePak for hierarchical cache Hierarchy.
[2015.04.06-21.54.56:721][  0]LogDerivedDataCache: Using Local data cache path ../../../Engine/DerivedDataCache: Writable
[2015.04.06-21.54.56:721][  0]LogDerivedDataCache: Shared data cache path not found in *engine.ini, will not use an Shared cache.
[2015.04.06-21.54.56:721][  0]LogDerivedDataCache: Unable to find inner node Shared for hierarchical cache Hierarchy.
[2015.04.06-21.54.57:041][  0]LogMeshUtilities: No automatic mesh reduction module available
[2015.04.06-21.54.57:041][  0]LogMeshUtilities: No automatic mesh merging module available
[2015.04.06-21.54.57:536][  0]LogInit: WinSock: version 1.1 (2.2), MaxSocks=32767, MaxUdp=65467
[2015.04.06-21.54.57:601][  0]LogSlate:Warning: Failed to load font data from '../../../Engine/Content/Slate/Fonts/Roboto-Italic.ttf'
[2015.04.06-21.54.58:380][  0]UdpMessaging: Initializing bridge on interface 0.0.0.0:0 to multicast group 230.0.0.1:6666.
[2015.04.06-21.54.58:547][  0]SourceControl: Info Source control is disabled
[2015.04.06-21.54.58:547][  0]SourceControl: Info Source control is disabled
[2015.04.06-21.54.58:547][  0]SourceControl: Info Source control is disabled
[2015.04.06-21.54.58:547][  0]LogSourceControl: RunCommandInternalRaw: 'git version'
[2015.04.06-21.54.58:548][  0]LogSourceControl: RunCommandInternalRaw: ExecProcess ReturnCode=2 OutResults=''
[2015.04.06-21.54.58:553][  0]SourceControl: Info Source control is disabled
[2015.04.06-21.54.58:744][  0]LogObj: 24371 objects as part of root set at end of initial load.
[2015.04.06-21.54.58:744][  0]LogUObjectAllocator: 5175440 out of 0 bytes used by permanent object pool.
[2015.04.06-21.54.58:823][  0]LogEngine: Initializing Engine...
[2015.04.06-21.55.01:018][  0]LogInit: XAudio2 using 'Lautsprecher (10- Logitech G430 Gaming Headset)' : 8 channels at 48 kHz using 16 bits per sample (channel mask 0x63f)
[2015.04.06-21.55.01:023][  0]LogInit: FAudioDevice initialized.
[2015.04.06-21.55.01:053][  0]LogAIModule: Creating AISystem for world NewWorld
[2015.04.06-21.55.01:093][  0]LogDerivedDataCache: Saved boot cache 0.04s 40MB ../../../../../../../Github/Ingenuity/IngenuityBasic/DerivedDataCache/Boot.ddc.
[2015.04.06-21.55.01:100][  0]LogInit: Texture streaming: Enabled
[2015.04.06-21.55.01:187][  0]LogAnalytics: Creating configured Analytics provider AnalyticsET
[2015.04.06-21.55.01:187][  0]LogAnalytics: ET APIKey = UnrealEngine.Release. APIServer = http://etsource.epicgames.com/ET2/. AppVersion = 4.7.4-0+++depot+UE4-Releases+4.7
[2015.04.06-21.55.01:187][  0]LogAnalytics: SetUserId c98b79d14844094ad4256e87f54b579a|b11a4e7304504cc2a52d02214ea30f55|55325a2e-fcbf-49b6-ade6-f98150735238
[2015.04.06-21.55.01:187][  0]LogAnalytics: AnalyticsET::StartSession [UnrealEngine.Release]
[2015.04.06-21.55.01:206][  0]LogInit: Transaction tracking system initialized
[2015.04.06-21.55.01:332][  0]BlueprintLog: New page: Editor Load
[2015.04.06-21.55.01:361][  0]LogAssetRegistry: FAssetRegistry took 0.0111 seconds to start up
[2015.04.06-21.55.01:363][  0]LogDirectoryWatcher:Warning: Failed to begin reading directory changes for ../../../Engine/Plugins/Experimental/CharacterAI/Content/. Error: 0
[2015.04.06-21.55.01:875][  0]LogTargetPlatformManager:Display: Building Assets For Windows
[2015.04.06-21.55.02:257][  0]LogTargetPlatformManager:Display: Building Assets For Windows
[2015.04.06-21.55.02:456][  0]LogSlate:Warning: Failed to load font data from '../../../Engine/Content/Editor/Slate/Fonts/Roboto-Regular.ttf'
[2015.04.06-21.55.02:456][  0]LogSlate:Warning: Failed to load font data from '../../../Engine/Content/Editor/Slate/Fonts/Roboto-Bold.ttf'
[2015.04.06-21.55.02:461][  0]LogConsoleResponse:Display: 
[2015.04.06-21.55.02:598][  0]LogCook:Display: Done creating registry. It took  0.00s.
[2015.04.06-21.55.02:709][  0]SourceControl: Info Source control is disabled
[2015.04.06-21.55.02:709][  0]Cmd: MAP LOAD FILE="../../../../../../../Github/Ingenuity/IngenuityBasic/Content/FirstPersonBP/Maps/FirstPersonExampleMap.umap" TEMPLATE=0 SHOWPROGRESS=1 FEATURELEVEL=3
[2015.04.06-21.55.02:709][  0]LightingResults: New page: Lighting Build
[2015.04.06-21.55.02:718][  0]MapCheck: New page: Map Check
[2015.04.06-21.55.02:718][  0]LightingResults: New page: Lighting Build
[2015.04.06-21.55.02:805][  0]LogParticles: Destroying 0 GPU particle simulations for FXSystem 0x00000090EEECF4C0
[2015.04.06-21.55.04:207][  0]LogEditorServer: Finished looking for orphan Actors (0.000 secs)
[2015.04.06-21.55.05:445][  0]LogAIModule: Creating AISystem for world FirstPersonExampleMap
[2015.04.06-21.55.05:446][  0]Cmd: MAP CHECKDEP
[2015.04.06-21.55.05:446][  0]MapCheck: New page: FirstPersonExampleMap - Apr 7, 2015, 1:55:05 AM
[2015.04.06-21.55.05:543][  0]MapCheck: Info Map check complete: 0 Error(s), 0 Warning(s), took 96.602ms to complete.
[2015.04.06-21.55.05:543][  0]LogFileHelpers: Loading map 'FirstPersonExampleMap' took 2.834
[2015.04.06-21.55.05:758][  0]LogCollectionManager: Loaded 0 collections in 0.000779 seconds
[2015.04.06-21.55.05:767][  0]LogContentBrowser: Native class hierarchy populated in 0.0092 seconds. Added 1701 classes and 262 folders.
[2015.04.06-21.55.05:785][  0]LogContentBrowser:Verbose: The content browser source was changed by the sources view to '/Game'
[2015.04.06-21.55.05:796][  0]LogContentBrowser: Native class hierarchy updated for 'SceneOutliner' in 0.0016 seconds. Added 1 classes and 2 folders.
[2015.04.06-21.55.05:829][  0]LogCrashTracker: Crashtracker disabled due to settings.
[2015.04.06-21.55.05:830][  0]LogSlate:Warning: Failed to load font data from 'Veranda'
[2015.04.06-21.55.05:895][  0]LogUObjectGlobals:Warning: Failed to find object 'Class None.'
[2015.04.06-21.55.05:951][  0]LogLoad: Full Startup: 14.56 seconds (BP compile: 0.55 seconds)
[2015.04.06-21.55.06:519][  0]LogRenderer:Warning: Reallocating scene render targets to support 768x456 (Frame:2).
[2015.04.06-21.55.08:423][  5]LogAssetRegistry: Asset discovery search completed in 7.0745 seconds
[2015.04.06-21.56.23:901][724]LogPlayLevel: PIE:  No blueprints needed recompiling
[2015.04.06-21.56.23:901][724]PIE: New page: PIE session: FirstPersonExampleMap (Apr 7, 2015, 1:56:23 AM)
[2015.04.06-21.56.23:921][724]LogPlayLevel: PIE: StaticDuplicateObject took: (0.019421s)
[2015.04.06-21.56.23:922][724]LogPlayLevel: PIE: World Init took: (0.001193s)
[2015.04.06-21.56.23:922][724]LogPlayLevel: PIE: Created PIE world by copying editor world from /Game/FirstPersonBP/Maps/FirstPersonExampleMap.FirstPersonExampleMap to /Game/FirstPersonBP/Maps/UEDPIE_0_FirstPersonExampleMap.FirstPersonExampleMap (0.020916s)
[2015.04.06-21.56.24:066][724]LogWorld: Game class is 'FirstPersonGameMode_C'
[2015.04.06-21.56.24:068][724]LogAIModule: Creating AISystem for world FirstPersonExampleMap
[2015.04.06-21.56.24:075][724]LogWorld: Bringing World /Game/FirstPersonBP/Maps/UEDPIE_0_FirstPersonExampleMap.FirstPersonExampleMap up for play (max tick rate 0) at 2015.04.06-23.56.24
[2015.04.06-21.56.24:076][724]LogWorld: Bringing up level for play took: 0.006922
[2015.04.06-21.56.24:077][724]PIE: Info Play in editor start time for /Game/FirstPersonBP/Maps/UEDPIE_0_FirstPersonExampleMap 0.64
[2015.04.06-21.56.28:888][983]LogBlueprintUserMessages: Spawning Actor
[2015.04.06-21.56.28:889][983]LogBlueprintUserMessages: X=414.923 Y=71.650 Z=-15.389
[2015.04.06-21.56.30:620][ 72]LogActorComponent: UnregisterComponent: (/Engine/Transient.ProjectileMovementComponent_2) Not registered. Aborting.
[2015.04.06-21.56.30:642][ 72]LogParticles: Destroying 0 GPU particle simulations for FXSystem 0x000000909AEECAE0
[2015.04.06-22.04.36:802][334]LogActorComponent: UnregisterComponent: (/Engine/Transient.ProjectileMovementComponent_2) Not registered. Aborting.
[2015.04.06-22.05.18:132][186]BlueprintLog: New page: Pre-PIE auto-recompile
[2015.04.06-22.05.18:138][186]LogPlayLevel: [PIE] Compiling Projectile before PIE...
[2015.04.06-22.05.18:197][186]LogPlayLevel: [PIE] Compiling GrabRecognition before PIE...
[2015.04.06-22.05.18:277][186]LogPlayLevel: PIE:  Blueprint regeneration took 144 ms (2 blueprints)
[2015.04.06-22.05.18:277][186]PIE: New page: PIE session: FirstPersonExampleMap (Apr 7, 2015, 2:05:18 AM)
[2015.04.06-22.05.18:300][186]LogPlayLevel: PIE: StaticDuplicateObject took: (0.023105s)
[2015.04.06-22.05.18:301][186]LogPlayLevel: PIE: World Init took: (0.000815s)
[2015.04.06-22.05.18:301][186]LogPlayLevel: PIE: Created PIE world by copying editor world from /Game/FirstPersonBP/Maps/FirstPersonExampleMap.FirstPersonExampleMap to /Game/FirstPersonBP/Maps/UEDPIE_0_FirstPersonExampleMap.FirstPersonExampleMap (0.024147s)
[2015.04.06-22.05.18:360][186]LogWorld: Game class is 'FirstPersonGameMode_C'
[2015.04.06-22.05.18:362][186]LogAIModule: Creating AISystem for world FirstPersonExampleMap
[2015.04.06-22.05.18:370][186]LogWorld: Bringing World /Game/FirstPersonBP/Maps/UEDPIE_0_FirstPersonExampleMap.FirstPersonExampleMap up for play (max tick rate 0) at 2015.04.07-00.05.18
[2015.04.06-22.05.18:370][186]LogWorld: Bringing up level for play took: 0.007679
[2015.04.06-22.05.18:379][186]PIE: Info Play in editor start time for /Game/FirstPersonBP/Maps/UEDPIE_0_FirstPersonExampleMap 0.942
[2015.04.06-22.05.18:411][186]LogRenderer:Warning: Reallocating scene render targets to support 1296x760 (Frame:2654).
[2015.04.06-22.05.23:102][338]LogBlueprintUserMessages: Spawning Actor
[2015.04.06-22.05.23:103][338]LogBlueprintUserMessages: X=320.000 Y=0.000 Z=-208.000
[2015.04.06-22.05.23:351][345]LogBlueprintUserMessages: Projectile Stopped
[2015.04.06-22.05.28:114][496]LogBlueprintUserMessages: Spawning Actor
[2015.04.06-22.05.28:115][496]LogBlueprintUserMessages: X=324.418 Y=122.431 Z=18.559
[2015.04.06-22.05.28:115][496]LogBlueprintUserMessages: Projectile Stopped
[2015.04.06-22.05.30:417][562]LogParticles: Destroying 0 GPU particle simulations for FXSystem 0x00000090B196F240
[2015.04.06-22.05.49:459][271]LogFileHelpers: Editor autosave (incl. sublevels) for '/Game/FirstPersonBP/Maps/FirstPersonExampleMap' took 0.021
[2015.04.06-22.05.49:512][271]OBJ SavePackage: Generating thumbnails for [1] asset(s) in package [/Game/Projectile] ([1] browsable assets)...
[2015.04.06-22.05.49:601][271]OBJ SavePackage:     Rendered thumbnail for [Blueprint /Game/Projectile.Projectile]
[2015.04.06-22.05.49:601][271]OBJ SavePackage: Finished generating thumbnails for package [/Game/Projectile]
[2015.04.06-22.05.49:604][271]Cmd: OBJ SAVEPACKAGE PACKAGE="/Game/Projectile" FILE="../../../../../../../Github/Ingenuity/IngenuityBasic/Saved/Autosaves/Game/Projectile_Auto1.uasset" SILENT=false AUTOSAVING=true
[2015.04.06-22.05.50:059][271]LogSavePackage: Save=447.135651ms
[2015.04.06-22.05.50:061][271]LogSavePackage: Moving '../../../../../../../Github/Ingenuity/IngenuityBasic/Saved/Projectile_Auto1CE0A02C44B6D027F2FD96898247B1CAC.tmp' to '../../../../../../../Github/Ingenuity/IngenuityBasic/Saved/Autosaves/Game/Projectile_Auto1.uasset'
[2015.04.06-22.05.50:068][271]LogFileHelpers: Auto-saving content packages took 0.608
[2015.04.06-22.08.38:853][632]BlueprintLog: New page: Pre-PIE auto-recompile
[2015.04.06-22.08.38:854][632]LogActorComponent: UnregisterComponent: (/Engine/Transient.ProjectileMovementComponent_2) Not registered. Aborting.
[2015.04.06-22.08.38:859][632]LogPlayLevel: [PIE] Compiling Projectile before PIE...
[2015.04.06-22.08.38:918][632]LogPlayLevel: [PIE] Compiling GrabRecognition before PIE...
[2015.04.06-22.08.38:996][632]LogPlayLevel: PIE:  Blueprint regeneration took 143 ms (2 blueprints)
[2015.04.06-22.08.38:997][632]PIE: New page: PIE session: FirstPersonExampleMap (Apr 7, 2015, 2:08:38 AM)
[2015.04.06-22.08.39:026][632]LogPlayLevel: PIE: StaticDuplicateObject took: (0.028799s)
[2015.04.06-22.08.39:027][632]LogPlayLevel: PIE: World Init took: (0.001218s)
[2015.04.06-22.08.39:027][632]LogPlayLevel: PIE: Created PIE world by copying editor world from /Game/FirstPersonBP/Maps/FirstPersonExampleMap.FirstPersonExampleMap to /Game/FirstPersonBP/Maps/UEDPIE_0_FirstPersonExampleMap.FirstPersonExampleMap (0.030264s)
[2015.04.06-22.08.39:089][632]LogWorld: Game class is 'FirstPersonGameMode_C'
[2015.04.06-22.08.39:092][632]LogAIModule: Creating AISystem for world FirstPersonExampleMap
[2015.04.06-22.08.39:099][632]LogWorld: Bringing World /Game/FirstPersonBP/Maps/UEDPIE_0_FirstPersonExampleMap.FirstPersonExampleMap up for play (max tick rate 0) at 2015.04.07-00.08.39
[2015.04.06-22.08.39:100][632]LogWorld: Bringing up level for play took: 0.007394
[2015.04.06-22.08.39:109][632]PIE: Info Play in editor start time for /Game/FirstPersonBP/Maps/UEDPIE_0_FirstPersonExampleMap -0.328
[2015.04.06-22.08.43:852][761]LogBlueprintUserMessages: Spawning Actor
[2015.04.06-22.08.43:853][761]LogBlueprintUserMessages: X=0.000 Y=0.000 Z=0.000
[2015.04.06-22.08.47:642][877]LogParticles: Destroying 0 GPU particle simulations for FXSystem 0x00000090AD1F8EA0
[2015.04.06-22.08.59:248][934]BlueprintLog: New page: Pre-PIE auto-recompile
[2015.04.06-22.08.59:257][934]LogPlayLevel: [PIE] Compiling GrabRecognition before PIE...
[2015.04.06-22.08.59:341][934]LogPlayLevel: PIE:  Blueprint regeneration took 92 ms (1 blueprints)
[2015.04.06-22.08.59:341][934]PIE: New page: PIE session: FirstPersonExampleMap (Apr 7, 2015, 2:08:59 AM)
[2015.04.06-22.08.59:375][934]LogPlayLevel: PIE: StaticDuplicateObject took: (0.033112s)
[2015.04.06-22.08.59:377][934]LogPlayLevel: PIE: World Init took: (0.001917s)
[2015.04.06-22.08.59:377][934]LogPlayLevel: PIE: Created PIE world by copying editor world from /Game/FirstPersonBP/Maps/FirstPersonExampleMap.FirstPersonExampleMap to /Game/FirstPersonBP/Maps/UEDPIE_0_FirstPersonExampleMap.FirstPersonExampleMap (0.035300s)
[2015.04.06-22.08.59:430][934]LogWorld: Game class is 'FirstPersonGameMode_C'
[2015.04.06-22.08.59:433][934]LogAIModule: Creating AISystem for world FirstPersonExampleMap
[2015.04.06-22.08.59:442][934]LogWorld: Bringing World /Game/FirstPersonBP/Maps/UEDPIE_0_FirstPersonExampleMap.FirstPersonExampleMap up for play (max tick rate 0) at 2015.04.07-00.08.59
[2015.04.06-22.08.59:442][934]LogWorld: Bringing up level for play took: 0.007879
[2015.04.06-22.08.59:452][934]PIE: Info Play in editor start time for /Game/FirstPersonBP/Maps/UEDPIE_0_FirstPersonExampleMap 0.015
[2015.04.06-22.09.03:075][ 38]LogParticles: Destroying 0 GPU particle simulations for FXSystem 0x00000090A56B9300
[2015.04.06-22.09.12:026][900]LogPlayLevel: PIE:  No blueprints needed recompiling
[2015.04.06-22.09.12:026][900]PIE: New page: PIE session: FirstPersonExampleMap (Apr 7, 2015, 2:09:12 AM)
[2015.04.06-22.09.12:050][900]LogPlayLevel: PIE: StaticDuplicateObject took: (0.023236s)
[2015.04.06-22.09.12:052][900]LogPlayLevel: PIE: World Init took: (0.001638s)
[2015.04.06-22.09.12:052][900]LogPlayLevel: PIE: Created PIE world by copying editor world from /Game/FirstPersonBP/Maps/FirstPersonExampleMap.FirstPersonExampleMap to /Game/FirstPersonBP/Maps/UEDPIE_0_FirstPersonExampleMap.FirstPersonExampleMap (0.025172s)
[2015.04.06-22.09.12:109][900]LogWorld: Game class is 'FirstPersonGameMode_C'
[2015.04.06-22.09.12:111][900]LogAIModule: Creating AISystem for world FirstPersonExampleMap
[2015.04.06-22.09.12:118][900]LogWorld: Bringing World /Game/FirstPersonBP/Maps/UEDPIE_0_FirstPersonExampleMap.FirstPersonExampleMap up for play (max tick rate 0) at 2015.04.07-00.09.12
[2015.04.06-22.09.12:120][900]LogWorld: Bringing up level for play took: 0.008267
[2015.04.06-22.09.12:136][900]PIE: Info Play in editor start time for /Game/FirstPersonBP/Maps/UEDPIE_0_FirstPersonExampleMap 0.699
[2015.04.06-22.09.17:023][ 41]LogBlueprintUserMessages: Spawning Actor
[2015.04.06-22.09.17:024][ 41]LogBlueprintUserMessages: X=361.383 Y=79.869 Z=9.589
[2015.04.06-22.09.22:046][198]LogBlueprintUserMessages: Spawning Actor
[2015.04.06-22.09.22:046][198]LogBlueprintUserMessages: X=397.906 Y=2.814 Z=-1.376
[2015.04.06-22.09.24:798][285]LogParticles: Destroying 0 GPU particle simulations for FXSystem 0x00000090A56B8900
[2015.04.06-22.09.45:098][275]BlueprintLog: New page: Pre-PIE auto-recompile
[2015.04.06-22.09.45:106][275]LogPlayLevel: [PIE] Compiling GrabRecognition before PIE...
[2015.04.06-22.09.45:187][275]LogPlayLevel: PIE:  Blueprint regeneration took 88 ms (1 blueprints)
[2015.04.06-22.09.45:187][275]PIE: New page: PIE session: FirstPersonExampleMap (Apr 7, 2015, 2:09:45 AM)
[2015.04.06-22.09.45:214][275]LogPlayLevel: PIE: StaticDuplicateObject took: (0.026868s)
[2015.04.06-22.09.45:215][275]LogPlayLevel: PIE: World Init took: (0.000948s)
[2015.04.06-22.09.45:215][275]LogPlayLevel: PIE: Created PIE world by copying editor world from /Game/FirstPersonBP/Maps/FirstPersonExampleMap.FirstPersonExampleMap to /Game/FirstPersonBP/Maps/UEDPIE_0_FirstPersonExampleMap.FirstPersonExampleMap (0.028090s)
[2015.04.06-22.09.45:278][275]LogWorld: Game class is 'FirstPersonGameMode_C'
[2015.04.06-22.09.45:281][275]LogAIModule: Creating AISystem for world FirstPersonExampleMap
[2015.04.06-22.09.45:288][275]LogWorld: Bringing World /Game/FirstPersonBP/Maps/UEDPIE_0_FirstPersonExampleMap.FirstPersonExampleMap up for play (max tick rate 0) at 2015.04.07-00.09.45
[2015.04.06-22.09.45:289][275]LogWorld: Bringing up level for play took: 0.008015
[2015.04.06-22.09.45:298][275]PIE: Info Play in editor start time for /Game/FirstPersonBP/Maps/UEDPIE_0_FirstPersonExampleMap -0.139
[2015.04.06-22.09.50:084][419]LogBlueprintUserMessages: Spawning Actor
[2015.04.06-22.09.50:085][419]LogBlueprintUserMessages: X=387.541 Y=71.959 Z=9.478
[2015.04.06-22.09.50:085][419]LogBlueprintUserMessages: Projectile Stopped
[2015.04.06-22.09.52:082][482]Set new viewmode: Wireframe
[2015.04.06-22.09.53:023][532]Set new viewmode: Wireframe
[2015.04.06-22.09.54:157][596]Set new viewmode: Unlit
[2015.04.06-22.09.55:098][649]LogBlueprintUserMessages: Spawning Actor
[2015.04.06-22.09.55:099][649]LogBlu