Log file open, 04/07/15 00:11:01
LogInit:Display: Running engine for game: IngenuityBasic
LogInit: Version: 4.7.4-0+++depot+UE4-Releases+4.7
LogInit: API Version: 0
LogInit: Compiled (64-bit): Mar 25 2015 02:32:27
LogInit: Compiled with Visual C++: 18.00.31101.00
LogInit: Build Configuration: Development
LogInit: Branch Name: ++depot+UE4-Releases+4.7
LogInit: Command line: 
LogInit: Base directory: D:/UE4/source code/UnrealEngine-4.7/UnrealEngine-4.7/Engine/Binaries/Win64/
LogInit: Rocket: 0
[2015.04.06-22.11.01:876][  0]LogTaskGraph: Started task graph with 3 named threads and 6 total threads.
[2015.04.06-22.11.01:943][  0]LogOnline:Warning: No default platform service specified for OnlineSubsystem
[2015.04.06-22.11.01:962][  0]LogInit: Presizing for 0 objects not considered by GC, pre-allocating 0 bytes.
[2015.04.06-22.11.01:971][  0]LogInit: Object subsystem initialized
[2015.04.06-22.11.01:972][  0]LogConsoleResponse:Warning: Skipping Unknown console variable: 'TranslucentSortAxis = (X=0.000000,Y=-1.000000,Z=0.000000)'
[2015.04.06-22.11.01:972][  0]LogConsoleResponse:Warning:   Found in ini file 'D:/Github/Ingenuity/IngenuityBasic/Saved/Config/Windows/Engine.ini', in section '[/Script/Engine.RendererSettings]'
[2015.04.06-22.11.01:972][  0]LogConsoleResponse:Warning: Skipping Unknown console variable: 'UIScaleRule = ShortestSide'
[2015.04.06-22.11.01:972][  0]LogConsoleResponse:Warning:   Found in ini file 'D:/Github/Ingenuity/IngenuityBasic/Saved/Config/Windows/Engine.ini', in section '[/Script/Engine.RendererSettings]'
[2015.04.06-22.11.01:972][  0]LogConsoleResponse:Warning: Skipping Unknown console variable: 'UIScaleCurve = (EditorCurveData=(Keys=),ExternalCurve=None)'
[2015.04.06-22.11.01:972][  0]LogConsoleResponse:Warning:   Found in ini file 'D:/Github/Ingenuity/IngenuityBasic/Saved/Config/Windows/Engine.ini', in section '[/Script/Engine.RendererSettings]'
[2015.04.06-22.11.01:973][  0]LogInit: Selected Device Profile: [Windows]
[2015.04.06-22.11.01:973][  0]LogInit: Applying CVar settings loaded from the selected device profile: [Windows]
[2015.04.06-22.11.01:978][  0]LogInit: Computer: TAZDINGO
[2015.04.06-22.11.01:978][  0]LogInit: User: VolJin
[2015.04.06-22.11.01:978][  0]LogInit: CPU Page size=4096, Cores=4
[2015.04.06-22.11.01:978][  0]LogInit: High frequency timer resolution =2.143486 MHz
[2015.04.06-22.11.01:979][  0]LogMemory: Memory total: Physical=7.9GB (8GB approx) Virtual=131072.0GB
[2015.04.06-22.11.01:979][  0]LogMemory: Platform Memory Stats for Windows
[2015.04.06-22.11.01:979][  0]LogMemory: Process Physical Memory: 45.68 MB used, 45.68 MB peak
[2015.04.06-22.11.01:979][  0]LogMemory: Process Virtual Memory: 22.41 MB used, 22.42 MB peak
[2015.04.06-22.11.01:979][  0]LogMemory: Physical Memory: 3229.23 MB used, 8108.79 MB total
[2015.04.06-22.11.01:979][  0]LogMemory: Virtual Memory: 288.31 MB used, 134217728.00 MB total
[2015.04.06-22.11.02:073][  0]LogD3D11RHI: Found D3D11 adapter 0: Intel(R) HD Graphics 4600 (Feature Level 11_0)
[2015.04.06-22.11.02:073][  0]LogD3D11RHI: Adapter has 0MB of dedicated video memory, 0MB of dedicated system memory, and 1792MB of shared system memory, 2 output[s]
[2015.04.06-22.11.02:089][  0]LogD3D11RHI: Found D3D11 adapter 1: NVIDIA GeForce GTX 760M (Feature Level 11_0)
[2015.04.06-22.11.02:089][  0]LogD3D11RHI: Adapter has 1988MB of dedicated video memory, 0MB of dedicated system memory, and 2048MB of shared system memory, 0 output[s]
[2015.04.06-22.11.02:091][  0]LogD3D11RHI: Found D3D11 adapter 2: Microsoft Basic Render Driver (Feature Level 11_0)
[2015.04.06-22.11.02:091][  0]LogD3D11RHI: Adapter has 0MB of dedicated video memory, 0MB of dedicated system memory, and 256MB of shared system memory, 0 output[s]
[2015.04.06-22.11.02:091][  0]LogD3D11RHI: Chosen D3D11 Adapter Id = 0
[2015.04.06-22.11.02:097][  0]LogRHI: Texture pool is 1361 MB (70% of 1945 MB)
[2015.04.06-22.11.02:108][  0]LogD3D11RHI: Async texture creation enabled
[2015.04.06-22.11.02:170][  0]LogTextLocalizationManager: The requested culture ('de_DE') has no localization data; falling back to 'en' for localization and internationalization data.
[2015.04.06-22.11.02:261][  0]LogTextLocalizationManager:Warning: Loading localization resources contain conflicting entries for (Namespace:UICommands, Key:Save_ToolTip):
Resource: (D:/UE4/source code/UnrealEngine-4.7/UnrealEngine-4.7/Engine/Content/Localization/Editor/en/Editor.locres) Hash: (-29098895) String: (Saves the current level to disk)
Resource: (D:/UE4/source code/UnrealEngine-4.7/UnrealEngine-4.7/Engine/Content/Localization/Engine/en/Engine.locres) Hash: (-1280300587) String: (Save selected data to vlog file)
[2015.04.06-22.11.02:261][  0]LogTextLocalizationManager:Warning: Loading localization resources contain conflicting entries for (Namespace:ContentBrowser, Key:ImportAssetToolTip):
Resource: (D:/UE4/source code/UnrealEngine-4.7/UnrealEngine-4.7/Engine/Content/Localization/Editor/en/Editor.locres) Hash: (-630476809) String: (Import to {0}...)
Resource: (D:/UE4/source code/UnrealEngine-4.7/UnrealEngine-4.7/Engine/Content/Localization/Editor/en/Editor.locres) Hash: (1271782899) String: (Imports an asset from file to this folder.)
[2015.04.06-22.11.02:351][  0]LogContentStreaming: Texture pool size is 0.000000MB
[2015.04.06-22.11.04:416][  0]LogTargetPlatformManager:Display: Building Assets For Windows
[2015.04.06-22.11.04:854][  0]LogTargetPlatformManager:Display: Building Assets For Windows
[2015.04.06-22.11.04:905][  0]LogDerivedDataCache:Display: Max Cache Size: 512 MB
[2015.04.06-22.11.04:957][  0]LogDerivedDataCache: Loaded boot cache 0.05s 40MB ../../../../../../../Github/Ingenuity/IngenuityBasic/DerivedDataCache/Boot.ddc.
[2015.04.06-22.11.04:957][  0]LogDerivedDataCache:Display: Loaded Boot cache: ../../../../../../../Github/Ingenuity/IngenuityBasic/DerivedDataCache/Boot.ddc
[2015.04.06-22.11.04:957][  0]LogDerivedDataCache: FDerivedDataBackendGraph:  Pak pak cache file ../../../../../../../Github/Ingenuity/IngenuityBasic/DerivedDataCache/DDC.ddp not found, will not use a pak cache.
[2015.04.06-22.11.04:957][  0]LogDerivedDataCache: Unable to find inner node Pak for hierarchical cache Hierarchy.
[2015.04.06-22.11.04:957][  0]LogDerivedDataCache: FDerivedDataBackendGraph:  EnginePak pak cache file ../../../Engine/DerivedDataCache/DDC.ddp not found, will not use a pak cache.
[2015.04.06-22.11.04:957][  0]LogDerivedDataCache: Unable to find inner node EnginePak for hierarchical cache Hierarchy.
[2015.04.06-22.11.04:969][  0]LogDerivedDataCache: Using Local data cache path ../../../Engine/DerivedDataCache: Writable
[2015.04.06-22.11.04:969][  0]LogDerivedDataCache: Shared data cache path not found in *engine.ini, will not use an Shared cache.
[2015.04.06-22.11.04:969][  0]LogDerivedDataCache: Unable to find inner node Shared for hierarchical cache Hierarchy.
[2015.04.06-22.11.05:258][  0]LogMeshUtilities: No automatic mesh reduction module available
[2015.04.06-22.11.05:258][  0]LogMeshUtilities: No automatic mesh merging module available
[2015.04.06-22.11.05:684][  0]LogInit: WinSock: version 1.1 (2.2), MaxSocks=32767, MaxUdp=65467
[2015.04.06-22.11.05:739][  0]LogSlate:Warning: Failed to load font data from '../../../Engine/Content/Slate/Fonts/Roboto-Italic.ttf'
[2015.04.06-22.11.06:460][  0]UdpMessaging: Initializing bridge on interface 0.0.0.0:0 to multicast group 230.0.0.1:6666.
[2015.04.06-22.11.06:637][  0]SourceControl: Info Source control is disabled
[2015.04.06-22.11.06:638][  0]SourceControl: Info Source control is disabled
[2015.04.06-22.11.06:638][  0]SourceControl: Info Source control is disabled
[2015.04.06-22.11.06:638][  0]LogSourceControl: RunCommandInternalRaw: 'git version'
[2015.04.06-22.11.06:638][  0]LogSourceControl: RunCommandInternalRaw: ExecProcess ReturnCode=2 OutResults=''
[2015.04.06-22.11.06:643][  0]SourceControl: Info Source control is disabled
[2015.04.06-22.11.06:797][  0]LogObj: 24371 objects as part of root set at end of initial load.
[2015.04.06-22.11.06:797][  0]LogUObjectAllocator: 5175440 out of 0 bytes used by permanent object pool.
[2015.04.06-22.11.06:869][  0]LogEngine: Initializing Engine...
[2015.04.06-22.11.09:071][  0]LogInit: XAudio2 using 'Lautsprecher (10- Logitech G430 Gaming Headset)' : 8 channels at 48 kHz using 16 bits per sample (channel mask 0x63f)
[2015.04.06-22.11.09:077][  0]LogInit: FAudioDevice initialized.
[2015.04.06-22.11.09:104][  0]LogAIModule: Creating AISystem for world NewWorld
[2015.04.06-22.11.09:131][  0]LogDerivedDataCache: Saved boot cache 0.03s 40MB ../../../../../../../Github/Ingenuity/IngenuityBasic/DerivedDataCache/Boot.ddc.
[2015.04.06-22.11.09:136][  0]LogInit: Texture streaming: Enabled
[2015.04.06-22.11.09:213][  0]LogAnalytics: Creating configured Analytics provider AnalyticsET
[2015.04.06-22.11.09:213][  0]LogAnalytics: ET APIKey = UnrealEngine.Release. APIServer = http://etsource.epicgames.com/ET2/. AppVersion = 4.7.4-0+++depot+UE4-Releases+4.7
[2015.04.06-22.11.09:213][  0]LogAnalytics: SetUserId c98b79d14844094ad4256e87f54b579a|b11a4e7304504cc2a52d02214ea30f55|55325a2e-fcbf-49b6-ade6-f98150735238
[2015.04.06-22.11.09:213][  0]LogAnalytics: AnalyticsET::StartSession [UnrealEngine.Release]
[2015.04.06-22.11.09:230][  0]LogInit: Transaction tracking system initialized
[2015.04.06-22.11.09:347][  0]BlueprintLog: New page: Editor Load
[2015.04.06-22.11.09:374][  0]LogAssetRegistry: FAssetRegistry took 0.0102 seconds to start up
[2015.04.06-22.11.09:374][  0]LogDirectoryWatcher:Warning: Failed to begin reading directory changes for ../../../Engine/Plugins/Experimental/CharacterAI/Content/. Error: 0
[2015.04.06-22.11.09:852][  0]LogTargetPlatformManager:Display: Building Assets For Windows
[2015.04.06-22.11.10:221][  0]LogTargetPlatformManager:Display: Building Assets For Windows
[2015.04.06-22.11.10:404][  0]LogSlate:Warning: Failed to load font data from '../../../Engine/Content/Editor/Slate/Fonts/Roboto-Regular.ttf'
[2015.04.06-22.11.10:405][  0]LogSlate:Warning: Failed to load font data from '../../../Engine/Content/Editor/Slate/Fonts/Roboto-Bold.ttf'
[2015.04.06-22.11.10:409][  0]LogConsoleResponse:Display: 
[2015.04.06-22.11.10:531][  0]LogCook:Display: Done creating registry. It took  0.00s.
[2015.04.06-22.11.10:630][  0]SourceControl: Info Source control is disabled
[2015.04.06-22.11.22:066][  0]Cmd: MAP LOAD FILE="../../../../../../../Github/Ingenuity/IngenuityBasic/Content/FirstPersonBP/Maps/FirstPersonExampleMap.umap" TEMPLATE=0 SHOWPROGRESS=1 FEATURELEVEL=3
[2015.04.06-22.11.22:066][  0]LightingResults: New page: Lighting Build
[2015.04.06-22.11.22:083][  0]MapCheck: New page: Map Check
[2015.04.06-22.11.22:083][  0]LightingResults: New page: Lighting Build
[2015.04.06-22.11.22:107][  0]LogParticles: Destroying 0 GPU particle simulations for FXSystem 0x000000B1CF2874C0
[2015.04.06-22.11.23:663][  0]LogEditorServer: Finished looking for orphan Actors (0.000 secs)
[2015.04.06-22.11.24:785][  0]LogAIModule: Creating AISystem for world FirstPersonExampleMap
[2015.04.06-22.11.24:786][  0]Cmd: MAP CHECKDEP
[2015.04.06-22.11.24:787][  0]MapCheck: New page: FirstPersonExampleMap - Apr 7, 2015, 2:11:24 AM
[2015.04.06-22.11.24:884][  0]MapCheck: Info Map check complete: 0 Error(s), 0 Warning(s), took 97.097ms to complete.
[2015.04.06-22.11.24:884][  0]LogFileHelpers: Loading map 'FirstPersonExampleMap' took 2.818
[2015.04.06-22.11.25:035][  0]LogStats:Warning: MetaData mismatch. Did you assign a stat to two groups? New //STATGROUP_Threads//SplashScreenThread///Thread_2524_0///////STATCAT_Advanced//// old //STATGROUP_Threads//SplashScreenThread///Thread_28e4_0///////STATCAT_Advanced////
[2015.04.06-22.11.25:035][  0]LogCollectionManager: Loaded 0 collections in 0.001057 seconds
[2015.04.06-22.11.25:045][  0]LogContentBrowser: Native class hierarchy populated in 0.0101 seconds. Added 1701 classes and 262 folders.
[2015.04.06-22.11.25:060][  0]LogContentBrowser:Verbose: The content browser source was changed by the sources view to '/Game'
[2015.04.06-22.11.25:070][  0]LogContentBrowser: Native class hierarchy updated for 'SceneOutliner' in 0.0017 seconds. Added 1 classes and 2 folders.
[2015.04.06-22.11.25:095][  0]LogCrashTracker: Crashtracker disabled due to settings.
[2015.04.06-22.11.25:096][  0]LogSlate:Warning: Failed to load font data from 'Veranda'
[2015.04.06-22.11.25:159][  0]LogUObjectGlobals:Warning: Failed to find object 'Class None.'
[2015.04.06-22.11.25:219][  0]LogLoad: Full Startup: 25.09 seconds (BP compile: 0.59 seconds)
[2015.04.06-22.11.25:445][  0]LogRenderer:Warning: Reallocating scene render targets to support 768x456 (Frame:2).
[2015.04.06-22.11.26:089][  7]LogAssetRegistry: Asset discovery search completed in 16.7260 seconds
[2015.04.06-22.11.34:450][521]LogPlayLevel: PIE:  No blueprints needed recompiling
[2015.04.06-22.11.34:450][521]PIE: New page: PIE session: FirstPersonExampleMap (Apr 7, 2015, 2:11:34 AM)
[2015.04.06-22.11.34:471][521]LogPlayLevel: PIE: StaticDuplicateObject took: (0.019955s)
[2015.04.06-22.11.34:472][521]LogPlayLevel: PIE: World Init took: (0.001439s)
[2015.04.06-22.11.34:473][521]LogPlayLevel: PIE: Created PIE world by copying editor world from /Game/FirstPersonBP/Maps/FirstPersonExampleMap.FirstPersonExampleMap to /Game/FirstPersonBP/Maps/UEDPIE_0_FirstPersonExampleMap.FirstPersonExampleMap (0.021911s)
[2015.04.06-22.11.34:620][521]LogWorld: Game class is 'FirstPersonGameMode_C'
[2015.04.06-22.11.34:624][521]LogAIModule: Creating AISystem for world FirstPersonExampleMap
[2015.04.06-22.11.34:632][521]LogWorld: Bringing World /Game/FirstPersonBP/Maps/UEDPIE_0_FirstPersonExampleMap.FirstPersonExampleMap up for play (max tick rate 0) at 2015.04.07-00.11.34
[2015.04.06-22.11.34:633][521]LogWorld: Bringing up level for play took: 0.007727
[2015.04.06-22.11.34:653][521]PIE: Info Play in editor start time for /Game/FirstPersonBP/Maps/UEDPIE_0_FirstPersonExampleMap -0.785
[2015.04.06-22.11.34:669][521]LogRenderer:Warning: Reallocating scene render targets to support 1296x760 (Frame:68).
[2015.04.06-22.11.39:446][665]LogBlueprintUserMessages: Spawning Actor
[2015.04.06-22.11.39:446][665]LogBlueprintUserMessages: X=383.972 Y=25.080 Z=10.548
[2015.04.06-22.11.39:447][665]LogBlueprintUserMessages: Projectile Stopped
[2015.04.06-22.11.41:601][732]LogActorComponent: UnregisterComponent: (/Engine/Transient.ProjectileMovementComponent_2) Not registered. Aborting.
[2015.04.06-22.11.41:633][732]LogParticles: Destroying 0 GPU particle simulations for FXSystem 0x000000B186CAAAC0
[2015.04.06-22.12.40:697][904]BlueprintLog: New page: Pre-PIE auto-recompile
[2015.04.06-22.12.40:704][904]LogPlayLevel: [PIE] Compiling GrabRecognition before PIE...
[2015.04.06-22.12.40:786][904]LogPlayLevel: PIE:  Blueprint regeneration took 89 ms (1 blueprints)
[2015.04.06-22.12.40:786][904]PIE: New page: PIE session: FirstPersonExampleMap (Apr 7, 2015, 2:12:40 AM)
[2015.04.06-22.12.40:806][904]LogPlayLevel: PIE: StaticDuplicateObject took: (0.019855s)
[2015.04.06-22.12.40:807][904]LogPlayLevel: PIE: World Init took: (0.001073s)
[2015.04.06-22.12.40:807][904]LogPlayLevel: PIE: Created PIE world by copying editor world from /Game/FirstPersonBP/Maps/FirstPersonExampleMap.FirstPersonExampleMap to /Game/FirstPersonBP/Maps/UEDPIE_0_FirstPersonExampleMap.FirstPersonExampleMap (0.021193s)
[2015.04.06-22.12.40:851][904]LogWorld: Game class is 'FirstPersonGameMode_C'
[2015.04.06-22.12.40:853][904]LogAIModule: Creating AISystem for world FirstPersonExampleMap
[2015.04.06-22.12.40:859][904]LogWorld: Bringing World /Game/FirstPersonBP/Maps/UEDPIE_0_FirstPersonExampleMap.FirstPersonExampleMap up for play (max tick rate 0) at 2015.04.07-00.12.40
[2015.04.06-22.12.40:861][904]LogWorld: Bringing up level for play took: 0.008301
[2015.04.06-22.12.40:870][904]PIE: Info Play in editor start time for /Game/FirstPersonBP/Maps/UEDPIE_0_FirstPersonExampleMap -0.567
[2015.04.06-22.12.45:694][ 44]LogBlueprintUserMessages: Spawning Actor
[2015.04.06-22.12.50:704][192]LogBlueprintUserMessages: Spawning Actor
[2015.04.06-22.12.53:656][284]LogParticles: Destroying 0 GPU particle simulations for FXSystem 0x000000B1C75F5BC0
[2015.04.06-22.14.32:699][233]BlueprintLog: New page: Pre-PIE auto-recompile
[2015.04.06-22.14.32:708][233]LogPlayLevel: [PIE] Compiling GrabRecognition before PIE...
[2015.04.06-22.14.32:783][233]LogPlayLevel: PIE:  Blueprint regeneration took 83 ms (1 blueprints)
[2015.04.06-22.14.32:783][233]PIE: New page: PIE session: FirstPersonExampleMap (Apr 7, 2015, 2:14:32 AM)
[2015.04.06-22.14.32:803][233]LogPlayLevel: PIE: StaticDuplicateObject took: (0.019569s)
[2015.04.06-22.14.32:805][233]LogPlayLevel: PIE: World Init took: (0.001440s)
[2015.04.06-22.14.32:805][233]LogPlayLevel: PIE: Created PIE world by copying editor world from /Game/FirstPersonBP/Maps/FirstPersonExampleMap.FirstPersonExampleMap to /Game/FirstPersonBP/Maps/UEDPIE_0_FirstPersonExampleMap.FirstPersonExampleMap (0.021274s)
[2015.04.06-22.14.32:851][233]LogWorld: Game class is 'FirstPersonGameMode_C'
[2015.04.06-22.14.32:854][233]LogAIModule: Creating AISystem for world FirstPersonExampleMap
[2015.04.06-22.14.32:861][233]LogWorld: Bringing World /Game/FirstPersonBP/Maps/UEDPIE_0_FirstPersonExampleMap.FirstPersonExampleMap up for play (max tick rate 0) at 2015.04.07-00.14.32
[2015.04.06-22.14.32:861][233]LogWorld: Bringing up level for play took: 0.007412
[2015.04.06-22.14.32:870][233]PIE: Info Play in editor start time for /Game/FirstPersonBP/Maps/UEDPIE_0_FirstPersonExampleMap -0.567
[2015.04.06-22.14.37:693][368]LogBlueprintUserMessages: Spawning Actor
[2015.04.06-22.14.42:722][517]LogBlueprintUserMessages: Spawning Actor
[2015.04.06-22.14.44:762][575]LogParticles: Destroying 0 GPU particle simulations for FXSystem 0x000000B1C41FB1A0
[2015.04.06-22.15.31:036][207]BlueprintLog: New page: Pre-PIE auto-recompile
[2015.04.06-22.15.31:045][207]LogPlayLevel: [PIE] Compiling GrabRecognition before PIE...
[2015.04.06-22.15.31:129][207]LogPlayLevel: PIE:  Blueprint regeneration took 93 ms (1 blueprints)
[2015.04.06-22.15.31:129][207]PIE: New page: PIE session: FirstPersonExampleMap (Apr 7, 2015, 2:15:31 AM)
[2015.04.06-22.15.31:150][207]LogPlayLevel: PIE: StaticDuplicateObject took: (0.020069s)
[2015.04.06-22.15.31:150][207]LogPlayLevel: PIE: World Init took: (0.000683s)
[2015.04.06-22.15.31:151][207]LogPlayLevel: PIE: Created PIE world by copying editor world from /Game/FirstPersonBP/Maps/FirstPersonExampleMap.FirstPersonExampleMap to /Game/FirstPersonBP/Maps/UEDPIE_0_FirstPersonExampleMap.FirstPersonExampleMap (0.020991s)
[2015.04.06-22.15.31:201][207]LogWorld: Game class is 'FirstPersonGameMode_C'
[2015.04.06-22.15.31:203][207]LogAIModule: Creating AISystem for world FirstPersonExampleMap
[2015.04.06-22.15.31:210][207]LogWorld: Bringing World /Game/FirstPersonBP/Maps/UEDPIE_0_FirstPersonExampleMap.FirstPersonExampleMap up for play (max tick rate 0) at 2015.04.07-00.15.31
[2015.04.06-22.15.31:211][207]LogWorld: Bringing up level for play took: 0.007204
[2015.04.06-22.15.31:228][207]PIE: Info Play in editor start time for /Game/FirstPersonBP/Maps/UEDPIE_0_FirstPersonExampleMap -0.209
[2015.04.06-22.15.36:007][338]LogBlueprintUserMessages: Spawning Actor
[2015.04.06-22.15.41:018][495]LogBlueprintUserMessages: Spawning Actor
[2015.04.06-22.15.45:742][658]LogBlueprintUserMessages: Projectile Stopped
[2015.04.06-22.15.46:020][668]LogBlueprintUserMessages: Spawning Actor
[2015.04.06-22.15.51:031][842]LogBlueprintUserMessages: Spawning Actor
[2015.04.06-22.15.56:068][  5]LogBlueprintUserMessages: Spawning Actor
[2015.04.06-22.16.01:094][156]LogBlueprintUserMessages: Spawning Actor
[2015.04.06-22.16.06:124][311]LogBlueprintUserMessages: Spawning Actor
[2015.04.06-22.16.11:130][470]LogBlueprintUserMessages: Spawning Actor
[2015.04.06-22.16.14:826][585]LogBlueprintUserMessages: Projectile Stopped
[2015.04.06-22.16.16:144][626]LogBlueprintUserMessages: Spawning Actor
[2015.04.06-22.16.17:165][657]LogBlueprintUserMessages: Projectile Stopped
[2015.04.06-22.16.19:067][716]LogBlueprintUserMessages: Projectile Stopped
[2015.04.06-22.16.21:039][774]LogBlueprintUserMessages: Projectile Stopped
[2015.04.06-22.16.21:164][779]LogBlueprintUserMessages: Spawning Actor
[2015.04.06-22.16.23:903][862]LogParticles: Destroying 0 GPU particle simulations for FXSystem 0x000000B1C75F4220
[2015.04.06-22.16.56:955][702]BlueprintLog: New page: Pre-PIE auto-recompile
[2015.04.06-22.16.56:964][702]LogPlayLevel: [PIE] Compiling GrabRecognition before PIE...
[2015.04.06-22.16.57:053][702]LogPlayLevel: PIE:  Blueprint regeneration took 98 ms (1 blueprints)
[2015.04.06-22.16.57:053][702]PIE: New page: PIE session: FirstPersonExampleMap (Apr 7, 2015, 2:16:57 AM)
[2015.04.06-22.16.57:072][702]LogPlayLevel: PIE: StaticDuplicateObject took: (0.018227s)
[2015.04.06-22.16.57:073][702]LogPlayLevel: PIE: World Init took: (0.001094s)
[2015.04.06-22.16.57:073][702]LogPlayLevel: PIE: Created PIE world by copying editor world from /Game/FirstPersonBP/Maps/FirstPersonExampleMap.FirstPersonExampleMap to /Game/FirstPersonBP/Maps/UEDPIE_0_FirstPersonExampleMap.FirstPersonExampleMap (0.019551s)
[2015.04.06-22.16.57:116][702]LogWorld: Game class is 'FirstPersonGameMode_C'
[2015.04.06-22.16.57:118][702]LogAIModule: Creating AISystem for world FirstPersonExampleMap
[2015.04.06-22.16.57:126][702]LogWorld: Bringing World /Game/FirstPersonBP/Maps/UEDPIE_0_FirstPersonExampleMap.FirstPersonExampleMap up for play (max tick rate 0) at 2015.04.07-00.16.57
[2015.04.06-22.16.57:127][702]LogWorld: Bringing up level for play took: 0.008055
[2015.04.06-22.16.57:135][702]PIE: Info Play in editor start time for /Game/FirstPersonBP/Maps/UEDPIE_0_FirstPersonExampleMap -0.302
[2015.04.06-22.17.01:934][832]LogBlueprintUserMessages: Spawning Actor
[2015.04.06-22.17.06:901][981]LogBlueprintUserMessages: Projectile Stopped
[2015.04.06-22.17.06:934][982]LogBlueprintUserMessages: Spawning Actor
[2015.04.06-22.17.11:676][124]LogBlueprintUserMessages: Projectile Stopped
[2015.04.06-22.17.11:963][133]LogBlueprintUserMessages: Spawning Actor
[2015.04.06-22.17.14:550][213]LogBlueprintUserMessages: Projectile Stopped
[2015.04.06-22.17.16:979][296]LogBlueprintUserMessages: Spawning Actor
[2015.04.06-22.17.22:010][454]LogBlueprintUserMessages: Spawning Actor
[2015.04.06-22.17.25:436][567]LogBlueprintUserMessages: Projectile Stopped
[2015.04.06-22.17.26:790][607]LogParticles: Destroying 0 GPU particle simulations for FXSystem 0x000000B1BA80CFE0
[2015.04.06-22.19.23:059][749]BlueprintLog: New page: Pre-PIE auto-recompile
[2015.04.06-22.19.23:071][749]LogPlayLevel: [PIE] Compiling GrabRecognition before PIE...
[2015.04.06-22.19.23:152][749]LogPlayLevel: PIE:  Blueprint regeneration took 93 ms (1 blueprints)
[2015.04.06-22.19.23:153][749]PIE: New page: PIE session: FirstPersonExampleMap (Apr 7, 2015, 2:19:23 AM)
[2015.04.06-22.19.23:172][749]LogPlayLevel: PIE: StaticDuplicateObject took: (0.018574s)
[2015.04.06-22.19.23:173][749]LogPlayLevel: PIE: World Init took: (0.001404s)
[2015.04.06-22.19.23:173][749]LogPlayLevel: PIE: Created PIE world by copying editor world from /Game/FirstPersonBP/Maps/FirstPersonExampleMap.FirstPersonExampleMap to /Game/FirstPersonBP/Maps/UEDPIE_0_FirstPersonExampleMap.FirstPersonExampleMap (0.020231s)
[2015.04.06-22.19.23:220][749]LogWorld: Game class is 'FirstPersonGameMode_C'
[2015.04.06-22.19.23:222][749]LogAIModule: Creating AISystem for world FirstPersonExampleMap
[2015.04.06-22.19.23:230][749]LogWorld: Bringing World /Game/FirstPersonBP/Maps/UEDPIE_0_FirstPersonExampleMap.FirstPersonExampleMap up for play (max tick rate 0) at 2015.04.07-00.19.23
[2015.04.06-22.19.23:231][749]LogWorld: Bringing up level for play took: 0.008600
[2015.04.06-22.19.23:240][749]PIE: Info Play in editor start time for /Game/FirstPersonBP/Maps/UEDPIE_0_FirstPersonExampleMap -0.198
[2015.04.06-22.19.28:060][889]LogBlueprintUserMessages: Spawning Actor
[2015.04.06-22.19.28:061][889]LogBlueprintUserMessages: Projectile Stopped
[2015.04.06-22.19.33:083][ 43]LogBlueprintUserMessages: Spawning Actor
[2015.04.06-22.19.33:084][ 43]LogBlueprintUserMessages: Projectile Stopped
[2015.04.06-22.19.34:340][ 80]LogParticles: Destroying 0 GPU particle simulations for FXSystem 0x000000B1BACE3EC0
[2015.04.06-22.19.40:590][545]BlueprintLog: New page: Pre-PIE auto-recompile
[2015.04.06-22.19.40:600][545]LogPlayLevel: [PIE] Compiling GrabRecognition before PIE...
[2015.04.06-22.19.40:688][545]LogPlayLevel: PIE:  Blueprint regeneration took 97 ms (1 blueprints)
[2015.04.06-22.19.40:688][545]PIE: New page: PIE session: FirstPersonExampleMap (Apr 7, 2015, 2:19:40 AM)
[2015.04.06-22.19.40:711][545]LogPlayLevel: PIE: StaticDuplicateObject took: (0.022692s)
[2015.04.06-22.19.40:712][545]LogPlayLevel: PIE: World Init took: (0.001151s)
[2015.04.06-22.19.40:713][545]LogPlayLevel: PIE: Created PIE world by copying editor world from /Game/FirstPersonBP/Maps/FirstPersonExampleMap.FirstPersonExampleMap to /Game/FirstPersonBP/Maps/UEDPIE_0_FirstPersonExampleMap.FirstPersonExampleMap (0.024396s)
[2015.04.06-22.19.40:760][545]LogWorld: Game class is 'FirstPersonGameMode_C'
[2015.04.06-22.19.40:762][545]LogAIModule: Creating AISystem for world FirstPersonExampleMap
[2015.04.06-22.19.40:771][545]LogWorld: Bringing World /Game/FirstPersonBP/Maps/UEDPIE_0_FirstPersonExampleMap.FirstPersonExampleMap up for play (max tick rate 0) at 2015.04.07-00.19.40
[2015.04.06-22.19.40:772][545]LogWorld: Bringing up level for play took: 0.008736
[2015.04.06-22.19.40:785][545]PIE: Info Play in editor start time for /Game/FirstPersonBP/Maps/UEDPIE_0_FirstPersonExampleMap -0.652
[2015.04.06-22.19.45:572][684]LogBlueprintUserMessages: Spawning Actor
[2015.04.06-22.19.50:574][830]LogBlueprintUserMessages: Spawning Actor
[2015.04.06-22.19.52:657][891]LogBlueprintUserMessages: Projectile Stopped
[2015.04.06-22.19.55:583][980]LogBlueprintUserMessages: Spawning Actor
[2015.04.06-22.19.57:454][ 36]LogBlueprintUserMessages: Projectile Stopped
[2015.04.06-22.19.57:896][ 50]LogBlueprintUserMessages: Projectile Stopped
[2015.04.06-22.20.00:613][134]LogBlueprintUserMessages: Spawning Actor
[2015.04.06-22.20.04:445][252]LogBlueprintUserMessages: Projectile Stopped
[2015.04.06-22.20.05:630][289]LogBlueprintUserMessages: Spawning Actor
[2015.04.06-22.20.09:599][408]LogBlueprintUserMessages: Projectile Stopped
[2015.04.06-22.20.10:652][443]LogBlueprintUserMessages: Spawning Actor
[2015.04.06-22.20.10:715][445]LogBlueprintUserMessages: Projectile Stopped
[2015.04.06-22.20.15:655][602]LogBlueprintUserMessages: Spawning Actor
[2015.04.06-22.20.18:106][675]LogBlueprintUserMessages: Projectile Stopped
[2015.04.06-22.20.20:668][752]LogBlueprintUserMessages: Spawning Actor
[2015.04.06-22.20.21:471][776]LogBlueprintUserMessages: Projectile Stopped
[2015.04.06-22.20.22:348][800]LogParticles: Destroying 0 GPU particle simulations for FXSystem 0x000000B1C16C1DA0
[2015.04.06-22.20.44:388][230]BlueprintLog: New page: Pre-PIE auto-recompile
[2015.04.06-22.20.44:389][230]LogActorComponent: UnregisterComponent: (/Engine/Transient.ProjectileMovementComponent_2) Not registered. Aborting.
[2015.04.06-22.20.44:395][230]LogPlayLevel: [PIE] Compiling Projectile before PIE...
[2015.04.06-22.20.44:457][230]LogPlayLevel: [PIE] Compiling GrabRecognition before PIE...
[2015.04.06-22.20.44:540][230]LogPlayLevel: PIE:  Blueprint regeneration took 151 ms (2 blueprints)
[2015.04.06-22.20.44:540][230]PIE: New page: PIE session: FirstPersonExampleMap (Apr 7, 2015, 2:20:44 AM)
[2015.04.06-22.20.44:561][230]LogPlayLevel: PIE: StaticDuplicateObject took: (0.020748s)
[2015.04.06-22.20.44:563][230]LogPlayLevel: PIE: World Init took: (0.001364s)
[2015.04.06-22.20.44:563][230]LogPlayLevel: PIE: Created PIE world by copying editor world from /Game/FirstPersonBP/Maps/FirstPersonExampleMap.FirstPersonExampleMap to /Game/FirstPersonBP/Maps/UEDPIE_0_FirstPersonExampleMap.FirstPersonExampleMap (0.022511s)
[2015.04.06-22.20.44:627][230]LogWorld: Game class is 'FirstPersonGameMode_C'
[2015.04.06-22.20.44:630][230]LogAIModule: Creating AISystem for world FirstPersonExampleMap
[2015.04.06-22.20.44:637][230]LogWorld: Bringing World /Game/FirstPersonBP/Maps/UEDPIE_0_FirstPersonExampleMap.FirstPersonExampleMap up for play (max tick rate 0) at 2015.04.07-00.20.44
[2015.04.06-22.20.44:637][230]LogWorld: Bringing up level for play took: 0.