Log file open, 04/06/15 18:01:38
LogInit:Display: Running engine for game: IngenuityBasic
LogInit: Version: 4.7.4-0+++depot+UE4-Releases+4.7
LogInit: API Version: 0
LogInit: Compiled (64-bit): Mar 25 2015 02:32:27
LogInit: Compiled with Visual C++: 18.00.31101.00
LogInit: Build Configuration: Development
LogInit: Branch Name: ++depot+UE4-Releases+4.7
LogInit: Command line: 
LogInit: Base directory: D:/UE4/source code/UnrealEngine-4.7/UnrealEngine-4.7/Engine/Binaries/Win64/
LogInit: Rocket: 0
[2015.04.06-16.01.38:442][  0]LogTaskGraph: Started task graph with 3 named threads and 6 total threads.
[2015.04.06-16.01.38:504][  0]LogOnline:Warning: No default platform service specified for OnlineSubsystem
[2015.04.06-16.01.38:522][  0]LogInit: Presizing for 0 objects not considered by GC, pre-allocating 0 bytes.
[2015.04.06-16.01.38:532][  0]LogInit: Object subsystem initialized
[2015.04.06-16.01.38:534][  0]LogConsoleResponse:Warning: Skipping Unknown console variable: 'TranslucentSortAxis = (X=0.000000,Y=-1.000000,Z=0.000000)'
[2015.04.06-16.01.38:534][  0]LogConsoleResponse:Warning:   Found in ini file 'D:/Github/Ingenuity/IngenuityBasic/Saved/Config/Windows/Engine.ini', in section '[/Script/Engine.RendererSettings]'
[2015.04.06-16.01.38:534][  0]LogConsoleResponse:Warning: Skipping Unknown console variable: 'UIScaleRule = ShortestSide'
[2015.04.06-16.01.38:534][  0]LogConsoleResponse:Warning:   Found in ini file 'D:/Github/Ingenuity/IngenuityBasic/Saved/Config/Windows/Engine.ini', in section '[/Script/Engine.RendererSettings]'
[2015.04.06-16.01.38:534][  0]LogConsoleResponse:Warning: Skipping Unknown console variable: 'UIScaleCurve = (EditorCurveData=(Keys=),ExternalCurve=None)'
[2015.04.06-16.01.38:534][  0]LogConsoleResponse:Warning:   Found in ini file 'D:/Github/Ingenuity/IngenuityBasic/Saved/Config/Windows/Engine.ini', in section '[/Script/Engine.RendererSettings]'
[2015.04.06-16.01.38:534][  0]LogInit: Selected Device Profile: [Windows]
[2015.04.06-16.01.38:534][  0]LogInit: Applying CVar settings loaded from the selected device profile: [Windows]
[2015.04.06-16.01.38:541][  0]LogInit: Computer: TAZDINGO
[2015.04.06-16.01.38:542][  0]LogInit: User: VolJin
[2015.04.06-16.01.38:542][  0]LogInit: CPU Page size=4096, Cores=4
[2015.04.06-16.01.38:542][  0]LogInit: High frequency timer resolution =2.143486 MHz
[2015.04.06-16.01.38:542][  0]LogMemory: Memory total: Physical=7.9GB (8GB approx) Virtual=131072.0GB
[2015.04.06-16.01.38:542][  0]LogMemory: Platform Memory Stats for Windows
[2015.04.06-16.01.38:542][  0]LogMemory: Process Physical Memory: 45.64 MB used, 45.64 MB peak
[2015.04.06-16.01.38:542][  0]LogMemory: Process Virtual Memory: 22.43 MB used, 22.44 MB peak
[2015.04.06-16.01.38:542][  0]LogMemory: Physical Memory: 4261.30 MB used, 8108.79 MB total
[2015.04.06-16.01.38:542][  0]LogMemory: Virtual Memory: 288.31 MB used, 134217728.00 MB total
[2015.04.06-16.01.38:578][  0]LogD3D11RHI: Found D3D11 adapter 0: Intel(R) HD Graphics 4600 (Feature Level 11_0)
[2015.04.06-16.01.38:578][  0]LogD3D11RHI: Adapter has 0MB of dedicated video memory, 0MB of dedicated system memory, and 1792MB of shared system memory, 2 output[s]
[2015.04.06-16.01.38:594][  0]LogD3D11RHI: Found D3D11 adapter 1: NVIDIA GeForce GTX 760M (Feature Level 11_0)
[2015.04.06-16.01.38:594][  0]LogD3D11RHI: Adapter has 1988MB of dedicated video memory, 0MB of dedicated system memory, and 2048MB of shared system memory, 0 output[s]
[2015.04.06-16.01.38:595][  0]LogD3D11RHI: Found D3D11 adapter 2: Microsoft Basic Render Driver (Feature Level 11_0)
[2015.04.06-16.01.38:595][  0]LogD3D11RHI: Adapter has 0MB of dedicated video memory, 0MB of dedicated system memory, and 256MB of shared system memory, 0 output[s]
[2015.04.06-16.01.38:595][  0]LogD3D11RHI: Chosen D3D11 Adapter Id = 0
[2015.04.06-16.01.38:599][  0]LogRHI: Texture pool is 1361 MB (70% of 1945 MB)
[2015.04.06-16.01.38:614][  0]LogD3D11RHI: Async texture creation enabled
[2015.04.06-16.01.38:678][  0]LogTextLocalizationManager: The requested culture ('de_DE') has no localization data; falling back to 'en' for localization and internationalization data.
[2015.04.06-16.01.38:768][  0]LogTextLocalizationManager:Warning: Loading localization resources contain conflicting entries for (Namespace:UICommands, Key:Save_ToolTip):
Resource: (D:/UE4/source code/UnrealEngine-4.7/UnrealEngine-4.7/Engine/Content/Localization/Editor/en/Editor.locres) Hash: (-29098895) String: (Saves the current level to disk)
Resource: (D:/UE4/source code/UnrealEngine-4.7/UnrealEngine-4.7/Engine/Content/Localization/Engine/en/Engine.locres) Hash: (-1280300587) String: (Save selected data to vlog file)
[2015.04.06-16.01.38:768][  0]LogTextLocalizationManager:Warning: Loading localization resources contain conflicting entries for (Namespace:ContentBrowser, Key:ImportAssetToolTip):
Resource: (D:/UE4/source code/UnrealEngine-4.7/UnrealEngine-4.7/Engine/Content/Localization/Editor/en/Editor.locres) Hash: (-630476809) String: (Import to {0}...)
Resource: (D:/UE4/source code/UnrealEngine-4.7/UnrealEngine-4.7/Engine/Content/Localization/Editor/en/Editor.locres) Hash: (1271782899) String: (Imports an asset from file to this folder.)
[2015.04.06-16.01.38:863][  0]LogContentStreaming: Texture pool size is 0.000000MB
[2015.04.06-16.01.41:336][  0]LogTargetPlatformManager:Display: Building Assets For Windows
[2015.04.06-16.01.41:765][  0]LogTargetPlatformManager:Display: Building Assets For Windows
[2015.04.06-16.01.41:810][  0]LogDerivedDataCache:Display: Max Cache Size: 512 MB
[2015.04.06-16.01.41:860][  0]LogDerivedDataCache: Loaded boot cache 0.05s 40MB ../../../../../../../Github/Ingenuity/IngenuityBasic/DerivedDataCache/Boot.ddc.
[2015.04.06-16.01.41:860][  0]LogDerivedDataCache:Display: Loaded Boot cache: ../../../../../../../Github/Ingenuity/IngenuityBasic/DerivedDataCache/Boot.ddc
[2015.04.06-16.01.41:860][  0]LogDerivedDataCache: FDerivedDataBackendGraph:  Pak pak cache file ../../../../../../../Github/Ingenuity/IngenuityBasic/DerivedDataCache/DDC.ddp not found, will not use a pak cache.
[2015.04.06-16.01.41:860][  0]LogDerivedDataCache: Unable to find inner node Pak for hierarchical cache Hierarchy.
[2015.04.06-16.01.41:860][  0]LogDerivedDataCache: FDerivedDataBackendGraph:  EnginePak pak cache file ../../../Engine/DerivedDataCache/DDC.ddp not found, will not use a pak cache.
[2015.04.06-16.01.41:860][  0]LogDerivedDataCache: Unable to find inner node EnginePak for hierarchical cache Hierarchy.
[2015.04.06-16.01.41:873][  0]LogDerivedDataCache: Using Local data cache path ../../../Engine/DerivedDataCache: Writable
[2015.04.06-16.01.41:873][  0]LogDerivedDataCache: Shared data cache path not found in *engine.ini, will not use an Shared cache.
[2015.04.06-16.01.41:873][  0]LogDerivedDataCache: Unable to find inner node Shared for hierarchical cache Hierarchy.
[2015.04.06-16.01.42:125][  0]LogMeshUtilities: No automatic mesh reduction module available
[2015.04.06-16.01.42:125][  0]LogMeshUtilities: No automatic mesh merging module available
[2015.04.06-16.01.42:547][  0]LogInit: WinSock: version 1.1 (2.2), MaxSocks=32767, MaxUdp=65467
[2015.04.06-16.01.42:620][  0]LogSlate:Warning: Failed to load font data from '../../../Engine/Content/Slate/Fonts/Roboto-Italic.ttf'
[2015.04.06-16.01.43:483][  0]UdpMessaging: Initializing bridge on interface 0.0.0.0:0 to multicast group 230.0.0.1:6666.
[2015.04.06-16.01.43:652][  0]SourceControl: Info Source control is disabled
[2015.04.06-16.01.43:652][  0]SourceControl: Info Source control is disabled
[2015.04.06-16.01.43:652][  0]SourceControl: Info Source control is disabled
[2015.04.06-16.01.43:652][  0]LogSourceControl: RunCommandInternalRaw: 'git version'
[2015.04.06-16.01.43:652][  0]LogSourceControl: RunCommandInternalRaw: ExecProcess ReturnCode=2 OutResults=''
[2015.04.06-16.01.43:659][  0]SourceControl: Info Source control is disabled
[2015.04.06-16.01.43:832][  0]LogObj: 24371 objects as part of root set at end of initial load.
[2015.04.06-16.01.43:832][  0]LogUObjectAllocator: 5175440 out of 0 bytes used by permanent object pool.
[2015.04.06-16.01.43:910][  0]LogEngine: Initializing Engine...
[2015.04.06-16.01.46:100][  0]LogInit: XAudio2 using 'Lautsprecher (9- Logitech G430 Gaming Headset)' : 8 channels at 48 kHz using 16 bits per sample (channel mask 0x63f)
[2015.04.06-16.01.46:114][  0]LogInit: FAudioDevice initialized.
[2015.04.06-16.01.46:143][  0]LogAIModule: Creating AISystem for world NewWorld
[2015.04.06-16.01.46:181][  0]LogDerivedDataCache: Saved boot cache 0.04s 40MB ../../../../../../../Github/Ingenuity/IngenuityBasic/DerivedDataCache/Boot.ddc.
[2015.04.06-16.01.46:187][  0]LogInit: Texture streaming: Enabled
[2015.04.06-16.01.46:273][  0]LogAnalytics: Creating configured Analytics provider AnalyticsET
[2015.04.06-16.01.46:273][  0]LogAnalytics: ET APIKey = UnrealEngine.Release. APIServer = http://etsource.epicgames.com/ET2/. AppVersion = 4.7.4-0+++depot+UE4-Releases+4.7
[2015.04.06-16.01.46:273][  0]LogAnalytics: SetUserId c98b79d14844094ad4256e87f54b579a|b11a4e7304504cc2a52d02214ea30f55|55325a2e-fcbf-49b6-ade6-f98150735238
[2015.04.06-16.01.46:273][  0]LogAnalytics: AnalyticsET::StartSession [UnrealEngine.Release]
[2015.04.06-16.01.46:293][  0]LogInit: Transaction tracking system initialized
[2015.04.06-16.01.46:418][  0]BlueprintLog: New page: Editor Load
[2015.04.06-16.01.46:446][  0]LogAssetRegistry: FAssetRegistry took 0.0111 seconds to start up
[2015.04.06-16.01.46:446][  0]LogDirectoryWatcher:Warning: Failed to begin reading directory changes for ../../../Engine/Plugins/Experimental/CharacterAI/Content/. Error: 0
[2015.04.06-16.01.46:935][  0]LogTargetPlatformManager:Display: Building Assets For Windows
[2015.04.06-16.01.47:323][  0]LogTargetPlatformManager:Display: Building Assets For Windows
[2015.04.06-16.01.47:534][  0]LogSlate:Warning: Failed to load font data from '../../../Engine/Content/Editor/Slate/Fonts/Roboto-Regular.ttf'
[2015.04.06-16.01.47:535][  0]LogSlate:Warning: Failed to load font data from '../../../Engine/Content/Editor/Slate/Fonts/Roboto-Bold.ttf'
[2015.04.06-16.01.47:539][  0]LogConsoleResponse:Display: 
[2015.04.06-16.01.47:710][  0]LogCook:Display: Done creating registry. It took  0.00s.
[2015.04.06-16.01.47:831][  0]SourceControl: Info Source control is disabled
[2015.04.06-16.01.47:831][  0]Cmd: MAP LOAD FILE="../../../../../../../Github/Ingenuity/IngenuityBasic/Content/FirstPersonBP/Maps/FirstPersonExampleMap.umap" TEMPLATE=0 SHOWPROGRESS=1 FEATURELEVEL=3
[2015.04.06-16.01.47:832][  0]LightingResults: New page: Lighting Build
[2015.04.06-16.01.47:856][  0]MapCheck: New page: Map Check
[2015.04.06-16.01.47:856][  0]LightingResults: New page: Lighting Build
[2015.04.06-16.01.47:887][  0]LogParticles: Destroying 0 GPU particle simulations for FXSystem 0x000000431E2AB4C0
[2015.04.06-16.01.49:529][  0]LogEditorServer: Finished looking for orphan Actors (0.000 secs)
[2015.04.06-16.01.51:293][  0]LogAIModule: Creating AISystem for world FirstPersonExampleMap
[2015.04.06-16.01.51:294][  0]Cmd: MAP CHECKDEP
[2015.04.06-16.01.51:294][  0]MapCheck: New page: FirstPersonExampleMap - Apr 6, 2015, 8:01:51 PM
[2015.04.06-16.01.51:392][  0]MapCheck: Info Map check complete: 0 Error(s), 0 Warning(s), took 98.023ms to complete.
[2015.04.06-16.01.51:392][  0]LogFileHelpers: Loading map 'FirstPersonExampleMap' took 3.561
[2015.04.06-16.01.51:597][  0]LogCollectionManager: Loaded 0 collections in 0.000804 seconds
[2015.04.06-16.01.51:606][  0]LogContentBrowser: Native class hierarchy populated in 0.0091 seconds. Added 1701 classes and 262 folders.
[2015.04.06-16.01.51:626][  0]LogContentBrowser:Verbose: The content browser source was changed by the sources view to '/Game'
[2015.04.06-16.01.51:643][  0]LogContentBrowser: Native class hierarchy updated for 'SceneOutliner' in 0.0039 seconds. Added 1 classes and 2 folders.
[2015.04.06-16.01.51:676][  0]LogCrashTracker: Crashtracker disabled due to settings.
[2015.04.06-16.01.51:678][  0]LogSlate:Warning: Failed to load font data from 'Veranda'
[2015.04.06-16.01.51:687][  0]LogUObjectGlobals:Warning: Failed to find object 'Class None.'